\set ECHO none
SET datestyle = ISO;
SET timezone = 'UTC';
CREATE EXTENSION pgspider_core_fdw;
CREATE SERVER pgspider_core_svr FOREIGN DATA WRAPPER pgspider_core_fdw;
CREATE USER MAPPING FOR CURRENT_USER SERVER pgspider_core_svr;
CREATE EXTENSION griddb_fdw;
CREATE FOREIGN TABLE tbl01 (c1 text, c2 text, c3 text, c4 int, c5 real, c6 smallint, c7 text, c8 bigint, c9 double precision, c10 smallint, c11 timestamp, __spd_url text) SERVER pgspider_core_svr;
CREATE SERVER griddb_svr FOREIGN DATA WRAPPER griddb_fdw OPTIONS (host :GRIDDB_HOST, port :GRIDDB_PORT, clustername 'griddbfdwTestCluster');
CREATE USER MAPPING FOR CURRENT_USER SERVER griddb_svr OPTIONS (username :GRIDDB_USER, password :GRIDDB_PASS);
CREATE FOREIGN TABLE tbl01__griddb_svr__0 (c1 text, c2 text, c3 text, c4 int, c5 real, c6 smallint, c7 text, c8 bigint, c9 double precision, c10 smallint, c11 timestamp) SERVER griddb_svr OPTIONS (table_name 'tbl01');
\i sql/limit/limit_orderby.sql
--LIMIT/OFFSET
--LIMIT/OFFSET 1
--Testcase 1:
EXPLAIN VERBOSE SELECT * FROM tbl01 WHERE __spd_url <> '/pgspider/sqlite_svr' LIMIT NULL;
                               QUERY PLAN                                
-------------------------------------------------------------------------
 Foreign Scan on public.tbl01  (cost=100.00..212.39 rows=3413 width=196)
   Output: c1, c2, c3, c4, c5, c6, c7, c8, c9, c10, c11, __spd_url
   Filter: (tbl01.__spd_url <> '/pgspider/sqlite_svr'::text)
   Node: griddb_svr / Status: Alive
     Remote SQL: SELECT  *  FROM tbl01
(5 rows)

--Testcase 2:
SELECT * FROM tbl01 WHERE __spd_url <> '/pgspider/sqlite_svr' LIMIT NULL;
     c1     |     c2     |                  c3                   |   c4   |      c5       | c6 |                  c7                  |      c8       |     c9     | c10 |           c11           |  __spd_url   
------------+------------+---------------------------------------+--------+---------------+----+--------------------------------------+---------------+------------+-----+-------------------------+--------------
 ăâđêôơưdêđ | êdờenờíìờẹ | Thequickbrownfoxjumpsoverthelazydog   |  16767 |         22.15 | 12 | 友達と会うので遅刻した 鍋 сковорода  | 1579222800000 | -1.79e+108 | 212 | 1970-01-01 00:00:01.97  | /griddb_svr/
 84udycgsva | brownfo    | 敷ヘカウ告政ヨハツヤ消70者32精楽ざ    |  54545 |     -545.6456 |  6 | กระทะ Cái chảo                       |   54185454214 |    -1e+108 |  45 | 1970-01-01 00:00:09.999 | /griddb_svr/
 tyuiyytw   | QyhsgER    | べ員葉コ番告7次ノヌ従援かやじり図安ヨ |   9956 |             0 |  0 | ABCDEFGHIJ                           |        564515 |     55.215 | 454 | 1970-01-01 00:00:02.018 | /griddb_svr/
 友達と会   | oiuytrewqa | กขฃคฅฆงจฉชซฌญฎฏฐฑฒณดตถทธนบปผภฮ        |  -2333 |      545.5454 | -2 | ff333df6-90a4-4fda-8dd3-9485d28cee36 |       5458456 | -1.79e+108 |   4 | 1970-01-01 00:00:02.019 | /griddb_svr/
 !@#$%      | 7次ノヌ    | In Bulgarian it is desirable          |   7563 |      2362.323 | 54 | abcd,EFGH,友達と会                   |        203164 | -1.79e+108 |   6 | 1970-01-01 00:00:02.018 | /griddb_svr/
 IKLM       | กขฃคฅ      | And to some extent the rendition      |  34534 |      -985.455 | 12 | 1,1,1,1,1                            |             0 |    54.6565 |   4 | 1970-01-01 00:00:02.02  | /griddb_svr/
 บปผภ       | 援かや     | Canada Denmark Turkey Yemen Tokyo     | 167646 |        75.215 | 45 | 7次ノヌ,ノヌ従,援かや                |        -51989 | 987935.565 |  45 | 1970-01-01 00:00:02.021 | /griddb_svr/
 32精楽     | красивый   | Ông là nhà văn hiện thực thế kỷ 20    |      0 |             0 |  7 | 4f333df6-90a4-4fda-8dd3-9485d27ceea6 |          3453 |  5465.6526 | 786 | 1970-01-01 00:00:02.022 | /griddb_svr/
 IJKLMNOP   | InBulgaria | живетезелоземляиижеикаколюди          |   3453 | 5.4505455e+06 |  0 | polkiuytxp,^&*()_+=,kwikdikwik       |            34 |          0 |  76 | 1970-01-01 00:00:02.023 | /griddb_svr/
 IrelandIRN | `~!@#$%^   | 豆贝尔维克斯艾勒艾弗诶比迪吉吾艾儿    |  35345 |         22.15 | 12 | กขฃคฅฆงจฉชซฌญฎฏฐฑฒณดตถทธนบปผภฮ       |        232323 |   45656.65 | 786 | 1970-01-01 00:00:01.97  | /griddb_svr/
(10 rows)

--Testcase 3:
EXPLAIN VERBOSE SELECT c1, c2, c3, c4, c5, c6, c7, c8 FROM tbl01 WHERE __spd_url like '%svr_' LIMIT 0;
                                  QUERY PLAN                                   
-------------------------------------------------------------------------------
 Limit  (cost=100.00..100.03 rows=1 width=146)
   Output: c1, c2, c3, c4, c5, c6, c7, c8
   ->  Foreign Scan on public.tbl01  (cost=100.00..212.39 rows=3413 width=146)
         Output: c1, c2, c3, c4, c5, c6, c7, c8
         Filter: (tbl01.__spd_url ~~ '%svr_'::text)
         Node: griddb_svr / Status: Alive
           Limit push-down: no
           Remote SQL: SELECT  *  FROM tbl01
(8 rows)

--Testcase 4:
SELECT c1, c2, c3, c4, c5, c6, c7, c8 FROM tbl01 WHERE __spd_url like '%svr_' LIMIT 0;
 c1 | c2 | c3 | c4 | c5 | c6 | c7 | c8 
----+----+----+----+----+----+----+----
(0 rows)

--Testcase 5:
EXPLAIN VERBOSE SELECT c1, c2, c3 || c7, c4-c5, c6*c10+c8-c9, c11 FROM tbl01 WHERE __spd_url != '$' LIMIT ALL;
                                                   QUERY PLAN                                                   
----------------------------------------------------------------------------------------------------------------
 Foreign Scan on public.tbl01  (cost=100.00..272.12 rows=3413 width=120)
   Output: c1, c2, (c3 || c7), ((c4)::double precision - c5), ((((c6 * c10) + c8))::double precision - c9), c11
   Filter: (tbl01.__spd_url <> '$'::text)
   Node: griddb_svr / Status: Alive
     Remote SQL: SELECT  *  FROM tbl01
(5 rows)

--Testcase 6:
SELECT c1, c2, c3 || c7, c4-c5, c6*c10+c8-c9, c11 FROM tbl01 WHERE __spd_url != '$' LIMIT ALL;
     c1     |     c2     |                                ?column?                                |      ?column?      |      ?column?      |           c11           
------------+------------+------------------------------------------------------------------------+--------------------+--------------------+-------------------------
 ăâđêôơưdêđ | êdờenờíìờẹ | Thequickbrownfoxjumpsoverthelazydog友達と会うので遅刻した 鍋 сковорода |  16744.85000038147 |          1.79e+108 | 1970-01-01 00:00:01.97
 84udycgsva | brownfo    | 敷ヘカウ告政ヨハツヤ消70者32精楽ざกระทะ Cái chảo                       |  55090.64562988281 |             1e+108 | 1970-01-01 00:00:09.999
 tyuiyytw   | QyhsgER    | べ員葉コ番告7次ノヌ従援かやじり図安ヨABCDEFGHIJ                        |               9956 |         564459.785 | 1970-01-01 00:00:02.018
 友達と会   | oiuytrewqa | กขฃคฅฆงจฉชซฌญฎฏฐฑฒณดตถทธนบปผภฮff333df6-90a4-4fda-8dd3-9485d28cee36     |  -2878.54541015625 |          1.79e+108 | 1970-01-01 00:00:02.019
 !@#$%      | 7次ノヌ    | In Bulgarian it is desirableabcd,EFGH,友達と会                         |  5200.677001953125 |          1.79e+108 | 1970-01-01 00:00:02.018
 IKLM       | กขฃคฅ      | And to some extent the rendition1,1,1,1,1                              | 35519.455017089844 | -6.656500000000001 | 1970-01-01 00:00:02.02
 บปผภ       | 援かや     | Canada Denmark Turkey Yemen Tokyo7次ノヌ,ノヌ従,援かや                 |  167570.7850036621 |       -1037899.565 | 1970-01-01 00:00:02.021
 32精楽     | красивый   | Ông là nhà văn hiện thực thế kỷ 204f333df6-90a4-4fda-8dd3-9485d27ceea6 |                  0 | 3489.3473999999997 | 1970-01-01 00:00:02.022
 IJKLMNOP   | InBulgaria | живетезелоземляиижеикаколюдиpolkiuytxp,^&*()_+=,kwikdikwik             |         -5447092.5 |                 34 | 1970-01-01 00:00:02.023
 IrelandIRN | `~!@#$%^   | 豆贝尔维克斯艾勒艾弗诶比迪吉吾艾儿กขฃคฅฆงจฉชซฌญฎฏฐฑฒณดตถทธนบปผภฮ       |  35322.85000038147 |          196098.35 | 1970-01-01 00:00:01.97
(10 rows)

--LIMIT/OFFSET 2
--Testcase 7:
EXPLAIN VERBOSE SELECT * FROM tbl01 WHERE __spd_url <> '/pgspider' OFFSET NULL;
                               QUERY PLAN                                
-------------------------------------------------------------------------
 Foreign Scan on public.tbl01  (cost=100.00..212.39 rows=3413 width=196)
   Output: c1, c2, c3, c4, c5, c6, c7, c8, c9, c10, c11, __spd_url
   Filter: (tbl01.__spd_url <> '/pgspider'::text)
   Node: griddb_svr / Status: Alive
     Remote SQL: SELECT  *  FROM tbl01
(5 rows)

--Testcase 8:
SELECT * FROM tbl01 WHERE __spd_url <> '/pgspider' OFFSET NULL;
     c1     |     c2     |                  c3                   |   c4   |      c5       | c6 |                  c7                  |      c8       |     c9     | c10 |           c11           |  __spd_url   
------------+------------+---------------------------------------+--------+---------------+----+--------------------------------------+---------------+------------+-----+-------------------------+--------------
 ăâđêôơưdêđ | êdờenờíìờẹ | Thequickbrownfoxjumpsoverthelazydog   |  16767 |         22.15 | 12 | 友達と会うので遅刻した 鍋 сковорода  | 1579222800000 | -1.79e+108 | 212 | 1970-01-01 00:00:01.97  | /griddb_svr/
 84udycgsva | brownfo    | 敷ヘカウ告政ヨハツヤ消70者32精楽ざ    |  54545 |     -545.6456 |  6 | กระทะ Cái chảo                       |   54185454214 |    -1e+108 |  45 | 1970-01-01 00:00:09.999 | /griddb_svr/
 tyuiyytw   | QyhsgER    | べ員葉コ番告7次ノヌ従援かやじり図安ヨ |   9956 |             0 |  0 | ABCDEFGHIJ                           |        564515 |     55.215 | 454 | 1970-01-01 00:00:02.018 | /griddb_svr/
 友達と会   | oiuytrewqa | กขฃคฅฆงจฉชซฌญฎฏฐฑฒณดตถทธนบปผภฮ        |  -2333 |      545.5454 | -2 | ff333df6-90a4-4fda-8dd3-9485d28cee36 |       5458456 | -1.79e+108 |   4 | 1970-01-01 00:00:02.019 | /griddb_svr/
 !@#$%      | 7次ノヌ    | In Bulgarian it is desirable          |   7563 |      2362.323 | 54 | abcd,EFGH,友達と会                   |        203164 | -1.79e+108 |   6 | 1970-01-01 00:00:02.018 | /griddb_svr/
 IKLM       | กขฃคฅ      | And to some extent the rendition      |  34534 |      -985.455 | 12 | 1,1,1,1,1                            |             0 |    54.6565 |   4 | 1970-01-01 00:00:02.02  | /griddb_svr/
 บปผภ       | 援かや     | Canada Denmark Turkey Yemen Tokyo     | 167646 |        75.215 | 45 | 7次ノヌ,ノヌ従,援かや                |        -51989 | 987935.565 |  45 | 1970-01-01 00:00:02.021 | /griddb_svr/
 32精楽     | красивый   | Ông là nhà văn hiện thực thế kỷ 20    |      0 |             0 |  7 | 4f333df6-90a4-4fda-8dd3-9485d27ceea6 |          3453 |  5465.6526 | 786 | 1970-01-01 00:00:02.022 | /griddb_svr/
 IJKLMNOP   | InBulgaria | живетезелоземляиижеикаколюди          |   3453 | 5.4505455e+06 |  0 | polkiuytxp,^&*()_+=,kwikdikwik       |            34 |          0 |  76 | 1970-01-01 00:00:02.023 | /griddb_svr/
 IrelandIRN | `~!@#$%^   | 豆贝尔维克斯艾勒艾弗诶比迪吉吾艾儿    |  35345 |         22.15 | 12 | กขฃคฅฆงจฉชซฌญฎฏฐฑฒณดตถทธนบปผภฮ       |        232323 |   45656.65 | 786 | 1970-01-01 00:00:01.97  | /griddb_svr/
(10 rows)

--Testcase 9:
EXPLAIN VERBOSE SELECT c5, c6, c7, c8, c1, c2, c3, c4  FROM tbl01 WHERE __spd_url ilike '%svr_' OFFSET 0;
                               QUERY PLAN                                
-------------------------------------------------------------------------
 Foreign Scan on public.tbl01  (cost=100.00..212.39 rows=3413 width=146)
   Output: c5, c6, c7, c8, c1, c2, c3, c4
   Filter: (tbl01.__spd_url ~~* '%svr_'::text)
   Node: griddb_svr / Status: Alive
     Remote SQL: SELECT  *  FROM tbl01
(5 rows)

--Testcase 10:
SELECT c5, c6, c7, c8, c1, c2, c3, c4  FROM tbl01 WHERE __spd_url ilike '%svr_' OFFSET 0;
      c5       | c6 |                  c7                  |      c8       |     c1     |     c2     |                  c3                   |   c4   
---------------+----+--------------------------------------+---------------+------------+------------+---------------------------------------+--------
         22.15 | 12 | 友達と会うので遅刻した 鍋 сковорода  | 1579222800000 | ăâđêôơưdêđ | êdờenờíìờẹ | Thequickbrownfoxjumpsoverthelazydog   |  16767
     -545.6456 |  6 | กระทะ Cái chảo                       |   54185454214 | 84udycgsva | brownfo    | 敷ヘカウ告政ヨハツヤ消70者32精楽ざ    |  54545
             0 |  0 | ABCDEFGHIJ                           |        564515 | tyuiyytw   | QyhsgER    | べ員葉コ番告7次ノヌ従援かやじり図安ヨ |   9956
      545.5454 | -2 | ff333df6-90a4-4fda-8dd3-9485d28cee36 |       5458456 | 友達と会   | oiuytrewqa | กขฃคฅฆงจฉชซฌญฎฏฐฑฒณดตถทธนบปผภฮ        |  -2333
      2362.323 | 54 | abcd,EFGH,友達と会                   |        203164 | !@#$%      | 7次ノヌ    | In Bulgarian it is desirable          |   7563
      -985.455 | 12 | 1,1,1,1,1                            |             0 | IKLM       | กขฃคฅ      | And to some extent the rendition      |  34534
        75.215 | 45 | 7次ノヌ,ノヌ従,援かや                |        -51989 | บปผภ       | 援かや     | Canada Denmark Turkey Yemen Tokyo     | 167646
             0 |  7 | 4f333df6-90a4-4fda-8dd3-9485d27ceea6 |          3453 | 32精楽     | красивый   | Ông là nhà văn hiện thực thế kỷ 20    |      0
 5.4505455e+06 |  0 | polkiuytxp,^&*()_+=,kwikdikwik       |            34 | IJKLMNOP   | InBulgaria | живетезелоземляиижеикаколюди          |   3453
         22.15 | 12 | กขฃคฅฆงจฉชซฌญฎฏฐฑฒณดตถทธนบปผภฮ       |        232323 | IrelandIRN | `~!@#$%^   | 豆贝尔维克斯艾勒艾弗诶比迪吉吾艾儿    |  35345
(10 rows)

--Testcase 11:
EXPLAIN VERBOSE SELECT c1, c2, c3 || c7, c4-c5+c8+c9, c11 FROM tbl01 WHERE __spd_url != '$' OFFSET 1;
                                                QUERY PLAN                                                
----------------------------------------------------------------------------------------------------------
 Limit  (cost=100.05..263.58 rows=3412 width=112)
   Output: c1, c2, ((c3 || c7)), (((((c4)::double precision - c5) + (c8)::double precision) + c9)), c11
   ->  Foreign Scan on public.tbl01  (cost=100.00..263.58 rows=3413 width=112)
         Output: c1, c2, (c3 || c7), ((((c4)::double precision - c5) + (c8)::double precision) + c9), c11
         Filter: (tbl01.__spd_url <> '$'::text)
         Node: griddb_svr / Status: Alive
           Limit push-down: no
           Remote SQL: SELECT  *  FROM tbl01
(8 rows)

--Testcase 12:
SELECT c1, c2, c3 || c7, c4-c5+c8+c9, c11 FROM tbl01 WHERE __spd_url != '$' OFFSET 1;
     c1     |     c2     |                                ?column?                                |     ?column?      |           c11           
------------+------------+------------------------------------------------------------------------+-------------------+-------------------------
 84udycgsva | brownfo    | 敷ヘカウ告政ヨハツヤ消70者32精楽ざกระทะ Cái chảo                       |           -1e+108 | 1970-01-01 00:00:09.999
 tyuiyytw   | QyhsgER    | べ員葉コ番告7次ノヌ従援かやじり図安ヨABCDEFGHIJ                        |        574526.215 | 1970-01-01 00:00:02.018
 友達と会   | oiuytrewqa | กขฃคฅฆงจฉชซฌญฎฏฐฑฒณดตถทธนบปผภฮff333df6-90a4-4fda-8dd3-9485d28cee36     |        -1.79e+108 | 1970-01-01 00:00:02.019
 !@#$%      | 7次ノヌ    | In Bulgarian it is desirableabcd,EFGH,友達と会                         |        -1.79e+108 | 1970-01-01 00:00:02.018
 IKLM       | กขฃคฅ      | And to some extent the rendition1,1,1,1,1                              | 35574.11151708984 | 1970-01-01 00:00:02.02
 บปผภ       | 援かや     | Canada Denmark Turkey Yemen Tokyo7次ノヌ,ノヌ従,援かや                 | 1103517.350003662 | 1970-01-01 00:00:02.021
 32精楽     | красивый   | Ông là nhà văn hiện thực thế kỷ 204f333df6-90a4-4fda-8dd3-9485d27ceea6 | 8918.652600000001 | 1970-01-01 00:00:02.022
 IJKLMNOP   | InBulgaria | живетезелоземляиижеикаколюдиpolkiuytxp,^&*()_+=,kwikdikwik             |        -5447058.5 | 1970-01-01 00:00:02.023
 IrelandIRN | `~!@#$%^   | 豆贝尔维克斯艾勒艾弗诶比迪吉吾艾儿กขฃคฅฆงจฉชซฌญฎฏฐฑฒณดตถทธนบปผภฮ       | 313302.5000003815 | 1970-01-01 00:00:01.97
(9 rows)

--LIMIT/OFFSET 3
--Testcase 13:
EXPLAIN VERBOSE SELECT max(c4), min(c4), sum(c4), count(c4) FROM tbl01 WHERE __spd_url != 'aekfjw2' LIMIT 10 OFFSET 0;
                                    QUERY PLAN                                     
-----------------------------------------------------------------------------------
 Limit  (cost=246.52..246.53 rows=1 width=24)
   Output: (max(c4)), (min(c4)), (sum(c4)), (count(c4))
   ->  Aggregate  (cost=246.52..246.53 rows=1 width=24)
         Output: max(c4), min(c4), sum(c4), count(c4)
         ->  Foreign Scan on public.tbl01  (cost=100.00..212.39 rows=3413 width=4)
               Output: c4
               Filter: (tbl01.__spd_url <> 'aekfjw2'::text)
               Node: griddb_svr / Status: Alive
                 Limit push-down: no
                 Remote SQL: SELECT  *  FROM tbl01
(10 rows)

--Testcase 14:
SELECT max(c4), min(c4), sum(c4), count(c4) FROM tbl01 WHERE __spd_url != 'aekfjw2' LIMIT 10 OFFSET 0;
  max   |  min  |  sum   | count 
--------+-------+--------+-------
 167646 | -2333 | 327476 |    10
(1 row)

--Testcase 15:
EXPLAIN VERBOSE SELECT min(c1 || c2), max(c4+c5), min(c8-c9), count(c11) FROM tbl01 WHERE __spd_url < 'sBi(' LIMIT 5 OFFSET 1;
                                                      QUERY PLAN                                                       
-----------------------------------------------------------------------------------------------------------------------
 Limit  (cost=289.19..289.20 rows=1 width=56)
   Output: (min((c1 || c2))), (max(((c4)::double precision + c5))), (min(((c8)::double precision - c9))), (count(c11))
   ->  Aggregate  (cost=289.18..289.19 rows=1 width=56)
         Output: min((c1 || c2)), max(((c4)::double precision + c5)), min(((c8)::double precision - c9)), count(c11)
         ->  Foreign Scan on public.tbl01  (cost=100.00..212.39 rows=3413 width=96)
               Output: c1, c2, c4, c5, c8, c9, c11
               Filter: (tbl01.__spd_url < 'sBi('::text)
               Node: griddb_svr / Status: Alive
                 Limit push-down: no
                 Remote SQL: SELECT  *  FROM tbl01
(10 rows)

--Testcase 16:
SELECT min(c1 || c2), max(c4+c5), min(c8-c9), count(c11) FROM tbl01 WHERE __spd_url < 'sBi(' LIMIT 5 OFFSET 1;
 min | max | min | count 
-----+-----+-----+-------
(0 rows)

--Testcase 17:
EXPLAIN VERBOSE SELECT sum(c6+c10), max(c7), min(c8), count(c9-c5) FROM tbl01 WHERE __spd_url NOT LIKE 'owoefj%' LIMIT 10 OFFSET NULL;
                                     QUERY PLAN                                     
------------------------------------------------------------------------------------
 Limit  (cost=263.58..263.59 rows=1 width=56)
   Output: (sum((c6 + c10))), (max(c7)), (min(c8)), (count((c9 - c5)))
   ->  Aggregate  (cost=263.58..263.59 rows=1 width=56)
         Output: sum((c6 + c10)), max(c7), min(c8), count((c9 - c5))
         ->  Foreign Scan on public.tbl01  (cost=100.00..212.39 rows=3413 width=56)
               Output: c6, c10, c7, c8, c9, c5
               Filter: (tbl01.__spd_url !~~ 'owoefj%'::text)
               Node: griddb_svr / Status: Alive
                 Limit push-down: no
                 Remote SQL: SELECT  *  FROM tbl01
(10 rows)

--Testcase 18:
SELECT sum(c6+c10), max(c7), min(c8), count(c9-c5) FROM tbl01 WHERE __spd_url NOT LIKE 'owoefj%' LIMIT 10 OFFSET NULL;
 sum  |                 max                 |  min   | count 
------+-------------------------------------+--------+-------
 2564 | 友達と会うので遅刻した 鍋 сковорода | -51989 |    10
(1 row)

--LIMIT/OFFSET 4
--Testcase 19:
EXPLAIN VERBOSE SELECT max(c4), min(c4), sum(c4), count(c4) FROM tbl01 WHERE __spd_url != 'wefwe' ORDER BY 1 ASC LIMIT 10 OFFSET 0;
                                       QUERY PLAN                                        
-----------------------------------------------------------------------------------------
 Limit  (cost=246.54..246.54 rows=1 width=24)
   Output: (max(c4)), (min(c4)), (sum(c4)), (count(c4))
   ->  Sort  (cost=246.54..246.54 rows=1 width=24)
         Output: (max(c4)), (min(c4)), (sum(c4)), (count(c4))
         Sort Key: (max(tbl01.c4))
         ->  Aggregate  (cost=246.52..246.53 rows=1 width=24)
               Output: max(c4), min(c4), sum(c4), count(c4)
               ->  Foreign Scan on public.tbl01  (cost=100.00..212.39 rows=3413 width=4)
                     Output: c4
                     Filter: (tbl01.__spd_url <> 'wefwe'::text)
                     Node: griddb_svr / Status: Alive
                       Limit push-down: no
                       Sort push-down: no
                       Remote SQL: SELECT  *  FROM tbl01
(14 rows)

--Testcase 20:
SELECT max(c4), min(c4), sum(c4), count(c4) FROM tbl01 WHERE __spd_url != 'wefwe' ORDER BY 1 ASC LIMIT 10 OFFSET 0;
  max   |  min  |  sum   | count 
--------+-------+--------+-------
 167646 | -2333 | 327476 |    10
(1 row)

--Testcase 21:
EXPLAIN VERBOSE SELECT min(c1), min(c2), max(c4-c5), min(c8/122*c9), count(c11) FROM tbl01 WHERE __spd_url NOT ILIKE 'sBi(' ORDER BY 1, 2 LIMIT ALL OFFSET NULL;
                                                            QUERY PLAN                                                            
----------------------------------------------------------------------------------------------------------------------------------
 Sort  (cost=297.73..297.74 rows=1 width=88)
   Output: (min(c1)), (min(c2)), (max(((c4)::double precision - c5))), (min((((c8 / 122))::double precision * c9))), (count(c11))
   Sort Key: (min(tbl01.c1)), (min(tbl01.c2))
   ->  Aggregate  (cost=297.71..297.72 rows=1 width=88)
         Output: min(c1), min(c2), max(((c4)::double precision - c5)), min((((c8 / 122))::double precision * c9)), count(c11)
         ->  Foreign Scan on public.tbl01  (cost=100.00..212.39 rows=3413 width=96)
               Output: c1, c2, c4, c5, c8, c9, c11
               Filter: (tbl01.__spd_url !~~* 'sBi('::text)
               Node: griddb_svr / Status: Alive
                 Sort push-down: no
                 Remote SQL: SELECT  *  FROM tbl01
(11 rows)

--Testcase 22:
SELECT min(c1), min(c2), max(c4-c5), min(c8/122*c9), count(c11) FROM tbl01 WHERE __spd_url NOT ILIKE 'sBi(' ORDER BY 1, 2 LIMIT ALL OFFSET NULL;
  min  |   min    |        max        |         min         | count 
-------+----------+-------------------+---------------------+-------
 !@#$% | `~!@#$%^ | 167570.7850036621 | -2.31705640322e+118 |    10
(1 row)

--Testcase 23:
EXPLAIN VERBOSE SELECT sum(c5), max(c7), min(c8), count(c9/c5) FROM tbl01 WHERE __spd_url NOT LIKE '%owoefj%' ORDER BY 1 ASC, 2 DESC, 3 LIMIT 10 OFFSET 1;
                                        QUERY PLAN                                        
------------------------------------------------------------------------------------------
 Limit  (cost=255.08..255.08 rows=1 width=52)
   Output: (sum(c5)), (max(c7)), (min(c8)), (count((c9 / c5)))
   ->  Sort  (cost=255.07..255.08 rows=1 width=52)
         Output: (sum(c5)), (max(c7)), (min(c8)), (count((c9 / c5)))
         Sort Key: (sum(tbl01.c5)), (max(tbl01.c7)) DESC, (min(tbl01.c8))
         ->  Aggregate  (cost=255.05..255.06 rows=1 width=52)
               Output: sum(c5), max(c7), min(c8), count((c9 / c5))
               ->  Foreign Scan on public.tbl01  (cost=100.00..212.39 rows=3413 width=52)
                     Output: c5, c7, c8, c9
                     Filter: (tbl01.__spd_url !~~ '%owoefj%'::text)
                     Node: griddb_svr / Status: Alive
                       Limit push-down: no
                       Sort push-down: no
                       Remote SQL: SELECT  *  FROM tbl01
(14 rows)

--Testcase 24:
SELECT sum(c5), max(c7), min(c8), count(c9/c5) FROM tbl01 WHERE __spd_url NOT LIKE '%owoefj%' ORDER BY 1 ASC, 2 DESC, 3 LIMIT 10 OFFSET 1;
psql:sql/limit/limit_orderby.sql:53: ERROR:  division by zero
--LIMIT/OFFSET 5
--Testcase 25:
EXPLAIN VERBOSE SELECT c1, c2, c3, c4 - c5 + c6, c7, c8 FROM tbl01 WHERE __spd_url != '%svr_' GROUP BY c1, c2, c3, c4, c5, c6, c7, c8 HAVING c3 != 'any' LIMIT 10;
                                                                   QUERY PLAN                                                                    
-------------------------------------------------------------------------------------------------------------------------------------------------
 Limit  (cost=0.00..0.03 rows=1 width=154)
   Output: c1, c2, c3, ((((c4)::double precision - c5) + (c6)::double precision)), c7, c8, c4, c5, c6
   ->  Group  (cost=0.00..0.03 rows=1 width=154)
         Output: c1, c2, c3, (((c4)::double precision - c5) + (c6)::double precision), c7, c8, c4, c5, c6
         Group Key: tbl01.c1, tbl01.c2, tbl01.c3, tbl01.c4, tbl01.c5, tbl01.c6, tbl01.c7, tbl01.c8
         ->  Foreign Scan on public.tbl01  (cost=0.00..0.00 rows=1 width=146)
               Output: c1, c2, c3, c7, c8, c4, c5, c6
               Filter: (tbl01.__spd_url <> '%svr_'::text)
               Node: griddb_svr / Status: Alive
                 Limit push-down: no
                 Remote SQL: SELECT  *  FROM tbl01 WHERE ((c3 <> 'any')) ORDER BY c1 ASC, c2 ASC, c3 ASC, c4 ASC, c5 ASC, c6 ASC, c7 ASC, c8 ASC
(11 rows)

--Testcase 26:
SELECT c1, c2, c3, c4 - c5 + c6, c7, c8 FROM tbl01 WHERE __spd_url != '%svr_' GROUP BY c1, c2, c3, c4, c5, c6, c7, c8 HAVING c3 != 'any' LIMIT 10;
     c1     |     c2     |                  c3                   |      ?column?      |                  c7                  |      c8       
------------+------------+---------------------------------------+--------------------+--------------------------------------+---------------
 !@#$%      | 7次ノヌ    | In Bulgarian it is desirable          |  5254.677001953125 | abcd,EFGH,友達と会                   |        203164
 32精楽     | красивый   | Ông là nhà văn hiện thực thế kỷ 20    |                  7 | 4f333df6-90a4-4fda-8dd3-9485d27ceea6 |          3453
 84udycgsva | brownfo    | 敷ヘカウ告政ヨハツヤ消70者32精楽ざ    |  55096.64562988281 | กระทะ Cái chảo                       |   54185454214
 IJKLMNOP   | InBulgaria | живетезелоземляиижеикаколюди          |         -5447092.5 | polkiuytxp,^&*()_+=,kwikdikwik       |            34
 IKLM       | กขฃคฅ      | And to some extent the rendition      | 35531.455017089844 | 1,1,1,1,1                            |             0
 IrelandIRN | `~!@#$%^   | 豆贝尔维克斯艾勒艾弗诶比迪吉吾艾儿    |  35334.85000038147 | กขฃคฅฆงจฉชซฌญฎฏฐฑฒณดตถทธนบปผภฮ       |        232323
 tyuiyytw   | QyhsgER    | べ員葉コ番告7次ノヌ従援かやじり図安ヨ |               9956 | ABCDEFGHIJ                           |        564515
 ăâđêôơưdêđ | êdờenờíìờẹ | Thequickbrownfoxjumpsoverthelazydog   |  16756.85000038147 | 友達と会うので遅刻した 鍋 сковорода  | 1579222800000
 บปผภ       | 援かや     | Canada Denmark Turkey Yemen Tokyo     |  167615.7850036621 | 7次ノヌ,ノヌ従,援かや                |        -51989
 友達と会   | oiuytrewqa | กขฃคฅฆงจฉชซฌญฎฏฐฑฒณดตถทธนบปผภฮ        |  -2880.54541015625 | ff333df6-90a4-4fda-8dd3-9485d28cee36 |       5458456
(10 rows)

--Testcase 27:
EXPLAIN VERBOSE SELECT c1 || c2, c3, c4+c5*c6, c9-c10*12 FROM tbl01 WHERE __spd_url != 'ae' GROUP BY c1, c2, c3, c4, c5, c6, c9, c10 HAVING c4 > 0 LIMIT 10;
                                                                          QUERY PLAN                                                                          
--------------------------------------------------------------------------------------------------------------------------------------------------------------
 Limit  (cost=0.00..0.04 rows=1 width=164)
   Output: ((c1 || c2)), c3, (((c4)::double precision + (c5 * (c6)::double precision))), ((c9 - ((c10 * 12))::double precision)), c1, c2, c4, c5, c6, c9, c10
   ->  Group  (cost=0.00..0.04 rows=1 width=164)
         Output: (c1 || c2), c3, ((c4)::double precision + (c5 * (c6)::double precision)), (c9 - ((c10 * 12))::double precision), c1, c2, c4, c5, c6, c9, c10
         Group Key: tbl01.c1, tbl01.c2, tbl01.c3, tbl01.c4, tbl01.c5, tbl01.c6, tbl01.c9, tbl01.c10
         ->  Foreign Scan on public.tbl01  (cost=0.00..0.00 rows=1 width=116)
               Output: c3, c1, c2, c4, c5, c6, c9, c10
               Filter: (tbl01.__spd_url <> 'ae'::text)
               Node: griddb_svr / Status: Alive
                 Limit push-down: no
                 Remote SQL: SELECT  *  FROM tbl01 WHERE ((c4 > 0)) ORDER BY c1 ASC, c2 ASC, c3 ASC, c4 ASC, c5 ASC, c6 ASC, c9 ASC, c10 ASC
(11 rows)

--Testcase 28:
SELECT c1 || c2, c3, c4+c5*c6, c9-c10*12 FROM tbl01 WHERE __spd_url != 'ae' GROUP BY c1, c2, c3, c4, c5, c6, c9, c10 HAVING c4 > 0 LIMIT 10;
       ?column?       |                  c3                   |      ?column?      |     ?column?      
----------------------+---------------------------------------+--------------------+-------------------
 !@#$%7次ノヌ         | In Bulgarian it is desirable          | 135128.44189453125 |        -1.79e+108
 84udycgsvabrownfo    | 敷ヘカウ告政ヨハツヤ消70者32精楽ざ    | 51271.126220703125 |           -1e+108
 IJKLMNOPInBulgaria   | живетезелоземляиижеикаколюди          |               3453 |              -912
 IKLMกขฃคฅ            | And to some extent the rendition      | 22708.539794921875 | 6.656500000000001
 IrelandIRN`~!@#$%^   | 豆贝尔维克斯艾勒艾弗诶比迪吉吾艾儿    |  35610.79999542236 |          36224.65
 tyuiyytwQyhsgER      | べ員葉コ番告7次ノヌ従援かやじり図安ヨ |               9956 |         -5392.785
 ăâđêôơưdêđêdờenờíìờẹ | Thequickbrownfoxjumpsoverthelazydog   | 17032.799995422363 |        -1.79e+108
 บปผภ援かや           | Canada Denmark Turkey Yemen Tokyo     | 171030.67483520508 |        987395.565
(8 rows)

--Testcase 29:
EXPLAIN VERBOSE SELECT lower(c1 || c2), c3 || c7, sqrt(c4-c5+c8/c9) FROM tbl01 WHERE __spd_url != '$' GROUP BY c1, c2, c3, c4, c5, c7, c8, c9 HAVING c4 <> 0 LIMIT 5;
                                                                      QUERY PLAN                                                                      
------------------------------------------------------------------------------------------------------------------------------------------------------
 Limit  (cost=0.00..0.04 rows=1 width=224)
   Output: (lower((c1 || c2))), ((c3 || c7)), (sqrt((((c4)::double precision - c5) + ((c8)::double precision / c9)))), c1, c2, c3, c4, c5, c7, c8, c9
   ->  Group  (cost=0.00..0.04 rows=1 width=224)
         Output: lower((c1 || c2)), (c3 || c7), sqrt((((c4)::double precision - c5) + ((c8)::double precision / c9))), c1, c2, c3, c4, c5, c7, c8, c9
         Group Key: tbl01.c1, tbl01.c2, tbl01.c3, tbl01.c4, tbl01.c5, tbl01.c7, tbl01.c8, tbl01.c9
         ->  Foreign Scan on public.tbl01  (cost=0.00..0.00 rows=1 width=152)
               Output: c1, c2, c3, c4, c5, c7, c8, c9
               Filter: (tbl01.__spd_url <> '$'::text)
               Node: griddb_svr / Status: Alive
                 Limit push-down: no
                 Remote SQL: SELECT  *  FROM tbl01 WHERE ((c4 <> 0)) ORDER BY c1 ASC, c2 ASC, c3 ASC, c4 ASC, c5 ASC, c7 ASC, c8 ASC, c9 ASC
(11 rows)

--Testcase 30:
SELECT lower(c1 || c2), c3 || c7, sqrt(c4-c5+c8/c9) FROM tbl01 WHERE __spd_url != '$' GROUP BY c1, c2, c3, c4, c5, c7, c8, c9 HAVING c4 <> 0 LIMIT 5;
psql:sql/limit/limit_orderby.sql:66: ERROR:  division by zero
--LIMIT/OFFSET 6
--Testcase 31:
EXPLAIN VERBOSE SELECT c8, c7, c5, c3, c2, c6, c1, c4 FROM tbl01 WHERE __spd_url ilike '%svr_' GROUP BY c1, c2, c3, c4, c5, c6, c7, c8 HAVING c3 != 'thing' OFFSET 1;
                                                                    QUERY PLAN                                                                     
---------------------------------------------------------------------------------------------------------------------------------------------------
 Limit  (cost=0.02..0.02 rows=1 width=146)
   Output: c8, c7, c5, c3, c2, c6, c1, c4
   ->  Group  (cost=0.00..0.02 rows=1 width=146)
         Output: c8, c7, c5, c3, c2, c6, c1, c4
         Group Key: tbl01.c1, tbl01.c2, tbl01.c3, tbl01.c4, tbl01.c5, tbl01.c6, tbl01.c7, tbl01.c8
         ->  Foreign Scan on public.tbl01  (cost=0.00..0.00 rows=1 width=146)
               Output: c8, c7, c5, c3, c2, c6, c1, c4
               Filter: (tbl01.__spd_url ~~* '%svr_'::text)
               Node: griddb_svr / Status: Alive
                 Limit push-down: no
                 Remote SQL: SELECT  *  FROM tbl01 WHERE ((c3 <> 'thing')) ORDER BY c1 ASC, c2 ASC, c3 ASC, c4 ASC, c5 ASC, c6 ASC, c7 ASC, c8 ASC
(11 rows)

--Testcase 32:
SELECT c8, c7, c5, c3, c2, c6, c1, c4 FROM tbl01 WHERE __spd_url ilike '%svr_' GROUP BY c1, c2, c3, c4, c5, c6, c7, c8 HAVING c3 != 'thing' OFFSET 1;
      c8       |                  c7                  |      c5       |                  c3                   |     c2     | c6 |     c1     |   c4   
---------------+--------------------------------------+---------------+---------------------------------------+------------+----+------------+--------
          3453 | 4f333df6-90a4-4fda-8dd3-9485d27ceea6 |             0 | Ông là nhà văn hiện thực thế kỷ 20    | красивый   |  7 | 32精楽     |      0
   54185454214 | กระทะ Cái chảo                       |     -545.6456 | 敷ヘカウ告政ヨハツヤ消70者32精楽ざ    | brownfo    |  6 | 84udycgsva |  54545
            34 | polkiuytxp,^&*()_+=,kwikdikwik       | 5.4505455e+06 | живетезелоземляиижеикаколюди          | InBulgaria |  0 | IJKLMNOP   |   3453
             0 | 1,1,1,1,1                            |      -985.455 | And to some extent the rendition      | กขฃคฅ      | 12 | IKLM       |  34534
        232323 | กขฃคฅฆงจฉชซฌญฎฏฐฑฒณดตถทธนบปผภฮ       |         22.15 | 豆贝尔维克斯艾勒艾弗诶比迪吉吾艾儿    | `~!@#$%^   | 12 | IrelandIRN |  35345
        564515 | ABCDEFGHIJ                           |             0 | べ員葉コ番告7次ノヌ従援かやじり図安ヨ | QyhsgER    |  0 | tyuiyytw   |   9956
 1579222800000 | 友達と会うので遅刻した 鍋 сковорода  |         22.15 | Thequickbrownfoxjumpsoverthelazydog   | êdờenờíìờẹ | 12 | ăâđêôơưdêđ |  16767
        -51989 | 7次ノヌ,ノヌ従,援かや                |        75.215 | Canada Denmark Turkey Yemen Tokyo     | 援かや     | 45 | บปผภ       | 167646
       5458456 | ff333df6-90a4-4fda-8dd3-9485d28cee36 |      545.5454 | กขฃคฅฆงจฉชซฌญฎฏฐฑฒณดตถทธนบปผภฮ        | oiuytrewqa | -2 | 友達と会   |  -2333
(9 rows)

--Testcase 33:
EXPLAIN VERBOSE SELECT length(c1 || '&&' || c2), upper(c3 || c7), abs(c4-c5), round(c6*c10) FROM tbl01 WHERE __spd_url != 'ae' GROUP BY c1, c2, c3, c4, c5, c6, c7, c10 HAVING c4 > 0 OFFSET 1;
                                                                                     QUERY PLAN                                                                                      
-------------------------------------------------------------------------------------------------------------------------------------------------------------------------------------
 Limit  (cost=0.05..0.05 rows=1 width=192)
   Output: (length(((c1 || '&&'::text) || c2))), (upper((c3 || c7))), (abs(((c4)::double precision - c5))), (round(((c6 * c10))::double precision)), c1, c2, c3, c4, c5, c6, c7, c10
   ->  Group  (cost=0.00..0.05 rows=1 width=192)
         Output: length(((c1 || '&&'::text) || c2)), upper((c3 || c7)), abs(((c4)::double precision - c5)), round(((c6 * c10))::double precision), c1, c2, c3, c4, c5, c6, c7, c10
         Group Key: tbl01.c1, tbl01.c2, tbl01.c3, tbl01.c4, tbl01.c5, tbl01.c6, tbl01.c7, tbl01.c10
         ->  Foreign Scan on public.tbl01  (cost=0.00..0.00 rows=1 width=140)
               Output: c1, c2, c3, c4, c5, c6, c7, c10
               Filter: (tbl01.__spd_url <> 'ae'::text)
               Node: griddb_svr / Status: Alive
                 Limit push-down: no
                 Remote SQL: SELECT  *  FROM tbl01 WHERE ((c4 > 0)) ORDER BY c1 ASC, c2 ASC, c3 ASC, c4 ASC, c5 ASC, c6 ASC, c7 ASC, c10 ASC
(11 rows)

--Testcase 34:
SELECT length(c1 || '&&' || c2), upper(c3 || c7), abs(c4-c5), round(c6*c10) FROM tbl01 WHERE __spd_url != 'ae' GROUP BY c1, c2, c3, c4, c5, c6, c7, c10 HAVING c4 > 0 OFFSET 1;
 length |                                 upper                                  |        abs         | round 
--------+------------------------------------------------------------------------+--------------------+-------
     19 | 敷ヘカウ告政ヨハツヤ消70者32精楽ざกระทะ CÁI CHẢO                       |  55090.64562988281 |   270
     20 | ЖИВЕТЕЗЕЛОЗЕМЛЯИИЖЕИКАКОЛЮДИPOLKIUYTXP,^&*()_+=,KWIKDIKWIK             |          5447092.5 |     0
     11 | AND TO SOME EXTENT THE RENDITION1,1,1,1,1                              | 35519.455017089844 |    48
     20 | 豆贝尔维克斯艾勒艾弗诶比迪吉吾艾儿กขฃคฅฆงจฉชซฌญฎฏฐฑฒณดตถทธนบปผภฮ       |  35322.85000038147 |  9432
     17 | べ員葉コ番告7次ノヌ従援かやじり図安ヨABCDEFGHIJ                        |               9956 |     0
     22 | THEQUICKBROWNFOXJUMPSOVERTHELAZYDOG友達と会うので遅刻した 鍋 СКОВОРОДА |  16744.85000038147 |  2544
      9 | CANADA DENMARK TURKEY YEMEN TOKYO7次ノヌ,ノヌ従,援かや                 |  167570.7850036621 |  2025
(7 rows)

--Testcase 35:
EXPLAIN VERBOSE SELECT c1 || c11 || c2, c3 || c7, c4-c5, c8/c9 FROM tbl01 WHERE __spd_url != '$' GROUP BY c1, c2, c3, c4, c5, c7, c8, c9, c11 HAVING c4 != 0 OFFSET 1;
                                                                          QUERY PLAN                                                                          
--------------------------------------------------------------------------------------------------------------------------------------------------------------
 Limit  (cost=0.04..0.04 rows=1 width=240)
   Output: (((c1 || (c11)::text) || c2)), ((c3 || c7)), (((c4)::double precision - c5)), (((c8)::double precision / c9)), c1, c2, c3, c4, c5, c7, c8, c9, c11
   ->  Group  (cost=0.00..0.04 rows=1 width=240)
         Output: ((c1 || (c11)::text) || c2), (c3 || c7), ((c4)::double precision - c5), ((c8)::double precision / c9), c1, c2, c3, c4, c5, c7, c8, c9, c11
         Group Key: tbl01.c1, tbl01.c2, tbl01.c3, tbl01.c4, tbl01.c5, tbl01.c7, tbl01.c8, tbl01.c9, tbl01.c11
         ->  Foreign Scan on public.tbl01  (cost=0.00..0.00 rows=1 width=160)
               Output: c1, c2, c3, c4, c5, c7, c8, c9, c11
               Filter: (tbl01.__spd_url <> '$'::text)
               Node: griddb_svr / Status: Alive
                 Limit push-down: no
                 Remote SQL: SELECT  *  FROM tbl01 WHERE ((c4 <> 0)) ORDER BY c1 ASC, c2 ASC, c3 ASC, c4 ASC, c5 ASC, c7 ASC, c8 ASC, c9 ASC, c11 ASC
(11 rows)

--Testcase 36:
SELECT c1 || c11 || c2, c3 || c7, c4-c5, c8/c9 FROM tbl01 WHERE __spd_url != '$' GROUP BY c1, c2, c3, c4, c5, c7, c8, c9, c11 HAVING c4 != 0 OFFSET 1;
psql:sql/limit/limit_orderby.sql:79: ERROR:  division by zero
--LIMIT/OFFSET 7
--Testcase 37:
EXPLAIN VERBOSE SELECT c1, c2, c3, c4, c5, c6, c7, c8 FROM tbl01 WHERE __spd_url != '%svr_' GROUP BY c1, c2, c3, c4, c5, c6, c7, c8 HAVING c3 != 'impossible' LIMIT 10 OFFSET 1;
                                                                       QUERY PLAN                                                                       
--------------------------------------------------------------------------------------------------------------------------------------------------------
 Limit  (cost=0.02..0.04 rows=1 width=146)
   Output: c1, c2, c3, c4, c5, c6, c7, c8
   ->  Group  (cost=0.00..0.02 rows=1 width=146)
         Output: c1, c2, c3, c4, c5, c6, c7, c8
         Group Key: tbl01.c1, tbl01.c2, tbl01.c3, tbl01.c4, tbl01.c5, tbl01.c6, tbl01.c7, tbl01.c8
         ->  Foreign Scan on public.tbl01  (cost=0.00..0.00 rows=1 width=146)
               Output: c1, c2, c3, c4, c5, c6, c7, c8
               Filter: (tbl01.__spd_url <> '%svr_'::text)
               Node: griddb_svr / Status: Alive
                 Limit push-down: no
                 Remote SQL: SELECT  *  FROM tbl01 WHERE ((c3 <> 'impossible')) ORDER BY c1 ASC, c2 ASC, c3 ASC, c4 ASC, c5 ASC, c6 ASC, c7 ASC, c8 ASC
(11 rows)

--Testcase 38:
SELECT c1, c2, c3, c4, c5, c6, c7, c8 FROM tbl01 WHERE __spd_url != '%svr_' GROUP BY c1, c2, c3, c4, c5, c6, c7, c8 HAVING c3 != 'impossible' LIMIT 10 OFFSET 1;
     c1     |     c2     |                  c3                   |   c4   |      c5       | c6 |                  c7                  |      c8       
------------+------------+---------------------------------------+--------+---------------+----+--------------------------------------+---------------
 32精楽     | красивый   | Ông là nhà văn hiện thực thế kỷ 20    |      0 |             0 |  7 | 4f333df6-90a4-4fda-8dd3-9485d27ceea6 |          3453
 84udycgsva | brownfo    | 敷ヘカウ告政ヨハツヤ消70者32精楽ざ    |  54545 |     -545.6456 |  6 | กระทะ Cái chảo                       |   54185454214
 IJKLMNOP   | InBulgaria | живетезелоземляиижеикаколюди          |   3453 | 5.4505455e+06 |  0 | polkiuytxp,^&*()_+=,kwikdikwik       |            34
 IKLM       | กขฃคฅ      | And to some extent the rendition      |  34534 |      -985.455 | 12 | 1,1,1,1,1                            |             0
 IrelandIRN | `~!@#$%^   | 豆贝尔维克斯艾勒艾弗诶比迪吉吾艾儿    |  35345 |         22.15 | 12 | กขฃคฅฆงจฉชซฌญฎฏฐฑฒณดตถทธนบปผภฮ       |        232323
 tyuiyytw   | QyhsgER    | べ員葉コ番告7次ノヌ従援かやじり図安ヨ |   9956 |             0 |  0 | ABCDEFGHIJ                           |        564515
 ăâđêôơưdêđ | êdờenờíìờẹ | Thequickbrownfoxjumpsoverthelazydog   |  16767 |         22.15 | 12 | 友達と会うので遅刻した 鍋 сковорода  | 1579222800000
 บปผภ       | 援かや     | Canada Denmark Turkey Yemen Tokyo     | 167646 |        75.215 | 45 | 7次ノヌ,ノヌ従,援かや                |        -51989
 友達と会   | oiuytrewqa | กขฃคฅฆงจฉชซฌญฎฏฐฑฒณดตถทธนบปผภฮ        |  -2333 |      545.5454 | -2 | ff333df6-90a4-4fda-8dd3-9485d28cee36 |       5458456
(9 rows)

--Testcase 39:
EXPLAIN VERBOSE SELECT c1 || c2, c3, @c4 FROM tbl01 WHERE __spd_url != 'ae' GROUP BY c1, c2, c3, c4 HAVING c4 > 0 LIMIT 5 OFFSET 1;
                                                 QUERY PLAN                                                 
------------------------------------------------------------------------------------------------------------
 Limit  (cost=0.01..0.03 rows=1 width=136)
   Output: ((c1 || c2)), c3, ((@ c4)), c1, c2, c4
   ->  Group  (cost=0.00..0.01 rows=1 width=136)
         Output: (c1 || c2), c3, (@ c4), c1, c2, c4
         Group Key: tbl01.c1, tbl01.c2, tbl01.c3, tbl01.c4
         ->  Foreign Scan on public.tbl01  (cost=0.00..0.00 rows=1 width=100)
               Output: c3, c1, c2, c4
               Filter: (tbl01.__spd_url <> 'ae'::text)
               Node: griddb_svr / Status: Alive
                 Limit push-down: no
                 Remote SQL: SELECT  *  FROM tbl01 WHERE ((c4 > 0)) ORDER BY c1 ASC, c2 ASC, c3 ASC, c4 ASC
(11 rows)

--Testcase 40:
SELECT c1 || c2, c3, @c4 FROM tbl01 WHERE __spd_url != 'ae' GROUP BY c1, c2, c3, c4 HAVING c4 > 0 LIMIT 5 OFFSET 1;
      ?column?      |                  c3                   | ?column? 
--------------------+---------------------------------------+----------
 84udycgsvabrownfo  | 敷ヘカウ告政ヨハツヤ消70者32精楽ざ    |    54545
 IJKLMNOPInBulgaria | живетезелоземляиижеикаколюди          |     3453
 IKLMกขฃคฅ          | And to some extent the rendition      |    34534
 IrelandIRN`~!@#$%^ | 豆贝尔维克斯艾勒艾弗诶比迪吉吾艾儿    |    35345
 tyuiyytwQyhsgER    | べ員葉コ番告7次ノヌ従援かやじり図安ヨ |     9956
(5 rows)

--Testcase 41:
EXPLAIN VERBOSE SELECT upper(c1 || c2), lower(c3 || c7), ceil(c4-c5), round(c8/12+c9), c11 FROM tbl01 WHERE __spd_url != '$' GROUP BY c1, c2, c3, c4, c5, c7, c8, c9, c11 HAVING c5 < 0 LIMIT NULL OFFSET NULL;
                                                                              QUERY PLAN                                                                               
-----------------------------------------------------------------------------------------------------------------------------------------------------------------------
 Group  (cost=0.00..0.05 rows=1 width=240)
   Output: upper((c1 || c2)), lower((c3 || c7)), ceil(((c4)::double precision - c5)), round((((c8 / 12))::double precision + c9)), c11, c1, c2, c3, c4, c5, c7, c8, c9
   Group Key: tbl01.c1, tbl01.c2, tbl01.c3, tbl01.c4, tbl01.c5, tbl01.c7, tbl01.c8, tbl01.c9, tbl01.c11
   ->  Foreign Scan on public.tbl01  (cost=0.00..0.00 rows=1 width=160)
         Output: c11, c1, c2, c3, c4, c5, c7, c8, c9
         Filter: (tbl01.__spd_url <> '$'::text)
         Node: griddb_svr / Status: Alive
           Remote SQL: SELECT  *  FROM tbl01 WHERE ((c5 < 0)) ORDER BY c1 ASC, c2 ASC, c3 ASC, c4 ASC, c5 ASC, c7 ASC, c8 ASC, c9 ASC, c11 ASC
(8 rows)

--Testcase 42:
SELECT upper(c1 || c2), lower(c3 || c7), ceil(c4-c5), round(c8/12+c9), c11 FROM tbl01 WHERE __spd_url != '$' GROUP BY c1, c2, c3, c4, c5, c7, c8, c9, c11 HAVING c5 < 0 LIMIT NULL OFFSET NULL;
       upper       |                      lower                       | ceil  |  round  |           c11           
-------------------+--------------------------------------------------+-------+---------+-------------------------
 84UDYCGSVABROWNFO | 敷ヘカウ告政ヨハツヤ消70者32精楽ざกระทะ cái chảo | 55091 | -1e+108 | 1970-01-01 00:00:09.999
 IKLMกขฃคฅ         | and to some extent the rendition1,1,1,1,1        | 35520 |      55 | 1970-01-01 00:00:02.02
(2 rows)

--LIMIT/OFFSET 8
--Testcase 43:
EXPLAIN VERBOSE SELECT max(c3), min(c3), sum(c4), count(c3) FROM tbl01 WHERE __spd_url != '4t2ef' GROUP BY c9 HAVING c9 > 0 ORDER BY c9 ASC LIMIT 10 OFFSET 0;
                                     QUERY PLAN                                     
------------------------------------------------------------------------------------
 Limit  (cost=0.00..0.02 rows=1 width=88)
   Output: (max(c3)), (min(c3)), (sum(c4)), (count(c3)), c9
   ->  GroupAggregate  (cost=0.00..0.02 rows=1 width=88)
         Output: max(c3), min(c3), sum(c4), count(c3), c9
         Group Key: tbl01.c9
         ->  Foreign Scan on public.tbl01  (cost=0.00..0.00 rows=1 width=44)
               Output: c9, c3, c4
               Filter: (tbl01.__spd_url <> '4t2ef'::text)
               Node: griddb_svr / Status: Alive
                 Limit push-down: no
                 Sort push-down: yes
                 Remote SQL: SELECT  *  FROM tbl01 WHERE ((c9 > 0)) ORDER BY c9 ASC
(12 rows)

--Testcase 44:
SELECT max(c3), min(c3), sum(c4), count(c3) FROM tbl01 WHERE __spd_url != '4t2ef' GROUP BY c9 HAVING c9 > 0 ORDER BY c9 ASC LIMIT 10 OFFSET 0;
                  max                  |                  min                  |  sum   | count 
---------------------------------------+---------------------------------------+--------+-------
 And to some extent the rendition      | And to some extent the rendition      |  34534 |     1
 べ員葉コ番告7次ノヌ従援かやじり図安ヨ | べ員葉コ番告7次ノヌ従援かやじり図安ヨ |   9956 |     1
 Ông là nhà văn hiện thực thế kỷ 20    | Ông là nhà văn hiện thực thế kỷ 20    |      0 |     1
 豆贝尔维克斯艾勒艾弗诶比迪吉吾艾儿    | 豆贝尔维克斯艾勒艾弗诶比迪吉吾艾儿    |  35345 |     1
 Canada Denmark Turkey Yemen Tokyo     | Canada Denmark Turkey Yemen Tokyo     | 167646 |     1
(5 rows)

--Testcase 45:
EXPLAIN VERBOSE SELECT min (c1 || c2), max(c4+c5), min(c8-c9*12), count(c5) FROM tbl01 WHERE __spd_url <> 'sBi(' GROUP BY c8, c9 HAVING (c8-c9) != 0 ORDER BY c8 DESC, c9 ASC LIMIT 5 OFFSET 1;
                                                                       QUERY PLAN                                                                        
---------------------------------------------------------------------------------------------------------------------------------------------------------
 Limit  (cost=0.04..0.08 rows=1 width=72)
   Output: (min((c1 || c2))), (max(((c4)::double precision + c5))), (min(((c8)::double precision - (c9 * '12'::double precision)))), (count(c5)), c8, c9
   ->  GroupAggregate  (cost=0.00..0.04 rows=1 width=72)
         Output: min((c1 || c2)), max(((c4)::double precision + c5)), min(((c8)::double precision - (c9 * '12'::double precision))), count(c5), c8, c9
         Group Key: tbl01.c8, tbl01.c9
         ->  Foreign Scan on public.tbl01  (cost=0.00..0.00 rows=1 width=88)
               Output: c8, c9, c1, c2, c4, c5
               Filter: ((tbl01.__spd_url <> 'sBi('::text) AND (((tbl01.c8)::double precision - tbl01.c9) <> '0'::double precision))
               Node: griddb_svr / Status: Alive
                 Limit push-down: no
                 Sort push-down: yes
                 Remote SQL: SELECT  *  FROM tbl01 ORDER BY c8 DESC, c9 ASC
(12 rows)

--Testcase 46:
SELECT min (c1 || c2), max(c4+c5), min(c8-c9*12), count(c5) FROM tbl01 WHERE __spd_url <> 'sBi(' GROUP BY c8, c9 HAVING (c8-c9) != 0 ORDER BY c8 DESC, c9 ASC LIMIT 5 OFFSET 1;
        min         |        max        |           min           | count 
--------------------+-------------------+-------------------------+-------
 84udycgsvabrownfo  | 53999.35437011719 | 1.2000000000000001e+109 |     1
 友達と会oiuytrewqa | -1787.45458984375 |              2.148e+109 |     1
 tyuiyytwQyhsgER    |              9956 |               563852.42 |     1
 IrelandIRN`~!@#$%^ | 35367.14999961853 |     -315556.80000000005 |     1
 !@#$%7次ノヌ       | 9925.322998046875 |              2.148e+109 |     1
(5 rows)

--Testcase 47:
EXPLAIN VERBOSE SELECT sum(c6+c10), max(c7), min(c8), count(c9-c5) FROM tbl01 WHERE __spd_url NOT LIKE 'owoefj%' GROUP BY c3, c7 HAVING c3 != c7 ORDER BY c3, c7 LIMIT 10 OFFSET NULL;
                                          QUERY PLAN                                          
----------------------------------------------------------------------------------------------
 Limit  (cost=0.00..0.03 rows=1 width=120)
   Output: (sum((c6 + c10))), (max(c7)), (min(c8)), (count((c9 - c5))), c3, c7
   ->  GroupAggregate  (cost=0.00..0.03 rows=1 width=120)
         Output: sum((c6 + c10)), max(c7), min(c8), count((c9 - c5)), c3, c7
         Group Key: tbl01.c3, tbl01.c7
         ->  Foreign Scan on public.tbl01  (cost=0.00..0.00 rows=1 width=88)
               Output: c3, c7, c6, c10, c8, c9, c5
               Filter: (tbl01.__spd_url !~~ 'owoefj%'::text)
               Node: griddb_svr / Status: Alive
                 Limit push-down: no
                 Sort push-down: yes
                 Remote SQL: SELECT  *  FROM tbl01 WHERE ((c3 <> c7)) ORDER BY c3 ASC, c7 ASC
(12 rows)

--Testcase 48:
SELECT sum(c6+c10), max(c7), min(c8), count(c9-c5) FROM tbl01 WHERE __spd_url NOT LIKE 'owoefj%' GROUP BY c3, c7 HAVING c3 != c7 ORDER BY c3, c7 LIMIT 10 OFFSET NULL;
 sum |                 max                  |      min      | count 
-----+--------------------------------------+---------------+-------
  16 | 1,1,1,1,1                            |             0 |     1
  90 | 7次ノヌ,ノヌ従,援かや                |        -51989 |     1
  60 | abcd,EFGH,友達と会                   |        203164 |     1
 224 | 友達と会うので遅刻した 鍋 сковорода  | 1579222800000 |     1
 793 | 4f333df6-90a4-4fda-8dd3-9485d27ceea6 |          3453 |     1
  76 | polkiuytxp,^&*()_+=,kwikdikwik       |            34 |     1
   2 | ff333df6-90a4-4fda-8dd3-9485d28cee36 |       5458456 |     1
 454 | ABCDEFGHIJ                           |        564515 |     1
  51 | กระทะ Cái chảo                       |   54185454214 |     1
 798 | กขฃคฅฆงจฉชซฌญฎฏฐฑฒณดตถทธนบปผภฮ       |        232323 |     1
(10 rows)

--LIMIT/OFFSET 9
--Testcase 49:
EXPLAIN VERBOSE SELECT max(c3), min(c4), sum(c5) FROM tbl01 WHERE __spd_url NOT IN ('/spider/iff', '/in_svr') GROUP BY c6 HAVING c6 != 0 ORDER BY c6 ASC LIMIT 5;
                                     QUERY PLAN                                      
-------------------------------------------------------------------------------------
 Limit  (cost=0.00..0.02 rows=1 width=42)
   Output: (max(c3)), (min(c4)), (sum(c5)), c6
   ->  GroupAggregate  (cost=0.00..0.02 rows=1 width=42)
         Output: max(c3), min(c4), sum(c5), c6
         Group Key: tbl01.c6
         ->  Foreign Scan on public.tbl01  (cost=0.00..0.00 rows=1 width=42)
               Output: c6, c3, c4, c5
               Filter: (tbl01.__spd_url <> ALL ('{/spider/iff,/in_svr}'::text[]))
               Node: griddb_svr / Status: Alive
                 Limit push-down: no
                 Sort push-down: yes
                 Remote SQL: SELECT  *  FROM tbl01 WHERE ((c6 <> 0)) ORDER BY c6 ASC
(12 rows)

--Testcase 50:
SELECT max(c3), min(c4), sum(c5) FROM tbl01 WHERE __spd_url NOT IN ('/spider/iff', '/in_svr') GROUP BY c6 HAVING c6 != 0 ORDER BY c6 ASC LIMIT 5;
                max                 |  min   |    sum     
------------------------------------+--------+------------
 กขฃคฅฆงจฉชซฌญฎฏฐฑฒณดตถทธนบปผภฮ     |  -2333 |   545.5454
 敷ヘカウ告政ヨハツヤ消70者32精楽ざ |  54545 |  -545.6456
 Ông là nhà văn hiện thực thế kỷ 20 |      0 |          0
 豆贝尔维克斯艾勒艾弗诶比迪吉吾艾儿 |  16767 | -941.15497
 Canada Denmark Turkey Yemen Tokyo  | 167646 |     75.215
(5 rows)

--Testcase 51:
EXPLAIN VERBOSE SELECT count(*) FROM tbl01 WHERE __spd_url != 'aef3' GROUP BY c7 HAVING c7 != 'APO' ORDER BY c7 LIMIT ALL;
                                    QUERY PLAN                                     
-----------------------------------------------------------------------------------
 GroupAggregate  (cost=0.00..0.01 rows=1 width=40)
   Output: count(*), c7
   Group Key: tbl01.c7
   ->  Foreign Scan on public.tbl01  (cost=0.00..0.00 rows=1 width=32)
         Output: c7
         Filter: (tbl01.__spd_url <> 'aef3'::text)
         Node: griddb_svr / Status: Alive
           Sort push-down: yes
           Remote SQL: SELECT  *  FROM tbl01 WHERE ((c7 <> 'APO')) ORDER BY c7 ASC
(9 rows)

--Testcase 52:
SELECT count(*) FROM tbl01 WHERE __spd_url != 'aef3' GROUP BY c7 HAVING c7 != 'APO' ORDER BY c7 LIMIT ALL;
 count 
-------
     1
     1
     1
     1
     1
     1
     1
     1
     1
     1
(10 rows)

--Testcase 53:
EXPLAIN VERBOSE SELECT max(c5 + c6), max(c7), min(c8) FROM tbl01 WHERE __spd_url != NULL GROUP BY c8 HAVING c8 != 0 ORDER BY c8 DESC LIMIT 5;
                                         QUERY PLAN                                         
--------------------------------------------------------------------------------------------
 Limit  (cost=0.00..0.03 rows=1 width=56)
   Output: (max((c5 + (c6)::double precision))), (max(c7)), (min(c8)), c8
   ->  GroupAggregate  (cost=0.00..0.03 rows=1 width=56)
         Output: max((c5 + (c6)::double precision)), max(c7), min(c8), c8
         Group Key: tbl01.c8
         ->  Result  (cost=0.00..0.00 rows=1 width=46)
               Output: c8, c5, c6, c7
               One-Time Filter: NULL::boolean
               ->  Foreign Scan on public.tbl01  (cost=0.00..0.00 rows=1 width=46)
                     Output: c8, c5, c6, c7
                     Filter: NULL::boolean
                     Node: griddb_svr / Status: Alive
                       Limit push-down: no
                       Sort push-down: yes
                       Remote SQL: SELECT  *  FROM tbl01 WHERE ((c8 <> 0)) ORDER BY c8 DESC
(15 rows)

--Testcase 54:
SELECT max(c5 + c6), max(c7), min(c8) FROM tbl01 WHERE __spd_url != NULL GROUP BY c8 HAVING c8 != 0 ORDER BY c8 DESC LIMIT 5;
 max | max | min 
-----+-----+-----
(0 rows)

--Testcase 55:
EXPLAIN VERBOSE SELECT min(c7), max(c8), sum(c8-c9), count(c10) FROM tbl01 WHERE __spd_url NOT IN ('/awefwe/awefawef/af', '/pgspider') GROUP BY c4,c5 HAVING (c4 + c5) > 0 ORDER BY c4, c5 LIMIT 10;
                                                                              QUERY PLAN                                                                              
----------------------------------------------------------------------------------------------------------------------------------------------------------------------
 Limit  (cost=0.00..0.03 rows=1 width=64)
   Output: (min(c7)), (max(c8)), (sum(((c8)::double precision - c9))), (count(c10)), c4, c5
   ->  GroupAggregate  (cost=0.00..0.03 rows=1 width=64)
         Output: min(c7), max(c8), sum(((c8)::double precision - c9)), count(c10), c4, c5
         Group Key: tbl01.c4, tbl01.c5
         ->  Foreign Scan on public.tbl01  (cost=0.00..0.00 rows=1 width=58)
               Output: c4, c5, c7, c8, c9, c10
               Filter: ((tbl01.__spd_url <> ALL ('{/awefwe/awefawef/af,/pgspider}'::text[])) AND (((tbl01.c4)::double precision + tbl01.c5) > '0'::double precision))
               Node: griddb_svr / Status: Alive
                 Limit push-down: no
                 Sort push-down: yes
                 Remote SQL: SELECT  *  FROM tbl01 ORDER BY c4 ASC, c5 ASC
(12 rows)

--Testcase 56:
SELECT min(c7), max(c8), sum(c8-c9), count(c10) FROM tbl01 WHERE __spd_url NOT IN ('/awefwe/awefawef/af', '/pgspider') GROUP BY c4,c5 HAVING (c4 + c5) > 0 ORDER BY c4, c5 LIMIT 10;
                 min                 |      max      |     sum      | count 
-------------------------------------+---------------+--------------+-------
 polkiuytxp,^&*()_+=,kwikdikwik      |            34 |           34 |     1
 abcd,EFGH,友達と会                  |        203164 |    1.79e+108 |     1
 ABCDEFGHIJ                          |        564515 |   564459.785 |     1
 友達と会うので遅刻した 鍋 сковорода | 1579222800000 |    1.79e+108 |     1
 1,1,1,1,1                           |             0 |     -54.6565 |     1
 กขฃคฅฆงจฉชซฌญฎฏฐฑฒณดตถทธนบปผภฮ      |        232323 |    186666.35 |     1
 กระทะ Cái chảo                      |   54185454214 |       1e+108 |     1
 7次ノヌ,ノヌ従,援かや               |        -51989 | -1039924.565 |     1
(8 rows)

--LIMIT/OFFSET 10
--Testcase 57:
EXPLAIN VERBOSE SELECT * FROM tbl01 LIMIT 10;
                            QUERY PLAN                             
-------------------------------------------------------------------
 Foreign Scan on public.tbl01  (cost=1.00..1.00 rows=0 width=196)
   Output: c1, c2, c3, c4, c5, c6, c7, c8, c9, c10, c11, __spd_url
   Node: griddb_svr / Status: Alive
     Limit push-down: yes
     Remote SQL: SELECT  *  FROM tbl01 LIMIT 10
(5 rows)

--Testcase 58:
SELECT * FROM tbl01 LIMIT 10;
     c1     |     c2     |                  c3                   |   c4   |      c5       | c6 |                  c7                  |      c8       |     c9     | c10 |           c11           |  __spd_url   
------------+------------+---------------------------------------+--------+---------------+----+--------------------------------------+---------------+------------+-----+-------------------------+--------------
 ăâđêôơưdêđ | êdờenờíìờẹ | Thequickbrownfoxjumpsoverthelazydog   |  16767 |         22.15 | 12 | 友達と会うので遅刻した 鍋 сковорода  | 1579222800000 | -1.79e+108 | 212 | 1970-01-01 00:00:01.97  | /griddb_svr/
 84udycgsva | brownfo    | 敷ヘカウ告政ヨハツヤ消70者32精楽ざ    |  54545 |     -545.6456 |  6 | กระทะ Cái chảo                       |   54185454214 |    -1e+108 |  45 | 1970-01-01 00:00:09.999 | /griddb_svr/
 tyuiyytw   | QyhsgER    | べ員葉コ番告7次ノヌ従援かやじり図安ヨ |   9956 |             0 |  0 | ABCDEFGHIJ                           |        564515 |     55.215 | 454 | 1970-01-01 00:00:02.018 | /griddb_svr/
 友達と会   | oiuytrewqa | กขฃคฅฆงจฉชซฌญฎฏฐฑฒณดตถทธนบปผภฮ        |  -2333 |      545.5454 | -2 | ff333df6-90a4-4fda-8dd3-9485d28cee36 |       5458456 | -1.79e+108 |   4 | 1970-01-01 00:00:02.019 | /griddb_svr/
 !@#$%      | 7次ノヌ    | In Bulgarian it is desirable          |   7563 |      2362.323 | 54 | abcd,EFGH,友達と会                   |        203164 | -1.79e+108 |   6 | 1970-01-01 00:00:02.018 | /griddb_svr/
 IKLM       | กขฃคฅ      | And to some extent the rendition      |  34534 |      -985.455 | 12 | 1,1,1,1,1                            |             0 |    54.6565 |   4 | 1970-01-01 00:00:02.02  | /griddb_svr/
 บปผภ       | 援かや     | Canada Denmark Turkey Yemen Tokyo     | 167646 |        75.215 | 45 | 7次ノヌ,ノヌ従,援かや                |        -51989 | 987935.565 |  45 | 1970-01-01 00:00:02.021 | /griddb_svr/
 32精楽     | красивый   | Ông là nhà văn hiện thực thế kỷ 20    |      0 |             0 |  7 | 4f333df6-90a4-4fda-8dd3-9485d27ceea6 |          3453 |  5465.6526 | 786 | 1970-01-01 00:00:02.022 | /griddb_svr/
 IJKLMNOP   | InBulgaria | живетезелоземляиижеикаколюди          |   3453 | 5.4505455e+06 |  0 | polkiuytxp,^&*()_+=,kwikdikwik       |            34 |          0 |  76 | 1970-01-01 00:00:02.023 | /griddb_svr/
 IrelandIRN | `~!@#$%^   | 豆贝尔维克斯艾勒艾弗诶比迪吉吾艾儿    |  35345 |         22.15 | 12 | กขฃคฅฆงจฉชซฌญฎฏฐฑฒณดตถทธนบปผภฮ       |        232323 |   45656.65 | 786 | 1970-01-01 00:00:01.97  | /griddb_svr/
(10 rows)

--Testcase 59:
EXPLAIN VERBOSE SELECT c1, c2, c3, c4-22.2, c5+2.232, c6*12.11, c9+2.12, c10 + 232.23 FROM tbl01 LIMIT ALL;
                                                                             QUERY PLAN                                                                              
---------------------------------------------------------------------------------------------------------------------------------------------------------------------
 Foreign Scan on public.tbl01  (cost=100.00..280.65 rows=3413 width=208)
   Output: c1, c2, c3, ((c4)::numeric - 22.2), (c5 + '2.232'::double precision), ((c6)::numeric * 12.11), (c9 + '2.12'::double precision), ((c10)::numeric + 232.23)
   Node: griddb_svr / Status: Alive
     Remote SQL: SELECT  *  FROM tbl01
(4 rows)

--Testcase 60:
SELECT c1, c2, c3, c4-22.2, c5+2.232, c6*12.11, c9+2.12, c10 + 232.23 FROM tbl01 LIMIT ALL;
     c1     |     c2     |                  c3                   | ?column? |      ?column?      | ?column? |      ?column?      | ?column? 
------------+------------+---------------------------------------+----------+--------------------+----------+--------------------+----------
 ăâđêôơưdêđ | êdờenờíìờẹ | Thequickbrownfoxjumpsoverthelazydog   |  16744.8 | 24.381999618530273 |   145.32 |         -1.79e+108 |   444.23
 84udycgsva | brownfo    | 敷ヘカウ告政ヨハツヤ消70者32精楽ざ    |  54522.8 | -543.4136298828125 |    72.66 |            -1e+108 |   277.23
 tyuiyytw   | QyhsgER    | べ員葉コ番告7次ノヌ従援かやじり図安ヨ |   9933.8 |              2.232 |     0.00 |             57.335 |   686.23
 友達と会   | oiuytrewqa | กขฃคฅฆงจฉชซฌญฎฏฐฑฒณดตถทธนบปผภฮ        |  -2355.2 |    547.77741015625 |   -24.22 |         -1.79e+108 |   236.23
 !@#$%      | 7次ノヌ    | In Bulgarian it is desirable          |   7540.8 |  2364.554998046875 |   653.94 |         -1.79e+108 |   238.23
 IKLM       | กขฃคฅ      | And to some extent the rendition      |  34511.8 | -983.2230170898438 |   145.32 |            56.7765 |   236.23
 บปผภ       | 援かや     | Canada Denmark Turkey Yemen Tokyo     | 167623.8 |  77.44699633789062 |   544.95 |  987937.6849999999 |   277.23
 32精楽     | красивый   | Ông là nhà văn hiện thực thế kỷ 20    |    -22.2 |              2.232 |    84.77 |          5467.7726 |  1018.23
 IJKLMNOP   | InBulgaria | живетезелоземляиижеикаколюди          |   3430.8 |        5450547.732 |     0.00 |               2.12 |   308.23
 IrelandIRN | `~!@#$%^   | 豆贝尔维克斯艾勒艾弗诶比迪吉吾艾儿    |  35322.8 | 24.381999618530273 |   145.32 | 45658.770000000004 |  1018.23
(10 rows)

--Testcase 61:
EXPLAIN VERBOSE SELECT c1 || c2, c3 || c7, c4-c5+c10, c8-c9*12-c6 FROM tbl01 LIMIT 5;
                                                                                    QUERY PLAN                                                                                    
----------------------------------------------------------------------------------------------------------------------------------------------------------------------------------
 Foreign Scan on public.tbl01  (cost=1.00..1.00 rows=0 width=80)
   Output: (c1 || c2), (c3 || c7), (((c4)::double precision - c5) + (c10)::double precision), (((c8)::double precision - (c9 * '12'::double precision)) - (c6)::double precision)
   Node: griddb_svr / Status: Alive
     Limit push-down: yes
     Remote SQL: SELECT  *  FROM tbl01 LIMIT 5
(5 rows)

--Testcase 62:
SELECT c1 || c2, c3 || c7, c4-c5+c10, c8-c9*12-c6 FROM tbl01 LIMIT 5;
       ?column?       |                                ?column?                                |     ?column?      |        ?column?         
----------------------+------------------------------------------------------------------------+-------------------+-------------------------
 ăâđêôơưdêđêdờenờíìờẹ | Thequickbrownfoxjumpsoverthelazydog友達と会うので遅刻した 鍋 сковорода | 16956.85000038147 |              2.148e+109
 84udycgsvabrownfo    | 敷ヘカウ告政ヨハツヤ消70者32精楽ざกระทะ Cái chảo                       | 55135.64562988281 | 1.2000000000000001e+109
 tyuiyytwQyhsgER      | べ員葉コ番告7次ノヌ従援かやじり図安ヨABCDEFGHIJ                        |             10410 |               563852.42
 友達と会oiuytrewqa   | กขฃคฅฆงจฉชซฌญฎฏฐฑฒณดตถทธนบปผภฮff333df6-90a4-4fda-8dd3-9485d28cee36     | -2874.54541015625 |              2.148e+109
 !@#$%7次ノヌ         | In Bulgarian it is desirableabcd,EFGH,友達と会                         | 5206.677001953125 |              2.148e+109
(5 rows)

--Testcase 63:
EXPLAIN VERBOSE SELECT lower(c1 || c11 || c2), upper(c3 || c7), abs(c4-c5+c6), sqrt(c8/32+c9+c10) FROM tbl01 LIMIT 0;
                                                                                               QUERY PLAN                                                                                               
--------------------------------------------------------------------------------------------------------------------------------------------------------------------------------------------------------
 Foreign Scan on public.tbl01  (cost=1.00..1.00 rows=0 width=80)
   Output: lower(((c1 || (c11)::text) || c2)), upper((c3 || c7)), abs((((c4)::double precision - c5) + (c6)::double precision)), sqrt(((((c8 / 32))::double precision + c9) + (c10)::double precision))
   Node: griddb_svr / Status: Alive
     Limit push-down: yes
     Remote SQL: SELECT  *  FROM tbl01 LIMIT 0
(5 rows)

--Testcase 64:
SELECT lower(c1 || c11 || c2), upper(c3 || c7), abs(c4-c5+c6), sqrt(c8/32+c9+c10) FROM tbl01 LIMIT 0;
 lower | upper | abs | sqrt 
-------+-------+-----+------
(0 rows)

--LIMIT/OFFSET 11
--Testcase 65:
EXPLAIN VERBOSE SELECT * FROM tbl01 LIMIT 10 OFFSET 5;
                            QUERY PLAN                             
-------------------------------------------------------------------
 Foreign Scan on public.tbl01  (cost=1.00..1.00 rows=0 width=196)
   Output: c1, c2, c3, c4, c5, c6, c7, c8, c9, c10, c11, __spd_url
   Node: griddb_svr / Status: Alive
     Limit push-down: yes
     Remote SQL: SELECT  *  FROM tbl01 LIMIT 10 OFFSET 5
(5 rows)

--Testcase 66:
SELECT * FROM tbl01 LIMIT 10 OFFSET 5;
     c1     |     c2     |                 c3                 |   c4   |      c5       | c6 |                  c7                  |   c8   |     c9     | c10 |           c11           |  __spd_url   
------------+------------+------------------------------------+--------+---------------+----+--------------------------------------+--------+------------+-----+-------------------------+--------------
 IKLM       | กขฃคฅ      | And to some extent the rendition   |  34534 |      -985.455 | 12 | 1,1,1,1,1                            |      0 |    54.6565 |   4 | 1970-01-01 00:00:02.02  | /griddb_svr/
 บปผภ       | 援かや     | Canada Denmark Turkey Yemen Tokyo  | 167646 |        75.215 | 45 | 7次ノヌ,ノヌ従,援かや                | -51989 | 987935.565 |  45 | 1970-01-01 00:00:02.021 | /griddb_svr/
 32精楽     | красивый   | Ông là nhà văn hiện thực thế kỷ 20 |      0 |             0 |  7 | 4f333df6-90a4-4fda-8dd3-9485d27ceea6 |   3453 |  5465.6526 | 786 | 1970-01-01 00:00:02.022 | /griddb_svr/
 IJKLMNOP   | InBulgaria | живетезелоземляиижеикаколюди       |   3453 | 5.4505455e+06 |  0 | polkiuytxp,^&*()_+=,kwikdikwik       |     34 |          0 |  76 | 1970-01-01 00:00:02.023 | /griddb_svr/
 IrelandIRN | `~!@#$%^   | 豆贝尔维克斯艾勒艾弗诶比迪吉吾艾儿 |  35345 |         22.15 | 12 | กขฃคฅฆงจฉชซฌญฎฏฐฑฒณดตถทธนบปผภฮ       | 232323 |   45656.65 | 786 | 1970-01-01 00:00:01.97  | /griddb_svr/
(5 rows)

--Testcase 67:
EXPLAIN VERBOSE SELECT c1, c2, c3, c4 / 2, c5 + 100, c6*2, c9-23, c10 FROM tbl01 LIMIT ALL OFFSET 0;
                                                  QUERY PLAN                                                  
--------------------------------------------------------------------------------------------------------------
 Foreign Scan on public.tbl01  (cost=100.00..246.52 rows=3413 width=122)
   Output: c1, c2, c3, (c4 / 2), (c5 + '100'::double precision), (c6 * 2), (c9 - '23'::double precision), c10
   Node: griddb_svr / Status: Alive
     Remote SQL: SELECT  *  FROM tbl01
(4 rows)

--Testcase 68:
SELECT c1, c2, c3, c4 / 2, c5 + 100, c6*2, c9-23, c10 FROM tbl01 LIMIT ALL OFFSET 0;
     c1     |     c2     |                  c3                   | ?column? |      ?column?      | ?column? |  ?column?  | c10 
------------+------------+---------------------------------------+----------+--------------------+----------+------------+-----
 ăâđêôơưdêđ | êdờenờíìờẹ | Thequickbrownfoxjumpsoverthelazydog   |     8383 | 122.14999961853027 |       24 | -1.79e+108 | 212
 84udycgsva | brownfo    | 敷ヘカウ告政ヨハツヤ消70者32精楽ざ    |    27272 | -445.6456298828125 |       12 |    -1e+108 |  45
 tyuiyytw   | QyhsgER    | べ員葉コ番告7次ノヌ従援かやじり図安ヨ |     4978 |                100 |        0 |     32.215 | 454
 友達と会   | oiuytrewqa | กขฃคฅฆงจฉชซฌญฎฏฐฑฒณดตถทธนบปผภฮ        |    -1166 |    645.54541015625 |       -4 | -1.79e+108 |   4
 !@#$%      | 7次ノヌ    | In Bulgarian it is desirable          |     3781 |  2462.322998046875 |      108 | -1.79e+108 |   6
 IKLM       | กขฃคฅ      | And to some extent the rendition      |    17267 | -885.4550170898438 |       24 |    31.6565 |   4
 บปผภ       | 援かや     | Canada Denmark Turkey Yemen Tokyo     |    83823 | 175.21499633789062 |       90 | 987912.565 |  45
 32精楽     | красивый   | Ông là nhà văn hiện thực thế kỷ 20    |        0 |                100 |       14 |  5442.6526 | 786
 IJKLMNOP   | InBulgaria | живетезелоземляиижеикаколюди          |     1726 |          5450645.5 |        0 |        -23 |  76
 IrelandIRN | `~!@#$%^   | 豆贝尔维克斯艾勒艾弗诶比迪吉吾艾儿    |    17672 | 122.14999961853027 |       24 |   45633.65 | 786
(10 rows)

--Testcase 69:
EXPLAIN VERBOSE SELECT c1 || 'A', 'B' || c2, c3 || c7, c4-c5, c8/12+c9 FROM tbl01 LIMIT 5 OFFSET 5;
                                                           QUERY PLAN                                                            
---------------------------------------------------------------------------------------------------------------------------------
 Foreign Scan on public.tbl01  (cost=1.00..1.00 rows=0 width=112)
   Output: (c1 || 'A'::text), ('B'::text || c2), (c3 || c7), ((c4)::double precision - c5), (((c8 / 12))::double precision + c9)
   Node: griddb_svr / Status: Alive
     Limit push-down: yes
     Remote SQL: SELECT  *  FROM tbl01 LIMIT 5 OFFSET 5
(5 rows)

--Testcase 70:
SELECT c1 || 'A', 'B' || c2, c3 || c7, c4-c5, c8/12+c9 FROM tbl01 LIMIT 5 OFFSET 5;
  ?column?   |  ?column?   |                                ?column?                                |      ?column?      |  ?column?  
-------------+-------------+------------------------------------------------------------------------+--------------------+------------
 IKLMA       | Bกขฃคฅ      | And to some extent the rendition1,1,1,1,1                              | 35519.455017089844 |    54.6565
 บปผภA       | B援かや     | Canada Denmark Turkey Yemen Tokyo7次ノヌ,ノヌ従,援かや                 |  167570.7850036621 | 983603.565
 32精楽A     | Bкрасивый   | Ông là nhà văn hiện thực thế kỷ 204f333df6-90a4-4fda-8dd3-9485d27ceea6 |                  0 |  5752.6526
 IJKLMNOPA   | BInBulgaria | живетезелоземляиижеикаколюдиpolkiuytxp,^&*()_+=,kwikdikwik             |         -5447092.5 |          2
 IrelandIRNA | B`~!@#$%^   | 豆贝尔维克斯艾勒艾弗诶比迪吉吾艾儿กขฃคฅฆงจฉชซฌญฎฏฐฑฒณดตถทธนบปผภฮ       |  35322.85000038147 |   65016.65
(5 rows)

--Testcase 71:
EXPLAIN VERBOSE SELECT c4/3+c5, c6, c7 || 123, abs(c8-c5-c9+c10), c11 FROM tbl01 LIMIT 15 OFFSET 5;
                                                                     QUERY PLAN                                                                     
----------------------------------------------------------------------------------------------------------------------------------------------------
 Foreign Scan on public.tbl01  (cost=1.00..1.00 rows=0 width=58)
   Output: (((c4 / 3))::double precision + c5), c6, (c7 || '123'::text), abs(((((c8)::double precision - c5) - c9) + (c10)::double precision)), c11
   Node: griddb_svr / Status: Alive
     Limit push-down: yes
     Remote SQL: SELECT  *  FROM tbl01 LIMIT 15 OFFSET 5
(5 rows)

--Testcase 72:
SELECT c4/3+c5, c6, c7 || 123, abs(c8-c5-c9+c10), c11 FROM tbl01 LIMIT 15 OFFSET 5;
      ?column?      | c6 |                ?column?                 |        abs         |           c11           
--------------------+----+-----------------------------------------+--------------------+-------------------------
 10525.544982910156 | 12 | 1,1,1,1,1123                            |  934.7985170898437 | 1970-01-01 00:00:02.02
  55957.21499633789 | 45 | 7次ノヌ,ノヌ従,援かや123                | 1039954.7799963378 | 1970-01-01 00:00:02.021
                  0 |  7 | 4f333df6-90a4-4fda-8dd3-9485d27ceea6123 | 1226.6526000000003 | 1970-01-01 00:00:02.022
          5451696.5 |  0 | polkiuytxp,^&*()_+=,kwikdikwik123       |          5450435.5 | 1970-01-01 00:00:02.023
  11803.14999961853 | 12 | กขฃคฅฆงจฉชซฌญฎฏฐฑฒณดตถทธนบปผภฮ123       | 187430.20000038148 | 1970-01-01 00:00:01.97
(5 rows)

--LIMIT/OFFSET 12
--Testcase 73:
EXPLAIN VERBOSE SELECT * FROM tbl01 WHERE c3 > c7 LIMIT 10 OFFSET 5;
                                  QUERY PLAN                                   
-------------------------------------------------------------------------------
 Limit  (cost=100.53..101.59 rows=10 width=196)
   Output: c1, c2, c3, c4, c5, c6, c7, c8, c9, c10, c11, __spd_url
   ->  Foreign Scan on public.tbl01  (cost=100.00..220.92 rows=1138 width=196)
         Output: c1, c2, c3, c4, c5, c6, c7, c8, c9, c10, c11, __spd_url
         Filter: (tbl01.c3 > tbl01.c7)
         Node: griddb_svr / Status: Alive
           Limit push-down: no
           Remote SQL: SELECT  *  FROM tbl01
(8 rows)

--Testcase 74:
SELECT * FROM tbl01 WHERE c3 > c7 LIMIT 10 OFFSET 5;
     c1     |     c2     |                 c3                 |  c4   |      c5       | c6 |                  c7                  |   c8   |    c9     | c10 |           c11           |  __spd_url   
------------+------------+------------------------------------+-------+---------------+----+--------------------------------------+--------+-----------+-----+-------------------------+--------------
 32精楽     | красивый   | Ông là nhà văn hiện thực thế kỷ 20 |     0 |             0 |  7 | 4f333df6-90a4-4fda-8dd3-9485d27ceea6 |   3453 | 5465.6526 | 786 | 1970-01-01 00:00:02.022 | /griddb_svr/
 IJKLMNOP   | InBulgaria | живетезелоземляиижеикаколюди       |  3453 | 5.4505455e+06 |  0 | polkiuytxp,^&*()_+=,kwikdikwik       |     34 |         0 |  76 | 1970-01-01 00:00:02.023 | /griddb_svr/
 IrelandIRN | `~!@#$%^   | 豆贝尔维克斯艾勒艾弗诶比迪吉吾艾儿 | 35345 |         22.15 | 12 | กขฃคฅฆงจฉชซฌญฎฏฐฑฒณดตถทธนบปผภฮ       | 232323 |  45656.65 | 786 | 1970-01-01 00:00:01.97  | /griddb_svr/
(3 rows)

--Testcase 75:
EXPLAIN VERBOSE SELECT c1, c2, c3 || c7, c4/22+c8, c5+12*c9, c11 FROM tbl01 WHERE c7 NOT IN ('inbetween', 'simple') LIMIT 15 OFFSET 5;
                                              QUERY PLAN                                               
-------------------------------------------------------------------------------------------------------
 Foreign Scan on public.tbl01  (cost=1.00..1.00 rows=0 width=120)
   Output: c1, c2, (c3 || c7), ((c4 / 22) + c8), (c5 + ('12'::double precision * c9)), c11
   Node: griddb_svr / Status: Alive
     Limit push-down: yes
     Remote SQL: SELECT  *  FROM tbl01 WHERE (c7 <> 'inbetween'  AND c7 <> 'simple') LIMIT 15 OFFSET 5
(5 rows)

--Testcase 76:
SELECT c1, c2, c3 || c7, c4/22+c8, c5+12*c9, c11 FROM tbl01 WHERE c7 NOT IN ('inbetween', 'simple') LIMIT 15 OFFSET 5;
     c1     |     c2     |                                ?column?                                | ?column? |      ?column?      |           c11           
------------+------------+------------------------------------------------------------------------+----------+--------------------+-------------------------
 IKLM       | กขฃคฅ      | And to some extent the rendition1,1,1,1,1                              |     1569 | -329.5770170898437 | 1970-01-01 00:00:02.02
 บปผภ       | 援かや     | Canada Denmark Turkey Yemen Tokyo7次ノヌ,ノヌ従,援かや                 |   -44369 | 11855301.994996337 | 1970-01-01 00:00:02.021
 32精楽     | красивый   | Ông là nhà văn hiện thực thế kỷ 204f333df6-90a4-4fda-8dd3-9485d27ceea6 |     3453 |         65587.8312 | 1970-01-01 00:00:02.022
 IJKLMNOP   | InBulgaria | живетезелоземляиижеикаколюдиpolkiuytxp,^&*()_+=,kwikdikwik             |      190 |          5450545.5 | 1970-01-01 00:00:02.023
 IrelandIRN | `~!@#$%^   | 豆贝尔维克斯艾勒艾弗诶比迪吉吾艾儿กขฃคฅฆงจฉชซฌญฎฏฐฑฒณดตถทธนบปผภฮ       |   233929 |  547901.9499996186 | 1970-01-01 00:00:01.97
(5 rows)

--Testcase 77:
EXPLAIN VERBOSE SELECT c1 || c2, c7 || c3, c4-c6, c5*12 FROM tbl01 WHERE c3 != 'ABC' LIMIT 10 OFFSET 1;
                                  QUERY PLAN                                   
-------------------------------------------------------------------------------
 Foreign Scan on public.tbl01  (cost=1.00..1.00 rows=0 width=76)
   Output: (c1 || c2), (c7 || c3), (c4 - c6), (c5 * '12'::double precision)
   Node: griddb_svr / Status: Alive
     Limit push-down: yes
     Remote SQL: SELECT  *  FROM tbl01 WHERE ((c3 <> 'ABC')) LIMIT 10 OFFSET 1
(5 rows)

--Testcase 78:
SELECT c1 || c2, c7 || c3, c4-c6, c5*12 FROM tbl01 WHERE c3 != 'ABC' LIMIT 10 OFFSET 1;
      ?column?      |                                ?column?                                | ?column? |      ?column?       
--------------------+------------------------------------------------------------------------+----------+---------------------
 84udycgsvabrownfo  | กระทะ Cái chảo敷ヘカウ告政ヨハツヤ消70者32精楽ざ                       |    54539 |   -6547.74755859375
 tyuiyytwQyhsgER    | ABCDEFGHIJべ員葉コ番告7次ノヌ従援かやじり図安ヨ                        |     9956 |                   0
 友達と会oiuytrewqa | ff333df6-90a4-4fda-8dd3-9485d28cee36กขฃคฅฆงจฉชซฌญฎฏฐฑฒณดตถทธนบปผภฮ     |    -2331 |      6546.544921875
 !@#$%7次ノヌ       | abcd,EFGH,友達と会In Bulgarian it is desirable                         |     7509 |    28347.8759765625
 IKLMกขฃคฅ          | 1,1,1,1,1And to some extent the rendition                              |    34522 | -11825.460205078125
 บปผภ援かや         | 7次ノヌ,ノヌ従,援かやCanada Denmark Turkey Yemen Tokyo                 |   167601 |   902.5799560546875
 32精楽красивый     | 4f333df6-90a4-4fda-8dd3-9485d27ceea6Ông là nhà văn hiện thực thế kỷ 20 |       -7 |                   0
 IJKLMNOPInBulgaria | polkiuytxp,^&*()_+=,kwikdikwikживетезелоземляиижеикаколюди             |     3453 |            65406546
 IrelandIRN`~!@#$%^ | กขฃคฅฆงจฉชซฌญฎฏฐฑฒณดตถทธนบปผภฮ豆贝尔维克斯艾勒艾弗诶比迪吉吾艾儿       |    35333 |   265.7999954223633
(9 rows)

--LIMIT/OFFSET 13
--Testcase 79:
EXPLAIN VERBOSE SELECT c5/2 + c6, c7, abs(c8)/c9+c10, c11 FROM tbl01 GROUP BY c3, c5, c6, c7, c8, c9, c10, c11 HAVING c3 <> 'AJEFO' LIMIT 5;
                                                                                QUERY PLAN                                                                                 
---------------------------------------------------------------------------------------------------------------------------------------------------------------------------
 Limit  (cost=0.00..0.04 rows=1 width=112)
   Output: (((c5 / '2'::double precision) + (c6)::double precision)), c7, ((((abs(c8))::double precision / c9) + (c10)::double precision)), c11, c3, c5, c6, c8, c9, c10
   ->  Group  (cost=0.00..0.04 rows=1 width=112)
         Output: ((c5 / '2'::double precision) + (c6)::double precision), c7, (((abs(c8))::double precision / c9) + (c10)::double precision), c11, c3, c5, c6, c8, c9, c10
         Group Key: tbl01.c3, tbl01.c5, tbl01.c6, tbl01.c7, tbl01.c8, tbl01.c9, tbl01.c10, tbl01.c11
         ->  Foreign Scan on public.tbl01  (cost=0.00..0.00 rows=1 width=96)
               Output: c7, c11, c3, c5, c6, c8, c9, c10
               Node: griddb_svr / Status: Alive
                 Limit push-down: no
                 Remote SQL: SELECT  *  FROM tbl01 WHERE ((c3 <> 'AJEFO')) ORDER BY c3 ASC, c5 ASC, c6 ASC, c7 ASC, c8 ASC, c9 ASC, c10 ASC, c11 ASC
(10 rows)

--Testcase 80:
SELECT c5/2 + c6, c7, abs(c8)/c9+c10, c11 FROM tbl01 GROUP BY c3, c5, c6, c7, c8, c9, c10, c11 HAVING c3 <> 'AJEFO' LIMIT 5;
      ?column?      |                  c7                  |      ?column?      |           c11           
--------------------+--------------------------------------+--------------------+-------------------------
 -480.7275085449219 | 1,1,1,1,1                            |                  4 | 1970-01-01 00:00:02.02
  82.60749816894531 | 7次ノヌ,ノヌ従,援かや                | 45.052623877347706 | 1970-01-01 00:00:02.021
 1235.1614990234375 | abcd,EFGH,友達と会                   |                  6 | 1970-01-01 00:00:02.018
 23.074999809265137 | 友達と会うので遅刻した 鍋 сковорода  |                212 | 1970-01-01 00:00:01.97
                  7 | 4f333df6-90a4-4fda-8dd3-9485d27ceea6 |  786.6317635335989 | 1970-01-01 00:00:02.022
(5 rows)

--Testcase 81:
EXPLAIN VERBOSE SELECT lower(c1), c3, c5, upper(c7), c9, c11 FROM tbl01 GROUP BY c1, c3, c5, c7, c9, c11 HAVING sum(c5) != c9 LIMIT 5;
                                                 QUERY PLAN                                                 
------------------------------------------------------------------------------------------------------------
 Limit  (cost=0.00..0.03 rows=1 width=180)
   Output: (lower(c1)), c3, c5, (upper(c7)), c9, c11, c1, c7
   ->  GroupAggregate  (cost=0.00..0.03 rows=1 width=180)
         Output: lower(c1), c3, c5, upper(c7), c9, c11, c1, c7
         Group Key: tbl01.c1, tbl01.c3, tbl01.c5, tbl01.c7, tbl01.c9, tbl01.c11
         Filter: (sum(tbl01.c5) <> tbl01.c9)
         ->  Foreign Scan on public.tbl01  (cost=0.00..0.00 rows=1 width=116)
               Output: c3, c5, c9, c11, c1, c7
               Node: griddb_svr / Status: Alive
                 Limit push-down: no
                 Remote SQL: SELECT  *  FROM tbl01 ORDER BY c1 ASC, c3 ASC, c5 ASC, c7 ASC, c9 ASC, c11 ASC
(11 rows)

--Testcase 82:
SELECT lower(c1), c3, c5, upper(c7), c9, c11 FROM tbl01 GROUP BY c1, c3, c5, c7, c9, c11 HAVING sum(c5) != c9 LIMIT 5;
   lower    |                 c3                 |      c5       |                upper                 |     c9     |           c11           
------------+------------------------------------+---------------+--------------------------------------+------------+-------------------------
 !@#$%      | In Bulgarian it is desirable       |      2362.323 | ABCD,EFGH,友達と会                   | -1.79e+108 | 1970-01-01 00:00:02.018
 32精楽     | Ông là nhà văn hiện thực thế kỷ 20 |             0 | 4F333DF6-90A4-4FDA-8DD3-9485D27CEEA6 |  5465.6526 | 1970-01-01 00:00:02.022
 84udycgsva | 敷ヘカウ告政ヨハツヤ消70者32精楽ざ |     -545.6456 | กระทะ CÁI CHẢO                       |    -1e+108 | 1970-01-01 00:00:09.999
 ijklmnop   | живетезелоземляиижеикаколюди       | 5.4505455e+06 | POLKIUYTXP,^&*()_+=,KWIKDIKWIK       |          0 | 1970-01-01 00:00:02.023
 iklm       | And to some extent the rendition   |      -985.455 | 1,1,1,1,1                            |    54.6565 | 1970-01-01 00:00:02.02
(5 rows)

--Testcase 83:
EXPLAIN VERBOSE SELECT upper(c1 || c2), lower(c3 || c7), c4/100-c5 FROM tbl01 GROUP BY c1, c2, c3, c4, c5, c6, c7, c8 HAVING max(c4) > max(c8) LIMIT 10;
                                                         QUERY PLAN                                                          
-----------------------------------------------------------------------------------------------------------------------------
 Limit  (cost=0.00..0.06 rows=1 width=218)
   Output: (upper((c1 || c2))), (lower((c3 || c7))), ((((c4 / 100))::double precision - c5)), c1, c2, c3, c4, c5, c6, c7, c8
   ->  GroupAggregate  (cost=0.00..0.06 rows=1 width=218)
         Output: upper((c1 || c2)), lower((c3 || c7)), (((c4 / 100))::double precision - c5), c1, c2, c3, c4, c5, c6, c7, c8
         Group Key: tbl01.c1, tbl01.c2, tbl01.c3, tbl01.c4, tbl01.c5, tbl01.c6, tbl01.c7, tbl01.c8
         Filter: (max(tbl01.c4) > max(tbl01.c8))
         ->  Foreign Scan on public.tbl01  (cost=0.00..0.00 rows=1 width=146)
               Output: c1, c2, c3, c4, c5, c6, c7, c8
               Node: griddb_svr / Status: Alive
                 Limit push-down: no
                 Remote SQL: SELECT  *  FROM tbl01 ORDER BY c1 ASC, c2 ASC, c3 ASC, c4 ASC, c5 ASC, c6 ASC, c7 ASC, c8 ASC
(11 rows)

--Testcase 84:
SELECT upper(c1 || c2), lower(c3 || c7), c4/100-c5 FROM tbl01 GROUP BY c1, c2, c3, c4, c5, c6, c7, c8 HAVING max(c4) > max(c8) LIMIT 10;
       upper        |                           lower                            |      ?column?      
--------------------+------------------------------------------------------------+--------------------
 IJKLMNOPINBULGARIA | живетезелоземляиижеикаколюдиpolkiuytxp,^&*()_+=,kwikdikwik |         -5450511.5
 IKLMกขฃคฅ          | and to some extent the rendition1,1,1,1,1                  | 1330.4550170898438
 บปผภ援かや         | canada denmark turkey yemen tokyo7次ノヌ,ノヌ従,援かや     | 1600.7850036621094
(3 rows)

--Testcase 85:
EXPLAIN VERBOSE SELECT c1, c2, c3 || c7, c4/100-c5 FROM tbl01 GROUP BY c1, c2, c3, c4, c5, c7, c8 HAVING min(c4) < min(c8) LIMIT 10;
                                                    QUERY PLAN                                                     
-------------------------------------------------------------------------------------------------------------------
 Limit  (cost=0.00..0.05 rows=1 width=184)
   Output: c1, c2, ((c3 || c7)), ((((c4 / 100))::double precision - c5)), c3, c4, c5, c7, c8
   ->  GroupAggregate  (cost=0.00..0.05 rows=1 width=184)
         Output: c1, c2, (c3 || c7), (((c4 / 100))::double precision - c5), c3, c4, c5, c7, c8
         Group Key: tbl01.c1, tbl01.c2, tbl01.c3, tbl01.c4, tbl01.c5, tbl01.c7, tbl01.c8
         Filter: (min(tbl01.c4) < min(tbl01.c8))
         ->  Foreign Scan on public.tbl01  (cost=0.00..0.00 rows=1 width=144)
               Output: c1, c2, c3, c4, c5, c7, c8
               Node: griddb_svr / Status: Alive
                 Limit push-down: no
                 Remote SQL: SELECT  *  FROM tbl01 ORDER BY c1 ASC, c2 ASC, c3 ASC, c4 ASC, c5 ASC, c7 ASC, c8 ASC
(11 rows)

--Testcase 86:
SELECT c1, c2, c3 || c7, c4/100-c5 FROM tbl01 GROUP BY c1, c2, c3, c4, c5, c7, c8 HAVING min(c4) < min(c8) LIMIT 10;
     c1     |     c2     |                                ?column?                                |      ?column?      
------------+------------+------------------------------------------------------------------------+--------------------
 !@#$%      | 7次ノヌ    | In Bulgarian it is desirableabcd,EFGH,友達と会                         | -2287.322998046875
 32精楽     | красивый   | Ông là nhà văn hiện thực thế kỷ 204f333df6-90a4-4fda-8dd3-9485d27ceea6 |                  0
 84udycgsva | brownfo    | 敷ヘカウ告政ヨハツヤ消70者32精楽ざกระทะ Cái chảo                       | 1090.6456298828125
 IrelandIRN | `~!@#$%^   | 豆贝尔维克斯艾勒艾弗诶比迪吉吾艾儿กขฃคฅฆงจฉชซฌญฎฏฐฑฒณดตถทธนบปผภฮ       |  330.8500003814697
 tyuiyytw   | QyhsgER    | べ員葉コ番告7次ノヌ従援かやじり図安ヨABCDEFGHIJ                        |                 99
 ăâđêôơưdêđ | êdờenờíìờẹ | Thequickbrownfoxjumpsoverthelazydog友達と会うので遅刻した 鍋 сковорода | 144.85000038146973
 友達と会   | oiuytrewqa | กขฃคฅฆงจฉชซฌญฎฏฐฑฒณดตถทธนบปผภฮff333df6-90a4-4fda-8dd3-9485d28cee36     |   -568.54541015625
(7 rows)

--LIMIT/OFFSET 14
--Testcase 87:
EXPLAIN VERBOSE SELECT c1 || c2, c3, c4, c5, to_hex(c6), c9, c10 FROM tbl01 WHERE c4/c5 > c4/c9 GROUP BY c1, c2, c3, c4, c5, c6, c9, c10 HAVING c3 != '$%' LIMIT 5;
psql:sql/limit/limit_orderby.sql:189: ERROR:  function to_hex(smallint) is not unique
LINE 1: EXPLAIN VERBOSE SELECT c1 || c2, c3, c4, c5, to_hex(c6), c9,...
                                                     ^
HINT:  Could not choose a best candidate function. You might need to add explicit type casts.
--Testcase 88:
SELECT c1 || c2, c3, c4, c5, to_hex(c6), c9, c10 FROM tbl01 WHERE c4/c5 > c4/c9 GROUP BY c1, c2, c3, c4, c5, c6, c9, c10 HAVING c3 != '$%' LIMIT 5;
psql:sql/limit/limit_orderby.sql:191: ERROR:  function to_hex(smallint) is not unique
LINE 1: SELECT c1 || c2, c3, c4, c5, to_hex(c6), c9, c10 FROM tbl01 ...
                                     ^
HINT:  Could not choose a best candidate function. You might need to add explicit type casts.
--Testcase 89:
EXPLAIN VERBOSE SELECT c1 || c2 || c3, c7, round(c4-c5, 2), floor(c8/c9) FROM tbl01 WHERE c4-c5 > c8-c9 GROUP BY c1, c2, c3, c4, c5, c6, c7, c8, c9 HAVING c6 < c5 LIMIT 15;
psql:sql/limit/limit_orderby.sql:193: ERROR:  function round(double precision, integer) does not exist
LINE 1: EXPLAIN VERBOSE SELECT c1 || c2 || c3, c7, round(c4-c5, 2), ...
                                                   ^
HINT:  No function matches the given name and argument types. You might need to add explicit type casts.
--Testcase 90:
SELECT c1 || c2 || c3, c7, round(c4-c5, 2), floor(c8/c9) FROM tbl01 WHERE c4-c5 > c8-c9 GROUP BY c1, c2, c3, c4, c5, c6, c7, c8, c9 HAVING c6 < c5 LIMIT 15;
psql:sql/limit/limit_orderby.sql:195: ERROR:  function round(double precision, integer) does not exist
LINE 1: SELECT c1 || c2 || c3, c7, round(c4-c5, 2), floor(c8/c9) FRO...
                                   ^
HINT:  No function matches the given name and argument types. You might need to add explicit type casts.
--Testcase 91:
EXPLAIN VERBOSE SELECT c4/2+c5, c6, c7, c8/22*c5-c9, c10, c11 FROM tbl01 WHERE c4/100+c5 > c8 GROUP BY c4, c5, c6, c7, c8, c9, c10, c11 HAVING c4 != 0 LIMIT 15;
                                                                  QUERY PLAN                                                                   
-----------------------------------------------------------------------------------------------------------------------------------------------
 Limit  (cost=0.00..0.04 rows=1 width=84)
   Output: ((((c4 / 2))::double precision + c5)), c6, c7, (((((c8 / 22))::double precision * c5) - c9)), c10, c11, c4, c5, c8, c9
   ->  Group  (cost=0.00..0.04 rows=1 width=84)
         Output: (((c4 / 2))::double precision + c5), c6, c7, ((((c8 / 22))::double precision * c5) - c9), c10, c11, c4, c5, c8, c9
         Group Key: tbl01.c4, tbl01.c5, tbl01.c6, tbl01.c7, tbl01.c8, tbl01.c9, tbl01.c10, tbl01.c11
         ->  Foreign Scan on public.tbl01  (cost=0.00..0.00 rows=1 width=68)
               Output: c6, c7, c10, c11, c4, c5, c8, c9
               Filter: ((((tbl01.c4 / 100))::double precision + tbl01.c5) > (tbl01.c8)::double precision)
               Node: griddb_svr / Status: Alive
                 Limit push-down: no
                 Remote SQL: SELECT  *  FROM tbl01 WHERE ((c4 <> 0)) ORDER BY c4 ASC, c5 ASC, c6 ASC, c7 ASC, c8 ASC, c9 ASC, c10 ASC, c11 ASC
(11 rows)

--Testcase 92:
SELECT c4/2+c5, c6, c7, c8/22*c5-c9, c10, c11 FROM tbl01 WHERE c4/100+c5 > c8 GROUP BY c4, c5, c6, c7, c8, c9, c10, c11 HAVING c4 != 0 LIMIT 15;
     ?column?      | c6 |               c7               |      ?column?       | c10 |           c11           
-------------------+----+--------------------------------+---------------------+-----+-------------------------
         5452271.5 |  0 | polkiuytxp,^&*()_+=,kwikdikwik |           5450545.5 |  76 | 1970-01-01 00:00:02.023
 83898.21499633789 | 45 | 7次ノヌ,ノヌ従,援かや          | -1165668.6013464355 |  45 | 1970-01-01 00:00:02.021
(2 rows)

--Testcase 93:
EXPLAIN VERBOSE SELECT lower(c1 || c3), c5, c7, c9, c11 + '1 hour'::interval FROM tbl01 WHERE c3 NOT IN ('/pgspider', '/postgres', '/svr')  GROUP BY c1, c3, c5, c7, c8, c9, c11 HAVING c8 BETWEEN -10000 AND 10000 LIMIT 15;
                                                                                                            QUERY PLAN                                                                                                            
----------------------------------------------------------------------------------------------------------------------------------------------------------------------------------------------------------------------------------
 Limit  (cost=0.00..0.03 rows=1 width=164)
   Output: (lower((c1 || c3))), c5, c7, c9, ((c11 + '@ 1 hour'::interval)), c1, c3, c8, c11
   ->  Group  (cost=0.00..0.03 rows=1 width=164)
         Output: lower((c1 || c3)), c5, c7, c9, (c11 + '@ 1 hour'::interval), c1, c3, c8, c11
         Group Key: tbl01.c1, tbl01.c3, tbl01.c5, tbl01.c7, tbl01.c8, tbl01.c9, tbl01.c11
         ->  Foreign Scan on public.tbl01  (cost=0.00..0.00 rows=1 width=124)
               Output: c5, c7, c9, c1, c3, c8, c11
               Node: griddb_svr / Status: Alive
                 Limit push-down: no
                 Remote SQL: SELECT  *  FROM tbl01 WHERE (c3 <> '/pgspider'  AND c3 <> '/postgres'  AND c3 <> '/svr') AND ((c8 >= (-10000))) AND ((c8 <= 10000)) ORDER BY c1 ASC, c3 ASC, c5 ASC, c7 ASC, c8 ASC, c9 ASC, c11 ASC
(10 rows)

--Testcase 94:
SELECT lower(c1 || c3), c5, c7, c9, c11 + '1 hour'::interval FROM tbl01 WHERE c3 NOT IN ('/pgspider', '/postgres', '/svr')  GROUP BY c1, c3, c5, c7, c8, c9, c11 HAVING c8 BETWEEN -10000 AND 10000 LIMIT 15;
                  lower                   |      c5       |                  c7                  |    c9     |        ?column?         
------------------------------------------+---------------+--------------------------------------+-----------+-------------------------
 32精楽ông là nhà văn hiện thực thế kỷ 20 |             0 | 4f333df6-90a4-4fda-8dd3-9485d27ceea6 | 5465.6526 | 1970-01-01 01:00:02.022
 ijklmnopживетезелоземляиижеикаколюди     | 5.4505455e+06 | polkiuytxp,^&*()_+=,kwikdikwik       |         0 | 1970-01-01 01:00:02.023
 iklmand to some extent the rendition     |      -985.455 | 1,1,1,1,1                            |   54.6565 | 1970-01-01 01:00:02.02
(3 rows)

--LIMIT/OFFSET 15
--Testcase 95:
EXPLAIN VERBOSE SELECT c1 || c2, c3, c4 - 100, c5, c6, c9, c10 FROM tbl01 WHERE c4-c5 > c8-c9 GROUP BY 1, 2, 3, 4, 5, 6, 7 ORDER BY 1 ASC, 2 DESC, 3, 4, 5, 6, 7 LIMIT 5;
                                                       QUERY PLAN                                                       
------------------------------------------------------------------------------------------------------------------------
 Limit  (cost=286.98..286.99 rows=5 width=84)
   Output: ((c1 || c2)), c3, ((c4 - 100)), c5, c6, c9, c10
   ->  Sort  (cost=286.98..287.48 rows=200 width=84)
         Output: ((c1 || c2)), c3, ((c4 - 100)), c5, c6, c9, c10
         Sort Key: ((tbl01.c1 || tbl01.c2)), tbl01.c3 DESC, ((tbl01.c4 - 100)), tbl01.c5, tbl01.c6, tbl01.c9, tbl01.c10
         ->  HashAggregate  (cost=280.66..283.66 rows=200 width=84)
               Output: ((c1 || c2)), c3, ((c4 - 100)), c5, c6, c9, c10
               Group Key: (tbl01.c1 || tbl01.c2), tbl01.c3, (tbl01.c4 - 100), tbl01.c5, tbl01.c6, tbl01.c9, tbl01.c10
               ->  Foreign Scan on public.tbl01  (cost=100.00..260.74 rows=1138 width=84)
                     Output: (c1 || c2), c3, (c4 - 100), c5, c6, c9, c10
                     Filter: (((tbl01.c4)::double precision - tbl01.c5) > ((tbl01.c8)::double precision - tbl01.c9))
                     Node: griddb_svr / Status: Alive
                       Limit push-down: no
                       Sort push-down: no
                       Remote SQL: SELECT  *  FROM tbl01
(15 rows)

--Testcase 96:
SELECT c1 || c2, c3, c4 - 100, c5, c6, c9, c10 FROM tbl01 WHERE c4-c5 > c8-c9 GROUP BY 1, 2, 3, 4, 5, 6, 7 ORDER BY 1 ASC, 2 DESC, 3, 4, 5, 6, 7 LIMIT 5;
    ?column?    |                 c3                 | ?column? |    c5    | c6 |     c9     | c10 
----------------+------------------------------------+----------+----------+----+------------+-----
 32精楽красивый | Ông là nhà văn hiện thực thế kỷ 20 |     -100 |        0 |  7 |  5465.6526 | 786
 IKLMกขฃคฅ      | And to some extent the rendition   |    34434 | -985.455 | 12 |    54.6565 |   4
 บปผภ援かや     | Canada Denmark Turkey Yemen Tokyo  |   167546 |   75.215 | 45 | 987935.565 |  45
(3 rows)

--Testcase 97:
EXPLAIN VERBOSE SELECT c1, c2 || c3 || c7, ceil(c4-c5), abs(c8/c9) FROM tbl01 WHERE c4/100+c5 > c8 GROUP BY 1, 2, 3, 4 ORDER BY 1 DESC, 2, 3, 4 LIMIT 15;
                                                                                  QUERY PLAN                                                                                  
------------------------------------------------------------------------------------------------------------------------------------------------------------------------------
 Limit  (cost=300.10..300.14 rows=15 width=80)
   Output: c1, (((c2 || c3) || c7)), (ceil(((c4)::double precision - c5))), (abs(((c8)::double precision / c9)))
   ->  Sort  (cost=300.10..300.60 rows=200 width=80)
         Output: c1, (((c2 || c3) || c7)), (ceil(((c4)::double precision - c5))), (abs(((c8)::double precision / c9)))
         Sort Key: tbl01.c1 DESC, (((tbl01.c2 || tbl01.c3) || tbl01.c7)), (ceil(((tbl01.c4)::double precision - tbl01.c5))), (abs(((tbl01.c8)::double precision / tbl01.c9)))
         ->  HashAggregate  (cost=289.19..295.19 rows=200 width=80)
               Output: c1, (((c2 || c3) || c7)), (ceil(((c4)::double precision - c5))), (abs(((c8)::double precision / c9)))
               Group Key: tbl01.c1, ((tbl01.c2 || tbl01.c3) || tbl01.c7), ceil(((tbl01.c4)::double precision - tbl01.c5)), abs(((tbl01.c8)::double precision / tbl01.c9))
               ->  Foreign Scan on public.tbl01  (cost=100.00..277.81 rows=1138 width=80)
                     Output: c1, ((c2 || c3) || c7), ceil(((c4)::double precision - c5)), abs(((c8)::double precision / c9))
                     Filter: ((((tbl01.c4 / 100))::double precision + tbl01.c5) > (tbl01.c8)::double precision)
                     Node: griddb_svr / Status: Alive
                       Limit push-down: no
                       Sort push-down: no
                       Remote SQL: SELECT  *  FROM tbl01
(15 rows)

--Testcase 98:
SELECT c1, c2 || c3 || c7, ceil(c4-c5), abs(c8/c9) FROM tbl01 WHERE c4/100+c5 > c8 GROUP BY 1, 2, 3, 4 ORDER BY 1 DESC, 2, 3, 4 LIMIT 15;
psql:sql/limit/limit_orderby.sql:212: ERROR:  division by zero
--Testcase 99:
EXPLAIN VERBOSE SELECT lower(c1 || c2), c3, c4-c5, c8*0.212+c9, c11 FROM tbl01 WHERE c3 <> 'AJEOF' GROUP BY 1, 2, 3, 4, 5 ORDER BY 1 ASC, 2, 3, 4, 5 LIMIT 5;
                                                                                       QUERY PLAN                                                                                       
----------------------------------------------------------------------------------------------------------------------------------------------------------------------------------------
 Limit  (cost=340.27..340.29 rows=5 width=88)
   Output: (lower((c1 || c2))), c3, (((c4)::double precision - c5)), (((((c8)::numeric * 0.212))::double precision + c9)), c11
   ->  Sort  (cost=340.27..340.77 rows=200 width=88)
         Output: (lower((c1 || c2))), c3, (((c4)::double precision - c5)), (((((c8)::numeric * 0.212))::double precision + c9)), c11
         Sort Key: (lower((tbl01.c1 || tbl01.c2))), tbl01.c3, (((tbl01.c4)::double precision - tbl01.c5)), (((((tbl01.c8)::numeric * 0.212))::double precision + tbl01.c9)), tbl01.c11
         ->  HashAggregate  (cost=330.95..336.95 rows=200 width=88)
               Output: (lower((c1 || c2))), c3, (((c4)::double precision - c5)), (((((c8)::numeric * 0.212))::double precision + c9)), c11
               Group Key: lower((tbl01.c1 || tbl01.c2)), tbl01.c3, ((tbl01.c4)::double precision - tbl01.c5), ((((tbl01.c8)::numeric * 0.212))::double precision + tbl01.c9), tbl01.c11
               ->  Foreign Scan on public.tbl01  (cost=100.00..288.50 rows=3396 width=88)
                     Output: lower((c1 || c2)), c3, ((c4)::double precision - c5), ((((c8)::numeric * 0.212))::double precision + c9), c11
                     Node: griddb_svr / Status: Alive
                       Limit push-down: no
                       Sort push-down: no
                       Remote SQL: SELECT  *  FROM tbl01 WHERE ((c3 <> 'AJEOF'))
(14 rows)

--Testcase 100:
SELECT lower(c1 || c2), c3, c4-c5, c8*0.212+c9, c11 FROM tbl01 WHERE c3 <> 'AJEOF' GROUP BY 1, 2, 3, 4, 5 ORDER BY 1 ASC, 2, 3, 4, 5 LIMIT 5;
        lower         |                 c3                  |     ?column?      |  ?column?  |           c11           
----------------------+-------------------------------------+-------------------+------------+-------------------------
 32精楽красивый       | Ông là nhà văn hiện thực thế kỷ 20  |                 0 |  6197.6886 | 1970-01-01 00:00:02.022
 !@#$%7次ノヌ         | In Bulgarian it is desirable        | 5200.677001953125 | -1.79e+108 | 1970-01-01 00:00:02.018
 84udycgsvabrownfo    | 敷ヘカウ告政ヨハツヤ消70者32精楽ざ  | 55090.64562988281 |    -1e+108 | 1970-01-01 00:00:09.999
 ăâđêôơưdêđêdờenờíìờẹ | Thequickbrownfoxjumpsoverthelazydog | 16744.85000038147 | -1.79e+108 | 1970-01-01 00:00:01.97
 ijklmnopinbulgaria   | живетезелоземляиижеикаколюди        |        -5447092.5 |      7.208 | 1970-01-01 00:00:02.023
(5 rows)

--Testcase 101:
EXPLAIN VERBOSE SELECT upper(c1 || '&' || c3), c5, c7, c9, c11 + '1 hour'::interval FROM tbl01 WHERE c7 != '[]' GROUP BY 1, 2, 3, 4, 5 ORDER BY 1, 2, 3, 4, 5 LIMIT 10;
                                                               QUERY PLAN                                                                
-----------------------------------------------------------------------------------------------------------------------------------------
 Limit  (cost=305.31..305.34 rows=10 width=84)
   Output: (upper(((c1 || '&'::text) || c3))), c5, c7, c9, ((c11 + '@ 1 hour'::interval))
   ->  Sort  (cost=305.31..305.81 rows=200 width=84)
         Output: (upper(((c1 || '&'::text) || c3))), c5, c7, c9, ((c11 + '@ 1 hour'::interval))
         Sort Key: (upper(((tbl01.c1 || '&'::text) || tbl01.c3))), tbl01.c5, tbl01.c7, tbl01.c9, ((tbl01.c11 + '@ 1 hour'::interval))
         ->  HashAggregate  (cost=296.99..300.99 rows=200 width=84)
               Output: (upper(((c1 || '&'::text) || c3))), c5, c7, c9, ((c11 + '@ 1 hour'::interval))
               Group Key: upper(((tbl01.c1 || '&'::text) || tbl01.c3)), tbl01.c5, tbl01.c7, tbl01.c9, (tbl01.c11 + '@ 1 hour'::interval)
               ->  Foreign Scan on public.tbl01  (cost=100.00..254.54 rows=3396 width=84)
                     Output: upper(((c1 || '&'::text) || c3)), c5, c7, c9, (c11 + '@ 1 hour'::interval)
                     Node: griddb_svr / Status: Alive
                       Limit push-down: no
                       Sort push-down: no
                       Remote SQL: SELECT  *  FROM tbl01 WHERE ((c7 <> '[]'))
(14 rows)

--Testcase 102:
SELECT upper(c1 || '&' || c3), c5, c7, c9, c11 + '1 hour'::interval FROM tbl01 WHERE c7 != '[]' GROUP BY 1, 2, 3, 4, 5 ORDER BY 1, 2, 3, 4, 5 LIMIT 10;
                     upper                      |      c5       |                  c7                  |     c9     |        ?column?         
------------------------------------------------+---------------+--------------------------------------+------------+-------------------------
 32精楽&ÔNG LÀ NHÀ VĂN HIỆN THỰC THẾ KỶ 20      |             0 | 4f333df6-90a4-4fda-8dd3-9485d27ceea6 |  5465.6526 | 1970-01-01 01:00:02.022
 84UDYCGSVA&敷ヘカウ告政ヨハツヤ消70者32精楽ざ  |     -545.6456 | กระทะ Cái chảo                       |    -1e+108 | 1970-01-01 01:00:09.999
 ĂÂĐÊÔƠƯDÊĐ&THEQUICKBROWNFOXJUMPSOVERTHELAZYDOG |         22.15 | 友達と会うので遅刻した 鍋 сковорода  | -1.79e+108 | 1970-01-01 01:00:01.97
 บปผภ&CANADA DENMARK TURKEY YEMEN TOKYO         |        75.215 | 7次ノヌ,ノヌ従,援かや                | 987935.565 | 1970-01-01 01:00:02.021
 IJKLMNOP&ЖИВЕТЕЗЕЛОЗЕМЛЯИИЖЕИКАКОЛЮДИ          | 5.4505455e+06 | polkiuytxp,^&*()_+=,kwikdikwik       |          0 | 1970-01-01 01:00:02.023
 IKLM&AND TO SOME EXTENT THE RENDITION          |      -985.455 | 1,1,1,1,1                            |    54.6565 | 1970-01-01 01:00:02.02
 !@#$%&IN BULGARIAN IT IS DESIRABLE             |      2362.323 | abcd,EFGH,友達と会                   | -1.79e+108 | 1970-01-01 01:00:02.018
 IRELANDIRN&豆贝尔维克斯艾勒艾弗诶比迪吉吾艾儿  |         22.15 | กขฃคฅฆงจฉชซฌญฎฏฐฑฒณดตถทธนบปผภฮ       |   45656.65 | 1970-01-01 01:00:01.97
 TYUIYYTW&べ員葉コ番告7次ノヌ従援かやじり図安ヨ |             0 | ABCDEFGHIJ                           |     55.215 | 1970-01-01 01:00:02.018
 友達と会&กขฃคฅฆงจฉชซฌญฎฏฐฑฒณดตถทธนบปผภฮ        |      545.5454 | ff333df6-90a4-4fda-8dd3-9485d28cee36 | -1.79e+108 | 1970-01-01 01:00:02.019
(10 rows)

--LIMIT/OFFSET 16
--Testcase 103:
EXPLAIN VERBOSE SELECT count(*) FROM tbl01 WHERE c8 > 0 ORDER BY 1 LIMIT 5;
                               QUERY PLAN                                
-------------------------------------------------------------------------
 Limit  (cost=1.01..1.01 rows=1 width=8)
   Output: (count(*))
   ->  Sort  (cost=1.01..1.01 rows=1 width=8)
         Output: (count(*))
         Sort Key: (count(*))
         ->  Foreign Scan  (cost=1.00..1.00 rows=1 width=8)
               Output: (count(*))
               Node: griddb_svr / Status: Alive
                 Limit push-down: no
                 Sort push-down: no
                 Agg push-down: yes
                 Remote SQL: SELECT count(*) FROM tbl01 WHERE ((c8 > 0))
(12 rows)

--Testcase 104:
SELECT count(*) FROM tbl01 WHERE c8 > 0 ORDER BY 1 LIMIT 5;
 count 
-------
     8
(1 row)

--Testcase 105:
EXPLAIN VERBOSE SELECT min(c1 || c2), max(c3), min(c4), sum(c5) FROM tbl01 WHERE c4 <> 0 ORDER BY 1 ASC, 2 DESC, 3 LIMIT 1;
                                        QUERY PLAN                                         
-------------------------------------------------------------------------------------------
 Limit  (cost=263.05..263.06 rows=1 width=72)
   Output: (min((c1 || c2))), (max(c3)), (min(c4)), (sum(c5))
   ->  Sort  (cost=263.05..263.06 rows=1 width=72)
         Output: (min((c1 || c2))), (max(c3)), (min(c4)), (sum(c5))
         Sort Key: (min((tbl01.c1 || tbl01.c2))), (max(tbl01.c3)) DESC, (min(tbl01.c4))
         ->  Aggregate  (cost=263.03..263.04 rows=1 width=72)
               Output: min((c1 || c2)), max(c3), min(c4), sum(c5)
               ->  Foreign Scan on public.tbl01  (cost=100.00..220.58 rows=3396 width=104)
                     Output: c1, c2, c3, c4, c5
                     Node: griddb_svr / Status: Alive
                       Limit push-down: no
                       Sort push-down: no
                       Remote SQL: SELECT  *  FROM tbl01 WHERE ((c4 <> 0))
(13 rows)

--Testcase 106:
SELECT min(c1 || c2), max(c3), min(c4), sum(c5) FROM tbl01 WHERE c4 <> 0 ORDER BY 1 ASC, 2 DESC, 3 LIMIT 1;
     min      |                max                 |  min  |      sum      
--------------+------------------------------------+-------+---------------
 !@#$%7次ノヌ | 豆贝尔维克斯艾勒艾弗诶比迪吉吾艾儿 | -2333 | 5.4520415e+06
(1 row)

--Testcase 107:
EXPLAIN VERBOSE SELECT min(c5/3 + c6), max(c7), min(c8), max(c9/2+c10), max(c11) FROM tbl01 WHERE c3 || 'abc' > 'AEJFOAWF' ORDER BY 1 ASC,2 ASC,3 LIMIT 15;
                                                                                    QUERY PLAN                                                                                     
-----------------------------------------------------------------------------------------------------------------------------------------------------------------------------------
 Limit  (cost=260.77..260.77 rows=1 width=64)
   Output: (min(((c5 / '3'::double precision) + (c6)::double precision))), (max(c7)), (min(c8)), (max(((c9 / '2'::double precision) + (c10)::double precision))), (max(c11))
   ->  Sort  (cost=260.77..260.77 rows=1 width=64)
         Output: (min(((c5 / '3'::double precision) + (c6)::double precision))), (max(c7)), (min(c8)), (max(((c9 / '2'::double precision) + (c10)::double precision))), (max(c11))
         Sort Key: (min(((tbl01.c5 / '3'::double precision) + (tbl01.c6)::double precision))), (max(tbl01.c7)), (min(tbl01.c8))
         ->  Aggregate  (cost=260.75..260.76 rows=1 width=64)
               Output: min(((c5 / '3'::double precision) + (c6)::double precision)), max(c7), min(c8), max(((c9 / '2'::double precision) + (c10)::double precision)), max(c11)
               ->  Foreign Scan on public.tbl01  (cost=100.00..229.45 rows=1138 width=64)
                     Output: c5, c6, c7, c8, c9, c10, c11
                     Filter: ((tbl01.c3 || 'abc'::text) > 'AEJFOAWF'::text)
                     Node: griddb_svr / Status: Alive
                       Limit push-down: no
                       Sort push-down: no
                       Remote SQL: SELECT  *  FROM tbl01
(14 rows)

--Testcase 108:
SELECT min(c5/3 + c6), max(c7), min(c8), max(c9/2+c10), max(c11) FROM tbl01 WHERE c3 || 'abc' > 'AEJFOAWF' ORDER BY 1 ASC,2 ASC,3 LIMIT 15;
         min         |                 max                 |  min   |     max     |           max           
---------------------+-------------------------------------+--------+-------------+-------------------------
 -316.48500569661456 | 友達と会うので遅刻した 鍋 сковорода | -51989 | 494012.7825 | 1970-01-01 00:00:09.999
(1 row)

--Testcase 109:
EXPLAIN VERBOSE SELECT min(c7), max(c8), sum(c8-c9), count(c10) FROM tbl01 WHERE c5 <> c9 ORDER BY 1, 2 LIMIT 15;
                                        QUERY PLAN                                        
------------------------------------------------------------------------------------------
 Limit  (cost=271.54..271.55 rows=1 width=56)
   Output: (min(c7)), (max(c8)), (sum(((c8)::double precision - c9))), (count(c10))
   ->  Sort  (cost=271.54..271.55 rows=1 width=56)
         Output: (min(c7)), (max(c8)), (sum(((c8)::double precision - c9))), (count(c10))
         Sort Key: (min(tbl01.c7)), (max(tbl01.c8))
         ->  Aggregate  (cost=271.52..271.53 rows=1 width=56)
               Output: min(c7), max(c8), sum(((c8)::double precision - c9)), count(c10)
               ->  Foreign Scan on public.tbl01  (cost=100.00..220.58 rows=3396 width=50)
                     Output: c7, c8, c9, c10
                     Node: griddb_svr / Status: Alive
                       Limit push-down: no
                       Sort push-down: no
                       Remote SQL: SELECT  *  FROM tbl01 WHERE ((c5 <> c9))
(13 rows)

--Testcase 110:
SELECT min(c7), max(c8), sum(c8-c9), count(c10) FROM tbl01 WHERE c5 <> c9 ORDER BY 1, 2 LIMIT 15;
              min               |      max      |    sum    | count 
--------------------------------+---------------+-----------+-------
 กขฃคฅฆงจฉชซฌญฎฏฐฑฒณดตถทธนบปผภฮ | 1579222800000 | 6.37e+108 |    10
(1 row)

--Testcase 111:
EXPLAIN VERBOSE SELECT sum(c5), max(c7), min(c8), count(c9/2-c5*2) FROM tbl01 WHERE c8 BETWEEN -10000 AND 10000 ORDER BY 1 LIMIT 15;
                                                       QUERY PLAN                                                        
-------------------------------------------------------------------------------------------------------------------------
 Limit  (cost=161.85..161.86 rows=1 width=52)
   Output: (sum(c5)), (max(c7)), (min(c8)), (count(((c9 / '2'::double precision) - (c5 * '2'::double precision))))
   ->  Sort  (cost=161.85..161.86 rows=1 width=52)
         Output: (sum(c5)), (max(c7)), (min(c8)), (count(((c9 / '2'::double precision) - (c5 * '2'::double precision))))
         Sort Key: (sum(tbl01.c5))
         ->  Aggregate  (cost=161.83..161.84 rows=1 width=52)
               Output: sum(c5), max(c7), min(c8), count(((c9 / '2'::double precision) - (c5 * '2'::double precision)))
               ->  Foreign Scan on public.tbl01  (cost=100.00..161.53 rows=17 width=52)
                     Output: c5, c7, c8, c9
                     Node: griddb_svr / Status: Alive
                       Limit push-down: no
                       Sort push-down: no
                       Remote SQL: SELECT  *  FROM tbl01 WHERE ((c8 >= (-10000))) AND ((c8 <= 10000))
(13 rows)

--Testcase 112:
SELECT sum(c5), max(c7), min(c8), count(c9/2-c5*2) FROM tbl01 WHERE c8 BETWEEN -10000 AND 10000 ORDER BY 1 LIMIT 15;
     sum     |              max               | min | count 
-------------+--------------------------------+-----+-------
 5.44956e+06 | polkiuytxp,^&*()_+=,kwikdikwik |   0 |     3
(1 row)

--LIMIT/OFFSET 17
--Testcase 113:
EXPLAIN VERBOSE SELECT c1 || c2, min(c3), c4/c5+ c6, c7, ceil(c8) FROM tbl01 GROUP BY c1, c2, c3, c4, c5, c6, c7, c8 HAVING min(c3) != 'wef' LIMIT 10 OFFSET 1;
                                                                          QUERY PLAN                                                                           
---------------------------------------------------------------------------------------------------------------------------------------------------------------
 Limit  (cost=0.05..0.11 rows=1 width=226)
   Output: ((c1 || c2)), (min(c3)), ((((c4)::double precision / c5) + (c6)::double precision)), c7, (ceil((c8)::double precision)), c1, c2, c3, c4, c5, c6, c8
   ->  GroupAggregate  (cost=0.00..0.05 rows=1 width=226)
         Output: (c1 || c2), min(c3), (((c4)::double precision / c5) + (c6)::double precision), c7, ceil((c8)::double precision), c1, c2, c3, c4, c5, c6, c8
         Group Key: tbl01.c1, tbl01.c2, tbl01.c3, tbl01.c4, tbl01.c5, tbl01.c6, tbl01.c7, tbl01.c8
         Filter: (min(tbl01.c3) <> 'wef'::text)
         ->  Foreign Scan on public.tbl01  (cost=0.00..0.00 rows=1 width=146)
               Output: c7, c1, c2, c3, c4, c5, c6, c8
               Node: griddb_svr / Status: Alive
                 Limit push-down: no
                 Remote SQL: SELECT  *  FROM tbl01 ORDER BY c1 ASC, c2 ASC, c3 ASC, c4 ASC, c5 ASC, c6 ASC, c7 ASC, c8 ASC
(11 rows)

--Testcase 114:
SELECT c1 || c2, min(c3), c4/c5+ c6, c7, ceil(c8) FROM tbl01 GROUP BY c1, c2, c3, c4, c5, c6, c7, c8 HAVING min(c3) != 'wef' LIMIT 10 OFFSET 1;
psql:sql/limit/limit_orderby.sql:246: ERROR:  division by zero
--Testcase 115:
EXPLAIN VERBOSE SELECT c4-c5 + c8/2*c9/23, c11 || 'time1', c10 FROM tbl01 GROUP BY c4, c5, c8, c9, c10, c11 HAVING max(c4) > 0 LIMIT 5 OFFSET 1;
                                                                                 QUERY PLAN                                                                                 
----------------------------------------------------------------------------------------------------------------------------------------------------------------------------
 Limit  (cost=0.05..0.11 rows=1 width=74)
   Output: ((((c4)::double precision - c5) + ((((c8 / 2))::double precision * c9) / '23'::double precision))), (((c11)::text || 'time1'::text)), c10, c4, c5, c8, c9, c11
   ->  GroupAggregate  (cost=0.00..0.05 rows=1 width=74)
         Output: (((c4)::double precision - c5) + ((((c8 / 2))::double precision * c9) / '23'::double precision)), ((c11)::text || 'time1'::text), c10, c4, c5, c8, c9, c11
         Group Key: tbl01.c4, tbl01.c5, tbl01.c8, tbl01.c9, tbl01.c10, tbl01.c11
         Filter: (max(tbl01.c4) > 0)
         ->  Foreign Scan on public.tbl01  (cost=0.00..0.00 rows=1 width=34)
               Output: c10, c4, c5, c8, c9, c11
               Node: griddb_svr / Status: Alive
                 Limit push-down: no
                 Remote SQL: SELECT  *  FROM tbl01 ORDER BY c4 ASC, c5 ASC, c8 ASC, c9 ASC, c10 ASC, c11 ASC
(11 rows)

--Testcase 116:
SELECT c4-c5 + c8/2*c9/23, c11 || 'time1', c10 FROM tbl01 GROUP BY c4, c5, c8, c9, c10, c11 HAVING max(c4) > 0 LIMIT 5 OFFSET 1;
        ?column?         |           ?column?           | c10 
-------------------------+------------------------------+-----
 -7.905729565217391e+111 | 1970-01-01 00:00:02.018time1 |   6
        687556.880652174 | 1970-01-01 00:00:02.018time1 | 454
 -6.145236547826087e+118 | 1970-01-01 00:00:01.97time1  | 212
      35519.455017089844 | 1970-01-01 00:00:02.02time1  |   4
      230623241.13913083 | 1970-01-01 00:00:01.97time1  | 786
(5 rows)

--Testcase 117:
EXPLAIN VERBOSE SELECT c11 + '1 hour'::interval, c1, c2, c3, c4/(c5+2), c8/(c9-12) FROM tbl01 GROUP BY c1, c2, c3, c4, c5, c8, c9, c11 HAVING sum(c5) != min(c4) LIMIT 5 OFFSET NULL;
                                                                                            QUERY PLAN                                                                                            
--------------------------------------------------------------------------------------------------------------------------------------------------------------------------------------------------
 Limit  (cost=0.00..0.06 rows=1 width=152)
   Output: ((c11 + '@ 1 hour'::interval)), c1, c2, c3, (((c4)::double precision / (c5 + '2'::double precision))), (((c8)::double precision / (c9 - '12'::double precision))), c4, c5, c8, c9, c11
   ->  GroupAggregate  (cost=0.00..0.06 rows=1 width=152)
         Output: (c11 + '@ 1 hour'::interval), c1, c2, c3, ((c4)::double precision / (c5 + '2'::double precision)), ((c8)::double precision / (c9 - '12'::double precision)), c4, c5, c8, c9, c11
         Group Key: tbl01.c1, tbl01.c2, tbl01.c3, tbl01.c4, tbl01.c5, tbl01.c8, tbl01.c9, tbl01.c11
         Filter: (sum(tbl01.c5) <> (min(tbl01.c4))::double precision)
         ->  Foreign Scan on public.tbl01  (cost=0.00..0.00 rows=1 width=128)
               Output: c1, c2, c3, c4, c5, c8, c9, c11
               Node: griddb_svr / Status: Alive
                 Limit push-down: no
                 Remote SQL: SELECT  *  FROM tbl01 ORDER BY c1 ASC, c2 ASC, c3 ASC, c4 ASC, c5 ASC, c8 ASC, c9 ASC, c11 ASC
(11 rows)

--Testcase 118:
SELECT c11 + '1 hour'::interval, c1, c2, c3, c4/(c5+2), c8/(c9-12) FROM tbl01 GROUP BY c1, c2, c3, c4, c5, c8, c9, c11 HAVING sum(c5) != min(c4) LIMIT 5 OFFSET NULL;
        ?column?         |     c1     |     c2     |                 c3                 |       ?column?        |         ?column?         
-------------------------+------------+------------+------------------------------------+-----------------------+--------------------------
 1970-01-01 01:00:02.018 | !@#$%      | 7次ノヌ    | In Bulgarian it is desirable       |    3.1988015200324402 | -1.1349944134078214e-103
 1970-01-01 01:00:09.999 | 84udycgsva | brownfo    | 敷ヘカウ告政ヨハツヤ消70者32精楽ざ |   -100.33190188939373 |        -5.4185454214e-98
 1970-01-01 01:00:02.023 | IJKLMNOP   | InBulgaria | живетезелоземляиижеикаколюди       | 0.0006335143396145066 |      -2.8333333333333335
 1970-01-01 01:00:02.02  | IKLM       | กขฃคฅ      | And to some extent the rendition   |    -35.11497668921357 |                        0
 1970-01-01 01:00:01.97  | IrelandIRN | `~!@#$%^   | 豆贝尔维克斯艾勒艾弗诶比迪吉吾艾儿 |    1463.5610997227434 |       5.0898188506210476
(5 rows)

--LIMIT/OFFSET 18
--Testcase 119:
EXPLAIN VERBOSE SELECT c1, c2, c3, c4, c5, c6, c7, c8 FROM tbl01 WHERE c3 != 'wef' ORDER BY c1 LIMIT 10 OFFSET 1;
                                    QUERY PLAN                                     
-----------------------------------------------------------------------------------
 Limit  (cost=0.00..0.00 rows=1 width=146)
   Output: c1, c2, c3, c4, c5, c6, c7, c8
   ->  Foreign Scan on public.tbl01  (cost=0.00..0.00 rows=1 width=146)
         Output: c1, c2, c3, c4, c5, c6, c7, c8
         Node: griddb_svr / Status: Alive
           Limit push-down: no
           Sort push-down: yes
           Remote SQL: SELECT  *  FROM tbl01 WHERE ((c3 <> 'wef')) ORDER BY c1 ASC
(8 rows)

--Testcase 120:
SELECT c1, c2, c3, c4, c5, c6, c7, c8 FROM tbl01 WHERE c3 != 'wef' ORDER BY c1 LIMIT 10 OFFSET 1;
     c1     |     c2     |                  c3                   |   c4   |      c5       | c6 |                  c7                  |      c8       
------------+------------+---------------------------------------+--------+---------------+----+--------------------------------------+---------------
 32精楽     | красивый   | Ông là nhà văn hiện thực thế kỷ 20    |      0 |             0 |  7 | 4f333df6-90a4-4fda-8dd3-9485d27ceea6 |          3453
 84udycgsva | brownfo    | 敷ヘカウ告政ヨハツヤ消70者32精楽ざ    |  54545 |     -545.6456 |  6 | กระทะ Cái chảo                       |   54185454214
 IJKLMNOP   | InBulgaria | живетезелоземляиижеикаколюди          |   3453 | 5.4505455e+06 |  0 | polkiuytxp,^&*()_+=,kwikdikwik       |            34
 IKLM       | กขฃคฅ      | And to some extent the rendition      |  34534 |      -985.455 | 12 | 1,1,1,1,1                            |             0
 IrelandIRN | `~!@#$%^   | 豆贝尔维克斯艾勒艾弗诶比迪吉吾艾儿    |  35345 |         22.15 | 12 | กขฃคฅฆงจฉชซฌญฎฏฐฑฒณดตถทธนบปผภฮ       |        232323
 tyuiyytw   | QyhsgER    | べ員葉コ番告7次ノヌ従援かやじり図安ヨ |   9956 |             0 |  0 | ABCDEFGHIJ                           |        564515
 ăâđêôơưdêđ | êdờenờíìờẹ | Thequickbrownfoxjumpsoverthelazydog   |  16767 |         22.15 | 12 | 友達と会うので遅刻した 鍋 сковорода  | 1579222800000
 บปผภ       | 援かや     | Canada Denmark Turkey Yemen Tokyo     | 167646 |        75.215 | 45 | 7次ノヌ,ノヌ従,援かや                |        -51989
 友達と会   | oiuytrewqa | กขฃคฅฆงจฉชซฌญฎฏฐฑฒณดตถทธนบปผภฮ        |  -2333 |      545.5454 | -2 | ff333df6-90a4-4fda-8dd3-9485d28cee36 |       5458456
(9 rows)

--Testcase 121:
EXPLAIN VERBOSE SELECT c4-c5, c8/(c9-23), c11 + '3 days'::interval, c10 FROM tbl01 WHERE c4 > 0 ORDER BY c1, c2 LIMIT 5 OFFSET 5;
                                                                     QUERY PLAN                                                                     
----------------------------------------------------------------------------------------------------------------------------------------------------
 Limit  (cost=0.02..0.03 rows=1 width=90)
   Output: (((c4)::double precision - c5)), (((c8)::double precision / (c9 - '23'::double precision))), ((c11 + '@ 3 days'::interval)), c10, c1, c2
   ->  Foreign Scan on public.tbl01  (cost=0.00..0.02 rows=1 width=90)
         Output: ((c4)::double precision - c5), ((c8)::double precision / (c9 - '23'::double precision)), (c11 + '@ 3 days'::interval), c10, c1, c2
         Node: griddb_svr / Status: Alive
           Limit push-down: no
           Sort push-down: yes
           Remote SQL: SELECT  *  FROM tbl01 WHERE ((c4 > 0)) ORDER BY c1 ASC, c2 ASC
(8 rows)

--Testcase 122:
SELECT c4-c5, c8/(c9-23), c11 + '3 days'::interval, c10 FROM tbl01 WHERE c4 > 0 ORDER BY c1, c2 LIMIT 5 OFFSET 5;
     ?column?      |        ?column?        |        ?column?         | c10 
-------------------+------------------------+-------------------------+-----
              9956 |      17523.35868384293 | 1970-01-04 00:00:02.018 | 454
 16744.85000038147 | -8.822473743016761e-97 | 1970-01-04 00:00:01.97  | 212
 167570.7850036621 |   -0.05262510250590851 | 1970-01-04 00:00:02.021 |  45
(3 rows)

--Testcase 123:
EXPLAIN VERBOSE SELECT concat(c1, c2, c3), c4-c5, c8/2+c9, c11 FROM tbl01 WHERE  c5 > c4 ORDER BY 1,2 LIMIT 15 OFFSET 1;
                                                    QUERY PLAN                                                     
-------------------------------------------------------------------------------------------------------------------
 Limit  (cost=274.98..275.02 rows=15 width=56)
   Output: (concat(c1, c2, c3)), (((c4)::double precision - c5)), ((((c8 / 2))::double precision + c9)), c11
   ->  Sort  (cost=274.98..277.82 rows=1138 width=56)
         Output: (concat(c1, c2, c3)), (((c4)::double precision - c5)), ((((c8 / 2))::double precision + c9)), c11
         Sort Key: (concat(tbl01.c1, tbl01.c2, tbl01.c3)), (((tbl01.c4)::double precision - tbl01.c5))
         ->  Foreign Scan on public.tbl01  (cost=100.00..246.52 rows=1138 width=56)
               Output: concat(c1, c2, c3), ((c4)::double precision - c5), (((c8 / 2))::double precision + c9), c11
               Filter: (tbl01.c5 > (tbl01.c4)::double precision)
               Node: griddb_svr / Status: Alive
                 Limit push-down: no
                 Sort push-down: no
                 Remote SQL: SELECT  *  FROM tbl01
(12 rows)

--Testcase 124:
SELECT concat(c1, c2, c3), c4-c5, c8/2+c9, c11 FROM tbl01 WHERE  c5 > c4 ORDER BY 1,2 LIMIT 15 OFFSET 1;
                      concat                      |     ?column?      |  ?column?  |           c11           
--------------------------------------------------+-------------------+------------+-------------------------
 友達と会oiuytrewqaกขฃคฅฆงจฉชซฌญฎฏฐฑฒณดตถทธนบปผภฮ | -2878.54541015625 | -1.79e+108 | 1970-01-01 00:00:02.019
(1 row)

--Testcase 125:
EXPLAIN VERBOSE SELECT upper(c1 || c2 || 'base64'), c5, round(c8/23+c9), c10 FROM tbl01 WHERE NOT c4 < 0 ORDER BY 1,2 LIMIT 5 OFFSET 3;
                                                    QUERY PLAN                                                     
-------------------------------------------------------------------------------------------------------------------
 Limit  (cost=218.10..218.12 rows=5 width=46)
   Output: (upper(((c1 || c2) || 'base64'::text))), c5, (round((((c8 / 23))::double precision + c9))), c10
   ->  Sort  (cost=218.10..220.94 rows=1138 width=46)
         Output: (upper(((c1 || c2) || 'base64'::text))), c5, (round((((c8 / 23))::double precision + c9))), c10
         Sort Key: (upper(((tbl01.c1 || tbl01.c2) || 'base64'::text))), tbl01.c5
         ->  Foreign Scan on public.tbl01  (cost=100.00..195.34 rows=1138 width=46)
               Output: upper(((c1 || c2) || 'base64'::text)), c5, round((((c8 / 23))::double precision + c9)), c10
               Node: griddb_svr / Status: Alive
                 Limit push-down: no
                 Sort push-down: no
                 Remote SQL: SELECT  *  FROM tbl01 WHERE ((c4 >= 0))
(11 rows)

--Testcase 126:
SELECT upper(c1 || c2 || 'base64'), c5, round(c8/23+c9), c10 FROM tbl01 WHERE NOT c4 < 0 ORDER BY 1,2 LIMIT 5 OFFSET 3;
           upper            |      c5       |   round    | c10 
----------------------------+---------------+------------+-----
 ĂÂĐÊÔƠƯDÊĐÊDỜENỜÍÌỜẸBASE64 |         22.15 | -1.79e+108 | 212
 IJKLMNOPINBULGARIABASE64   | 5.4505455e+06 |          1 |  76
 IKLMกขฃคฅBASE64            |      -985.455 |         55 |   4
 IRELANDIRN`~!@#$%^BASE64   |         22.15 |      55758 | 786
 TYUIYYTWQYHSGERBASE64      |             0 |      24599 | 454
(5 rows)

--LIMIT/OFFSET 19
--Testcase 127:
EXPLAIN VERBOSE SELECT c1 || c2, upper(c3), round(c4-c5+c6-c9-c10) FROM tbl01 GROUP BY c1, c2, c3, c4, c5, c6, c9, c10 HAVING sum(c4/c5) > c4 LIMIT 5;
                                                                                 QUERY PLAN                                                                                 
----------------------------------------------------------------------------------------------------------------------------------------------------------------------------
 Limit  (cost=0.00..0.07 rows=1 width=188)
   Output: ((c1 || c2)), (upper(c3)), (round((((((c4)::double precision - c5) + (c6)::double precision) - c9) - (c10)::double precision))), c1, c2, c3, c4, c5, c6, c9, c10
   ->  GroupAggregate  (cost=0.00..0.07 rows=1 width=188)
         Output: (c1 || c2), upper(c3), round((((((c4)::double precision - c5) + (c6)::double precision) - c9) - (c10)::double precision)), c1, c2, c3, c4, c5, c6, c9, c10
         Group Key: tbl01.c1, tbl01.c2, tbl01.c3, tbl01.c4, tbl01.c5, tbl01.c6, tbl01.c9, tbl01.c10
         Filter: (sum(((tbl01.c4)::double precision / tbl01.c5)) > (tbl01.c4)::double precision)
         ->  Foreign Scan on public.tbl01  (cost=0.00..0.00 rows=1 width=116)
               Output: c1, c2, c3, c4, c5, c6, c9, c10
               Node: griddb_svr / Status: Alive
                 Limit push-down: no
                 Remote SQL: SELECT  *  FROM tbl01 ORDER BY c1 ASC, c2 ASC, c3 ASC, c4 ASC, c5 ASC, c6 ASC, c9 ASC, c10 ASC
(11 rows)

--Testcase 128:
SELECT c1 || c2, upper(c3), round(c4-c5+c6-c9-c10) FROM tbl01 GROUP BY c1, c2, c3, c4, c5, c6, c9, c10 HAVING sum(c4/c5) > c4 LIMIT 5;
psql:sql/limit/limit_orderby.sql:276: ERROR:  division by zero
--Testcase 129:
EXPLAIN VERBOSE SELECT c1, c2, c3, c4-c5, c8/(c9+12) FROM tbl01 GROUP BY c1, c2, c3, c4, c5, c6, c8, c9 HAVING count(c3) < c5 LIMIT 5;
                                                               QUERY PLAN                                                                
-----------------------------------------------------------------------------------------------------------------------------------------
 Limit  (cost=0.00..0.05 rows=1 width=138)
   Output: c1, c2, c3, (((c4)::double precision - c5)), (((c8)::double precision / (c9 + '12'::double precision))), c4, c5, c6, c8, c9
   ->  GroupAggregate  (cost=0.00..0.05 rows=1 width=138)
         Output: c1, c2, c3, ((c4)::double precision - c5), ((c8)::double precision / (c9 + '12'::double precision)), c4, c5, c6, c8, c9
         Group Key: tbl01.c1, tbl01.c2, tbl01.c3, tbl01.c4, tbl01.c5, tbl01.c6, tbl01.c8, tbl01.c9
         Filter: ((count(tbl01.c3))::double precision < tbl01.c5)
         ->  Foreign Scan on public.tbl01  (cost=0.00..0.00 rows=1 width=122)
               Output: c1, c2, c3, c4, c5, c6, c8, c9
               Node: griddb_svr / Status: Alive
                 Limit push-down: no
                 Remote SQL: SELECT  *  FROM tbl01 ORDER BY c1 ASC, c2 ASC, c3 ASC, c4 ASC, c5 ASC, c6 ASC, c8 ASC, c9 ASC
(11 rows)

--Testcase 130:
SELECT c1, c2, c3, c4-c5, c8/(c9+12) FROM tbl01 GROUP BY c1, c2, c3, c4, c5, c6, c8, c9 HAVING count(c3) < c5 LIMIT 5;
     c1     |     c2     |                 c3                  |     ?column?      |         ?column?         
------------+------------+-------------------------------------+-------------------+--------------------------
 !@#$%      | 7次ノヌ    | In Bulgarian it is desirable        | 5200.677001953125 | -1.1349944134078214e-103
 IJKLMNOP   | InBulgaria | живетезелоземляиижеикаколюди        |        -5447092.5 |       2.8333333333333335
 IrelandIRN | `~!@#$%^   | 豆贝尔维克斯艾勒艾弗诶比迪吉吾艾儿  | 35322.85000038147 |        5.087144025496703
 ăâđêôơưdêđ | êdờenờíìờẹ | Thequickbrownfoxjumpsoverthelazydog | 16744.85000038147 |   -8.822473743016761e-97
 บปผภ       | 援かや     | Canada Denmark Turkey Yemen Tokyo   | 167570.7850036621 |     -0.05262323815738136
(5 rows)

--Testcase 131:
EXPLAIN VERBOSE SELECT c4/2+c5, c6, c7, c8-c5-c9, c10, c11 FROM tbl01 GROUP BY c4, c5, c6, c7, c8, c9, c10, c11 HAVING max(c4) != 0 LIMIT 15;
                                                         QUERY PLAN                                                          
-----------------------------------------------------------------------------------------------------------------------------
 Limit  (cost=0.00..0.05 rows=1 width=84)
   Output: ((((c4 / 2))::double precision + c5)), c6, c7, ((((c8)::double precision - c5) - c9)), c10, c11, c4, c5, c8, c9
   ->  GroupAggregate  (cost=0.00..0.05 rows=1 width=84)
         Output: (((c4 / 2))::double precision + c5), c6, c7, (((c8)::double precision - c5) - c9), c10, c11, c4, c5, c8, c9
         Group Key: tbl01.c4, tbl01.c5, tbl01.c6, tbl01.c7, tbl01.c8, tbl01.c9, tbl01.c10, tbl01.c11
         Filter: (max(tbl01.c4) <> 0)
         ->  Foreign Scan on public.tbl01  (cost=0.00..0.00 rows=1 width=68)
               Output: c6, c7, c10, c11, c4, c5, c8, c9
               Node: griddb_svr / Status: Alive
                 Limit push-down: no
                 Remote SQL: SELECT  *  FROM tbl01 ORDER BY c4 ASC, c5 ASC, c6 ASC, c7 ASC, c8 ASC, c9 ASC, c10 ASC, c11 ASC
(11 rows)

--Testcase 132:
SELECT c4/2+c5, c6, c7, c8-c5-c9, c10, c11 FROM tbl01 GROUP BY c4, c5, c6, c7, c8, c9, c10, c11 HAVING max(c4) != 0 LIMIT 15;
      ?column?      | c6 |                  c7                  |      ?column?       | c10 |           c11           
--------------------+----+--------------------------------------+---------------------+-----+-------------------------
   -620.45458984375 | -2 | ff333df6-90a4-4fda-8dd3-9485d28cee36 |           1.79e+108 |   4 | 1970-01-01 00:00:02.019
          5452271.5 |  0 | polkiuytxp,^&*()_+=,kwikdikwik       |          -5450511.5 |  76 | 1970-01-01 00:00:02.023
  6143.322998046875 | 54 | abcd,EFGH,友達と会                   |           1.79e+108 |   6 | 1970-01-01 00:00:02.018
               4978 |  0 | ABCDEFGHIJ                           |          564459.785 | 454 | 1970-01-01 00:00:02.018
   8405.14999961853 | 12 | 友達と会うので遅刻した 鍋 сковорода  |           1.79e+108 | 212 | 1970-01-01 00:00:01.97
 16281.544982910156 | 12 | 1,1,1,1,1                            |   930.7985170898437 |   4 | 1970-01-01 00:00:02.02
  17694.14999961853 | 12 | กขฃคฅฆงจฉชซฌญฎฏฐฑฒณดตถทธนบปผภฮ       |  186644.20000038148 | 786 | 1970-01-01 00:00:01.97
 26726.354370117188 |  6 | กระทะ Cái chảo                       |              1e+108 |  45 | 1970-01-01 00:00:09.999
  83898.21499633789 | 45 | 7次ノヌ,ノヌ従,援かや                | -1039999.7799963378 |  45 | 1970-01-01 00:00:02.021
(9 rows)

--Testcase 133:
EXPLAIN VERBOSE SELECT length(c1 || c2 || c3), 1, 2, 'abc' FROM tbl01 GROUP BY c1, c2, c3, c4, c5, c9 HAVING NOT min(c4) > (c5 + c9) LIMIT 15;
                                                QUERY PLAN                                                 
-----------------------------------------------------------------------------------------------------------
 Limit  (cost=0.00..0.04 rows=1 width=156)
   Output: (length(((c1 || c2) || c3))), 1, 2, 'abc'::text, c1, c2, c3, c4, c5, c9
   ->  GroupAggregate  (cost=0.00..0.04 rows=1 width=156)
         Output: length(((c1 || c2) || c3)), 1, 2, 'abc'::text, c1, c2, c3, c4, c5, c9
         Group Key: tbl01.c1, tbl01.c2, tbl01.c3, tbl01.c4, tbl01.c5, tbl01.c9
         Filter: ((min(tbl01.c4))::double precision <= (tbl01.c5 + tbl01.c9))
         ->  Foreign Scan on public.tbl01  (cost=0.00..0.00 rows=1 width=112)
               Output: c1, c2, c3, c4, c5, c9
               Node: griddb_svr / Status: Alive
                 Limit push-down: no
                 Remote SQL: SELECT  *  FROM tbl01 ORDER BY c1 ASC, c2 ASC, c3 ASC, c4 ASC, c5 ASC, c9 ASC
(11 rows)

--Testcase 134:
SELECT length(c1 || c2 || c3), 1, 2, 'abc' FROM tbl01 GROUP BY c1, c2, c3, c4, c5, c9 HAVING NOT min(c4) > (c5 + c9) LIMIT 15;
 length | ?column? | ?column? | ?column? 
--------+----------+----------+----------
     46 |        1 |        2 | abc
     46 |        1 |        2 | abc
     35 |        1 |        2 | abc
     40 |        1 |        2 | abc
(4 rows)

--LIMIT/OFFSET 20
--Testcase 135:
EXPLAIN VERBOSE SELECT c1, c2, c3 || '123' || c7, c4, c8/1000 FROM tbl01 ORDER BY c1, c2, c3 LIMIT 15;
                                 QUERY PLAN                                  
-----------------------------------------------------------------------------
 Limit  (cost=0.00..0.01 rows=1 width=140)
   Output: c1, c2, (((c3 || '123'::text) || c7)), c4, ((c8 / 1000)), c3
   ->  Foreign Scan on public.tbl01  (cost=0.00..0.01 rows=1 width=140)
         Output: c1, c2, ((c3 || '123'::text) || c7), c4, (c8 / 1000), c3
         Node: griddb_svr / Status: Alive
           Limit push-down: no
           Sort push-down: yes
           Remote SQL: SELECT  *  FROM tbl01 ORDER BY c1 ASC, c2 ASC, c3 ASC
(8 rows)

--Testcase 136:
SELECT c1, c2, c3 || '123' || c7, c4, c8/1000 FROM tbl01 ORDER BY c1, c2, c3 LIMIT 15;
     c1     |     c2     |                                 ?column?                                  |   c4   |  ?column?  
------------+------------+---------------------------------------------------------------------------+--------+------------
 !@#$%      | 7次ノヌ    | In Bulgarian it is desirable123abcd,EFGH,友達と会                         |   7563 |        203
 32精楽     | красивый   | Ông là nhà văn hiện thực thế kỷ 201234f333df6-90a4-4fda-8dd3-9485d27ceea6 |      0 |          3
 84udycgsva | brownfo    | 敷ヘカウ告政ヨハツヤ消70者32精楽ざ123กระทะ Cái chảo                       |  54545 |   54185454
 IJKLMNOP   | InBulgaria | живетезелоземляиижеикаколюди123polkiuytxp,^&*()_+=,kwikdikwik             |   3453 |          0
 IKLM       | กขฃคฅ      | And to some extent the rendition1231,1,1,1,1                              |  34534 |          0
 IrelandIRN | `~!@#$%^   | 豆贝尔维克斯艾勒艾弗诶比迪吉吾艾儿123กขฃคฅฆงจฉชซฌญฎฏฐฑฒณดตถทธนบปผภฮ       |  35345 |        232
 tyuiyytw   | QyhsgER    | べ員葉コ番告7次ノヌ従援かやじり図安ヨ123ABCDEFGHIJ                        |   9956 |        564
 ăâđêôơưdêđ | êdờenờíìờẹ | Thequickbrownfoxjumpsoverthelazydog123友達と会うので遅刻した 鍋 сковорода |  16767 | 1579222800
 บปผภ       | 援かや     | Canada Denmark Turkey Yemen Tokyo1237次ノヌ,ノヌ従,援かや                 | 167646 |        -51
 友達と会   | oiuytrewqa | กขฃคฅฆงจฉชซฌญฎฏฐฑฒณดตถทธนบปผภฮ123ff333df6-90a4-4fda-8dd3-9485d28cee36     |  -2333 |       5458
(10 rows)

--Testcase 137:
EXPLAIN VERBOSE SELECT c4-c5, c8/c9, c11 || 'time3', c10 FROM tbl01 ORDER BY 1 DESC,2 ASC, 3 LIMIT ALL;
                                                                    QUERY PLAN                                                                     
---------------------------------------------------------------------------------------------------------------------------------------------------
 Sort  (cost=472.41..480.94 rows=3413 width=50)
   Output: (((c4)::double precision - c5)), (((c8)::double precision / c9)), (((c11)::text || 'time3'::text)), c10
   Sort Key: (((tbl01.c4)::double precision - tbl01.c5)) DESC, (((tbl01.c8)::double precision / tbl01.c9)), (((tbl01.c11)::text || 'time3'::text))
   ->  Foreign Scan on public.tbl01  (cost=100.00..272.12 rows=3413 width=50)
         Output: ((c4)::double precision - c5), ((c8)::double precision / c9), ((c11)::text || 'time3'::text), c10
         Node: griddb_svr / Status: Alive
           Sort push-down: no
           Remote SQL: SELECT  *  FROM tbl01
(8 rows)

--Testcase 138:
SELECT c4-c5, c8/c9, c11 || 'time3', c10 FROM tbl01 ORDER BY 1 DESC,2 ASC, 3 LIMIT ALL;
psql:sql/limit/limit_orderby.sql:297: ERROR:  division by zero
--Testcase 139:
EXPLAIN VERBOSE SELECT c1 || c2, c3, c4-c5, c8-c9 FROM tbl01 ORDER BY 1 ASC,2 , 3 LIMIT 5;
                                             QUERY PLAN                                             
----------------------------------------------------------------------------------------------------
 Limit  (cost=311.74..311.75 rows=5 width=80)
   Output: ((c1 || c2)), c3, (((c4)::double precision - c5)), (((c8)::double precision - c9))
   ->  Sort  (cost=311.74..320.27 rows=3413 width=80)
         Output: ((c1 || c2)), c3, (((c4)::double precision - c5)), (((c8)::double precision - c9))
         Sort Key: ((tbl01.c1 || tbl01.c2)), tbl01.c3, (((tbl01.c4)::double precision - tbl01.c5))
         ->  Foreign Scan on public.tbl01  (cost=100.00..255.05 rows=3413 width=80)
               Output: (c1 || c2), c3, ((c4)::double precision - c5), ((c8)::double precision - c9)
               Node: griddb_svr / Status: Alive
                 Limit push-down: no
                 Sort push-down: no
                 Remote SQL: SELECT  *  FROM tbl01
(11 rows)

--Testcase 140:
SELECT c1 || c2, c3, c4-c5, c8-c9 FROM tbl01 ORDER BY 1 ASC,2 , 3 LIMIT 5;
       ?column?       |                 c3                  |     ?column?      |      ?column?       
----------------------+-------------------------------------+-------------------+---------------------
 32精楽красивый       | Ông là nhà văn hiện thực thế kỷ 20  |                 0 | -2012.6526000000003
 !@#$%7次ノヌ         | In Bulgarian it is desirable        | 5200.677001953125 |           1.79e+108
 84udycgsvabrownfo    | 敷ヘカウ告政ヨハツヤ消70者32精楽ざ  | 55090.64562988281 |              1e+108
 ăâđêôơưdêđêdờenờíìờẹ | Thequickbrownfoxjumpsoverthelazydog | 16744.85000038147 |           1.79e+108
 IJKLMNOPInBulgaria   | живетезелоземляиижеикаколюди        |        -5447092.5 |                  34
(5 rows)

--Testcase 141:
EXPLAIN VERBOSE SELECT c4/(c5+c6), c7, abs(c8-c5-c9), c10, c11 FROM tbl01 ORDER BY c4/(c5 + c6) DESC, c7 LIMIT 15;
                                                               QUERY PLAN                                                                
-----------------------------------------------------------------------------------------------------------------------------------------
 Limit  (cost=364.39..364.42 rows=15 width=58)
   Output: (((c4)::double precision / (c5 + (c6)::double precision))), c7, (abs((((c8)::double precision - c5) - c9))), c10, c11
   ->  Sort  (cost=364.39..372.92 rows=3413 width=58)
         Output: (((c4)::double precision / (c5 + (c6)::double precision))), c7, (abs((((c8)::double precision - c5) - c9))), c10, c11
         Sort Key: (((tbl01.c4)::double precision / (tbl01.c5 + (tbl01.c6)::double precision))) DESC, tbl01.c7
         ->  Foreign Scan on public.tbl01  (cost=100.00..280.65 rows=3413 width=58)
               Output: ((c4)::double precision / (c5 + (c6)::double precision)), c7, abs((((c8)::double precision - c5) - c9)), c10, c11
               Node: griddb_svr / Status: Alive
                 Limit push-down: no
                 Sort push-down: no
                 Remote SQL: SELECT  *  FROM tbl01
(11 rows)

--Testcase 142:
SELECT c4/(c5+c6), c7, abs(c8-c5-c9), c10, c11 FROM tbl01 ORDER BY c4/(c5 + c6) DESC, c7 LIMIT 15;
psql:sql/limit/limit_orderby.sql:305: ERROR:  division by zero
--Testcase 143:
EXPLAIN VERBOSE SELECT c1 || c2, c3 || c7, round(c4/(c8-c5)+c9), c11 FROM tbl01 ORDER BY c1, c2, c3 || c7 ASC LIMIT 5;
                                                            QUERY PLAN                                                             
-----------------------------------------------------------------------------------------------------------------------------------
 Limit  (cost=337.34..337.35 rows=5 width=144)
   Output: ((c1 || c2)), ((c3 || c7)), (round((((c4)::double precision / ((c8)::double precision - c5)) + c9))), c11, c1, c2
   ->  Sort  (cost=337.34..345.87 rows=3413 width=144)
         Output: ((c1 || c2)), ((c3 || c7)), (round((((c4)::double precision / ((c8)::double precision - c5)) + c9))), c11, c1, c2
         Sort Key: tbl01.c1, tbl01.c2, ((tbl01.c3 || tbl01.c7))
         ->  Foreign Scan on public.tbl01  (cost=100.00..280.65 rows=3413 width=144)
               Output: (c1 || c2), (c3 || c7), round((((c4)::double precision / ((c8)::double precision - c5)) + c9)), c11, c1, c2
               Node: griddb_svr / Status: Alive
                 Limit push-down: no
                 Sort push-down: no
                 Remote SQL: SELECT  *  FROM tbl01
(11 rows)

--Testcase 144:
SELECT c1 || c2, c3 || c7, round(c4/(c8-c5)+c9), c11 FROM tbl01 ORDER BY c1, c2, c3 || c7 ASC LIMIT 5;
       ?column?       |                                ?column?                                |   round    |           c11           
----------------------+------------------------------------------------------------------------+------------+-------------------------
 !@#$%7次ノヌ         | In Bulgarian it is desirableabcd,EFGH,友達と会                         | -1.79e+108 | 1970-01-01 00:00:02.018
 บปผภ援かや           | Canada Denmark Turkey Yemen Tokyo7次ノヌ,ノヌ従,援かや                 |     987932 | 1970-01-01 00:00:02.021
 32精楽красивый       | Ông là nhà văn hiện thực thế kỷ 204f333df6-90a4-4fda-8dd3-9485d27ceea6 |       5466 | 1970-01-01 00:00:02.022
 84udycgsvabrownfo    | 敷ヘカウ告政ヨハツヤ消70者32精楽ざกระทะ Cái chảo                       |    -1e+108 | 1970-01-01 00:00:09.999
 ăâđêôơưdêđêdờenờíìờẹ | Thequickbrownfoxjumpsoverthelazydog友達と会うので遅刻した 鍋 сковорода | -1.79e+108 | 1970-01-01 00:00:01.97
(5 rows)

--Testcase 145:
EXPLAIN VERBOSE SELECT c1, c2 || c3, 1, 2, 'abc' FROM tbl01 ORDER BY c1, c2, c3 LIMIT 5;
                                 QUERY PLAN                                  
-----------------------------------------------------------------------------
 Limit  (cost=0.00..0.00 rows=1 width=168)
   Output: c1, ((c2 || c3)), 1, 2, 'abc'::text, c2, c3
   ->  Foreign Scan on public.tbl01  (cost=0.00..0.00 rows=1 width=168)
         Output: c1, (c2 || c3), 1, 2, 'abc'::text, c2, c3
         Node: griddb_svr / Status: Alive
           Limit push-down: no
           Sort push-down: yes
           Remote SQL: SELECT  *  FROM tbl01 ORDER BY c1 ASC, c2 ASC, c3 ASC
(8 rows)

--Testcase 146:
SELECT c1, c2 || c3, 1, 2, 'abc' FROM tbl01 ORDER BY c1, c2, c3 LIMIT 5;
     c1     |                  ?column?                  | ?column? | ?column? | ?column? 
------------+--------------------------------------------+----------+----------+----------
 !@#$%      | 7次ノヌIn Bulgarian it is desirable        |        1 |        2 | abc
 32精楽     | красивыйÔng là nhà văn hiện thực thế kỷ 20 |        1 |        2 | abc
 84udycgsva | brownfo敷ヘカウ告政ヨハツヤ消70者32精楽ざ  |        1 |        2 | abc
 IJKLMNOP   | InBulgariaживетезелоземляиижеикаколюди     |        1 |        2 | abc
 IKLM       | กขฃคฅAnd to some extent the rendition      |        1 |        2 | abc
(5 rows)

--LIMIT/OFFSET 21
--Testcase 147:
EXPLAIN VERBOSE SELECT 122,332, 'wefakef', 2332, 'anypossibility' FROM tbl01 LIMIT 1;
                            QUERY PLAN                             
-------------------------------------------------------------------
 Foreign Scan on public.tbl01  (cost=1.00..1.00 rows=0 width=76)
   Output: 122, 332, 'wefakef'::text, 2332, 'anypossibility'::text
   Node: griddb_svr / Status: Alive
     Limit push-down: yes
     Remote SQL: SELECT  *  FROM tbl01 LIMIT 1
(5 rows)

--Testcase 148:
SELECT 122,332, 'wefakef', 2332, 'anypossibility' FROM tbl01 LIMIT 1;
 ?column? | ?column? | ?column? | ?column? |    ?column?    
----------+----------+----------+----------+----------------
      122 |      332 | wefakef  |     2332 | anypossibility
(1 row)

--Testcase 149:
EXPLAIN VERBOSE SELECT c1, c2, c3, __spd_url FROM tbl01 LIMIT 15;
                            QUERY PLAN                            
------------------------------------------------------------------
 Foreign Scan on public.tbl01  (cost=1.00..1.00 rows=0 width=128)
   Output: c1, c2, c3, __spd_url
   Node: griddb_svr / Status: Alive
     Limit push-down: yes
     Remote SQL: SELECT  *  FROM tbl01 LIMIT 15
(5 rows)

--Testcase 150:
SELECT c1, c2, c3, __spd_url FROM tbl01 LIMIT 15;
     c1     |     c2     |                  c3                   |  __spd_url   
------------+------------+---------------------------------------+--------------
 ăâđêôơưdêđ | êdờenờíìờẹ | Thequickbrownfoxjumpsoverthelazydog   | /griddb_svr/
 84udycgsva | brownfo    | 敷ヘカウ告政ヨハツヤ消70者32精楽ざ    | /griddb_svr/
 tyuiyytw   | QyhsgER    | べ員葉コ番告7次ノヌ従援かやじり図安ヨ | /griddb_svr/
 友達と会   | oiuytrewqa | กขฃคฅฆงจฉชซฌญฎฏฐฑฒณดตถทธนบปผภฮ        | /griddb_svr/
 !@#$%      | 7次ノヌ    | In Bulgarian it is desirable          | /griddb_svr/
 IKLM       | กขฃคฅ      | And to some extent the rendition      | /griddb_svr/
 บปผภ       | 援かや     | Canada Denmark Turkey Yemen Tokyo     | /griddb_svr/
 32精楽     | красивый   | Ông là nhà văn hiện thực thế kỷ 20    | /griddb_svr/
 IJKLMNOP   | InBulgaria | живетезелоземляиижеикаколюди          | /griddb_svr/
 IrelandIRN | `~!@#$%^   | 豆贝尔维克斯艾勒艾弗诶比迪吉吾艾儿    | /griddb_svr/
(10 rows)

--Testcase 151:
EXPLAIN VERBOSE SELECT count(DISTINCT c5) FROM tbl01 LIMIT 5;
                                    QUERY PLAN                                     
-----------------------------------------------------------------------------------
 Limit  (cost=220.92..220.93 rows=1 width=8)
   Output: (count(DISTINCT c5))
   ->  Aggregate  (cost=220.92..220.93 rows=1 width=8)
         Output: count(DISTINCT c5)
         ->  Foreign Scan on public.tbl01  (cost=100.00..212.39 rows=3413 width=4)
               Output: c5
               Node: griddb_svr / Status: Alive
                 Limit push-down: no
                 Remote SQL: SELECT  *  FROM tbl01
(9 rows)

--Testcase 152:
SELECT count(DISTINCT c5) FROM tbl01 LIMIT 5;
 count 
-------
     8
(1 row)

--Testcase 153:
EXPLAIN VERBOSE SELECT array_agg(c3 || ' ' || c7), json_agg(('~!@#', c4)), jsonb_agg(('_(*#', c5)), json_object_agg('x', c7), jsonb_object_agg('y', c7) FROM tbl01 LIMIT 5;
                                                                              QUERY PLAN                                                                              
----------------------------------------------------------------------------------------------------------------------------------------------------------------------
 Limit  (cost=272.13..272.14 rows=1 width=160)
   Output: (array_agg(((c3 || ' '::text) || c7))), (json_agg(ROW('~!@#', c4))), (jsonb_agg(ROW('_(*#', c5))), (json_object_agg('x', c7)), (jsonb_object_agg('y', c7))
   ->  Aggregate  (cost=272.13..272.14 rows=1 width=160)
         Output: array_agg(((c3 || ' '::text) || c7)), json_agg(ROW('~!@#', c4)), jsonb_agg(ROW('_(*#', c5)), json_object_agg('x', c7), jsonb_object_agg('y', c7)
         ->  Foreign Scan on public.tbl01  (cost=100.00..212.39 rows=3413 width=72)
               Output: c3, c7, c4, c5
               Node: griddb_svr / Status: Alive
                 Limit push-down: no
                 Remote SQL: SELECT  *  FROM tbl01
(9 rows)

--Testcase 154:
SELECT array_agg(c3 || ' ' || c7), json_agg(('~!@#', c4)), jsonb_agg(('_(*#', c5)), json_object_agg('x', c7), jsonb_object_agg('y', c7) FROM tbl01 LIMIT 5;
                                                                                                                                                                                                                                                                                                           array_agg                                                                                                                                                                                                                                                                                                           |           json_agg           |                                                                                                                                                  jsonb_agg                                                                                                                                                   |                                                                                                                                                                    json_object_agg                                                                                                                                                                    |            jsonb_object_agg             
-------------------------------------------------------------------------------------------------------------------------------------------------------------------------------------------------------------------------------------------------------------------------------------------------------------------------------------------------------------------------------------------------------------------------------------------------------------------------------------------------------------------------------------------------------------------------------------------------------------------------------+------------------------------+--------------------------------------------------------------------------------------------------------------------------------------------------------------------------------------------------------------------------------------------------------------------------------------------------------------+-------------------------------------------------------------------------------------------------------------------------------------------------------------------------------------------------------------------------------------------------------------------------------------------------------------------------------------------------------+-----------------------------------------
 {"Thequickbrownfoxjumpsoverthelazydog 友達と会うので遅刻した 鍋 сковорода","敷ヘカウ告政ヨハツヤ消70者32精楽ざ กระทะ Cái chảo","べ員葉コ番告7次ノヌ従援かやじり図安ヨ ABCDEFGHIJ","กขฃคฅฆงจฉชซฌญฎฏฐฑฒณดตถทธนบปผภฮ ff333df6-90a4-4fda-8dd3-9485d28cee36","In Bulgarian it is desirable abcd,EFGH,友達と会","And to some extent the rendition 1,1,1,1,1","Canada Denmark Turkey Yemen Tokyo 7次ノヌ,ノヌ従,援かや","Ông là nhà văn hiện thực thế kỷ 20 4f333df6-90a4-4fda-8dd3-9485d27ceea6","живетезелоземляиижеикаколюди polkiuytxp,^&*()_+=,kwikdikwik","豆贝尔维克斯艾勒艾弗诶比迪吉吾艾儿 กขฃคฅฆงจฉชซฌญฎฏฐฑฒณดตถทธนบปผภฮ"} | [{"f1":"~!@#","f2":16767},  +| [{"f1": "_(*#", "f2": 22.15}, {"f1": "_(*#", "f2": -545.6456}, {"f1": "_(*#", "f2": 0}, {"f1": "_(*#", "f2": 545.5454}, {"f1": "_(*#", "f2": 2362.323}, {"f1": "_(*#", "f2": -985.455}, {"f1": "_(*#", "f2": 75.215}, {"f1": "_(*#", "f2": 0}, {"f1": "_(*#", "f2": 5450545.5}, {"f1": "_(*#", "f2": 22.15}] | { "x" : "友達と会うので遅刻した 鍋 сковорода", "x" : "กระทะ Cái chảo", "x" : "ABCDEFGHIJ", "x" : "ff333df6-90a4-4fda-8dd3-9485d28cee36", "x" : "abcd,EFGH,友達と会", "x" : "1,1,1,1,1", "x" : "7次ノヌ,ノヌ従,援かや", "x" : "4f333df6-90a4-4fda-8dd3-9485d27ceea6", "x" : "polkiuytxp,^&*()_+=,kwikdikwik", "x" : "กขฃคฅฆงจฉชซฌญฎฏฐฑฒณดตถทธนบปผภฮ" } | {"y": "กขฃคฅฆงจฉชซฌญฎฏฐฑฒณดตถทธนบปผภฮ"}
                                                                                                                                                                                                                                                                                                                                                                                                                                                                                                                                                                                                                               |  {"f1":"~!@#","f2":54545},  +|                                                                                                                                                                                                                                                                                                              |                                                                                                                                                                                                                                                                                                                                                       | 
                                                                                                                                                                                                                                                                                                                                                                                                                                                                                                                                                                                                                               |  {"f1":"~!@#","f2":9956},   +|                                                                                                                                                                                                                                                                                                              |                                                                                                                                                                                                                                                                                                                                                       | 
                                                                                                                                                                                                                                                                                                                                                                                                                                                                                                                                                                                                                               |  {"f1":"~!@#","f2":-2333},  +|                                                                                                                                                                                                                                                                                                              |                                                                                                                                                                                                                                                                                                                                                       | 
                                                                                                                                                                                                                                                                                                                                                                                                                                                                                                                                                                                                                               |  {"f1":"~!@#","f2":7563},   +|                                                                                                                                                                                                                                                                                                              |                                                                                                                                                                                                                                                                                                                                                       | 
                                                                                                                                                                                                                                                                                                                                                                                                                                                                                                                                                                                                                               |  {"f1":"~!@#","f2":34534},  +|                                                                                                                                                                                                                                                                                                              |                                                                                                                                                                                                                                                                                                                                                       | 
                                                                                                                                                                                                                                                                                                                                                                                                                                                                                                                                                                                                                               |  {"f1":"~!@#","f2":167646}, +|                                                                                                                                                                                                                                                                                                              |                                                                                                                                                                                                                                                                                                                                                       | 
                                                                                                                                                                                                                                                                                                                                                                                                                                                                                                                                                                                                                               |  {"f1":"~!@#","f2":0},      +|                                                                                                                                                                                                                                                                                                              |                                                                                                                                                                                                                                                                                                                                                       | 
                                                                                                                                                                                                                                                                                                                                                                                                                                                                                                                                                                                                                               |  {"f1":"~!@#","f2":3453},   +|                                                                                                                                                                                                                                                                                                              |                                                                                                                                                                                                                                                                                                                                                       | 
                                                                                                                                                                                                                                                                                                                                                                                                                                                                                                                                                                                                                               |  {"f1":"~!@#","f2":35345}]   |                                                                                                                                                                                                                                                                                                              |                                                                                                                                                                                                                                                                                                                                                       | 
(1 row)

--Testcase 155:
EXPLAIN VERBOSE SELECT string_agg(c3, ' ' ORDER BY c3), string_agg(c7, ',' ORDER BY c7) FROM tbl01 LIMIT 5;
                                          QUERY PLAN                                          
----------------------------------------------------------------------------------------------
 Limit  (cost=229.46..229.47 rows=1 width=64)
   Output: (string_agg(c3, ' '::text ORDER BY c3)), (string_agg(c7, ','::text ORDER BY c7))
   ->  Aggregate  (cost=229.46..229.47 rows=1 width=64)
         Output: string_agg(c3, ' '::text ORDER BY c3), string_agg(c7, ','::text ORDER BY c7)
         ->  Foreign Scan on public.tbl01  (cost=100.00..212.39 rows=3413 width=64)
               Output: c3, c7
               Node: griddb_svr / Status: Alive
                 Limit push-down: no
                 Remote SQL: SELECT  *  FROM tbl01
(9 rows)

--Testcase 156:
SELECT string_agg(c3, ' ' ORDER BY c3), string_agg(c7, ',' ORDER BY c7) FROM tbl01 LIMIT 5;
                                                                                                                                                                   string_agg                                                                                                                                                                   |                                                                                                                        string_agg                                                                                                                        
------------------------------------------------------------------------------------------------------------------------------------------------------------------------------------------------------------------------------------------------------------------------------------------------------------------------------------------------+----------------------------------------------------------------------------------------------------------------------------------------------------------------------------------------------------------------------------------------------------------
 กขฃคฅฆงจฉชซฌญฎฏฐฑฒณดตถทธนบปผภฮ And to some extent the rendition Canada Denmark Turkey Yemen Tokyo In Bulgarian it is desirable Ông là nhà văn hiện thực thế kỷ 20 Thequickbrownfoxjumpsoverthelazydog живетезелоземляиижеикаколюди べ員葉コ番告7次ノヌ従援かやじり図安ヨ 敷ヘカウ告政ヨハツヤ消70者32精楽ざ 豆贝尔维克斯艾勒艾弗诶比迪吉吾艾儿 | กขฃคฅฆงจฉชซฌญฎฏฐฑฒณดตถทธนบปผภฮ,1,1,1,1,1,4f333df6-90a4-4fda-8dd3-9485d27ceea6,7次ノヌ,ノヌ従,援かや,ABCDEFGHIJ,abcd,EFGH,友達と会,กระทะ Cái chảo,ff333df6-90a4-4fda-8dd3-9485d28cee36,polkiuytxp,^&*()_+=,kwikdikwik,友達と会うので遅刻した 鍋 сковорода
(1 row)

--Testcase 157:
EXPLAIN VERBOSE SELECT string_agg(c3, c7) FROM tbl01 LIMIT 1;
                                     QUERY PLAN                                     
------------------------------------------------------------------------------------
 Limit  (cost=220.92..220.93 rows=1 width=32)
   Output: (string_agg(c3, c7))
   ->  Aggregate  (cost=220.92..220.93 rows=1 width=32)
         Output: string_agg(c3, c7)
         ->  Foreign Scan on public.tbl01  (cost=100.00..212.39 rows=3413 width=64)
               Output: c3, c7
               Node: griddb_svr / Status: Alive
                 Limit push-down: no
                 Remote SQL: SELECT  *  FROM tbl01
(9 rows)

--Testcase 158:
SELECT string_agg(c3, c7) FROM tbl01 LIMIT 1;
                                                                                                                                                                                                                                                                    string_agg                                                                                                                                                                                                                                                                     
---------------------------------------------------------------------------------------------------------------------------------------------------------------------------------------------------------------------------------------------------------------------------------------------------------------------------------------------------------------------------------------------------------------------------------------------------------------------------------------------------------------------------------------------------
 Thequickbrownfoxjumpsoverthelazydogกระทะ Cái chảo敷ヘカウ告政ヨハツヤ消70者32精楽ざABCDEFGHIJべ員葉コ番告7次ノヌ従援かやじり図安ヨff333df6-90a4-4fda-8dd3-9485d28cee36กขฃคฅฆงจฉชซฌญฎฏฐฑฒณดตถทธนบปผภฮabcd,EFGH,友達と会In Bulgarian it is desirable1,1,1,1,1And to some extent the rendition7次ノヌ,ノヌ従,援かやCanada Denmark Turkey Yemen Tokyo4f333df6-90a4-4fda-8dd3-9485d27ceea6Ông là nhà văn hiện thực thế kỷ 20polkiuytxp,^&*()_+=,kwikdikwikживетезелоземляиижеикаколюдиกขฃคฅฆงจฉชซฌญฎฏฐฑฒณดตถทธนบปผภฮ豆贝尔维克斯艾勒艾弗诶比迪吉吾艾儿
(1 row)

--LIMIT/OFFSET 22
--Testcase 159:
EXPLAIN VERBOSE SELECT length(c1), length(c2), c3, c4, c5, c6, c9, c10 FROM tbl01 GROUP BY c1, c2, c3, c4, c5, c6, c9, c10, __spd_url HAVING __spd_url != '/spider' OFFSET 5;
                                                     QUERY PLAN                                                      
---------------------------------------------------------------------------------------------------------------------
 Limit  (cost=289.26..292.18 rows=195 width=156)
   Output: (length(c1)), (length(c2)), c3, c4, c5, c6, c9, c10, c1, c2, __spd_url
   ->  HashAggregate  (cost=289.18..292.18 rows=200 width=156)
         Output: length(c1), length(c2), c3, c4, c5, c6, c9, c10, c1, c2, __spd_url
         Group Key: tbl01.c1, tbl01.c2, tbl01.c3, tbl01.c4, tbl01.c5, tbl01.c6, tbl01.c9, tbl01.c10, tbl01.__spd_url
         ->  Foreign Scan on public.tbl01  (cost=100.00..212.39 rows=3413 width=148)
               Output: c3, c4, c5, c6, c9, c10, c1, c2, __spd_url
               Filter: (tbl01.__spd_url <> '/spider'::text)
               Node: griddb_svr / Status: Alive
                 Limit push-down: no
                 Remote SQL: SELECT  *  FROM tbl01
(11 rows)

--Testcase 160:
SELECT length(c1), length(c2), c3, c4, c5, c6, c9, c10 FROM tbl01 GROUP BY c1, c2, c3, c4, c5, c6, c9, c10, __spd_url HAVING __spd_url != '/spider' OFFSET 5;
 length | length |                 c3                 |   c4   |    c5     | c6 |     c9     | c10 
--------+--------+------------------------------------+--------+-----------+----+------------+-----
      4 |      3 | Canada Denmark Turkey Yemen Tokyo  | 167646 |    75.215 | 45 | 987935.565 |  45
      4 |      5 | And to some extent the rendition   |  34534 |  -985.455 | 12 |    54.6565 |   4
      5 |      4 | In Bulgarian it is desirable       |   7563 |  2362.323 | 54 | -1.79e+108 |   6
      4 |     10 | กขฃคฅฆงจฉชซฌญฎฏฐฑฒณดตถทธนบปผภฮ     |  -2333 |  545.5454 | -2 | -1.79e+108 |   4
     10 |      7 | 敷ヘカウ告政ヨハツヤ消70者32精楽ざ |  54545 | -545.6456 |  6 |    -1e+108 |  45
(5 rows)

--Testcase 161:
EXPLAIN VERBOSE SELECT c1, c2, c3 || c7, c4-c5, c8/c9 FROM tbl01 GROUP BY c1, c2, c3, c4, c5, c7, c8, c9 HAVING count(DISTINCT c4) > 0 OFFSET 1;
                                                        QUERY PLAN                                                         
---------------------------------------------------------------------------------------------------------------------------
 Limit  (cost=0.05..0.05 rows=1 width=200)
   Output: c1, c2, ((c3 || c7)), (((c4)::double precision - c5)), (((c8)::double precision / c9)), c3, c4, c5, c7, c8, c9
   ->  GroupAggregate  (cost=0.00..0.05 rows=1 width=200)
         Output: c1, c2, (c3 || c7), ((c4)::double precision - c5), ((c8)::double precision / c9), c3, c4, c5, c7, c8, c9
         Group Key: tbl01.c1, tbl01.c2, tbl01.c3, tbl01.c4, tbl01.c5, tbl01.c7, tbl01.c8, tbl01.c9
         Filter: (count(DISTINCT tbl01.c4) > 0)
         ->  Foreign Scan on public.tbl01  (cost=0.00..0.00 rows=1 width=152)
               Output: c1, c2, c3, c4, c5, c7, c8, c9
               Node: griddb_svr / Status: Alive
                 Limit push-down: no
                 Remote SQL: SELECT  *  FROM tbl01 ORDER BY c1 ASC, c2 ASC, c3 ASC, c4 ASC, c5 ASC, c7 ASC, c8 ASC, c9 ASC
(11 rows)

--Testcase 162:
SELECT c1, c2, c3 || c7, c4-c5, c8/c9 FROM tbl01 GROUP BY c1, c2, c3, c4, c5, c7, c8, c9 HAVING count(DISTINCT c4) > 0 OFFSET 1;
psql:sql/limit/limit_orderby.sql:347: ERROR:  division by zero
--Testcase 163:
EXPLAIN VERBOSE SELECT c4/12+c5, c6, c7, c8/(c5-c9), c10, c11 + '3 days'::interval FROM tbl01 GROUP BY c3, c4, c5, c6, c7, c8, c9, c10, c11 HAVING c3 = ANY(array_agg(c3)) OFFSET 3;
                                                                           QUERY PLAN                                                                           
----------------------------------------------------------------------------------------------------------------------------------------------------------------
 Limit  (cost=0.07..0.07 rows=1 width=124)
   Output: ((((c4 / 12))::double precision + c5)), c6, c7, (((c8)::double precision / (c5 - c9))), c10, ((c11 + '@ 3 days'::interval)), c3, c4, c5, c8, c9, c11
   ->  GroupAggregate  (cost=0.00..0.07 rows=1 width=124)
         Output: (((c4 / 12))::double precision + c5), c6, c7, ((c8)::double precision / (c5 - c9)), c10, (c11 + '@ 3 days'::interval), c3, c4, c5, c8, c9, c11
         Group Key: tbl01.c3, tbl01.c4, tbl01.c5, tbl01.c6, tbl01.c7, tbl01.c8, tbl01.c9, tbl01.c10, tbl01.c11
         Filter: (tbl01.c3 = ANY (array_agg(tbl01.c3)))
         ->  Foreign Scan on public.tbl01  (cost=0.00..0.00 rows=1 width=100)
               Output: c6, c7, c10, c3, c4, c5, c8, c9, c11
               Node: griddb_svr / Status: Alive
                 Limit push-down: no
                 Remote SQL: SELECT  *  FROM tbl01 ORDER BY c3 ASC, c4 ASC, c5 ASC, c6 ASC, c7 ASC, c8 ASC, c9 ASC, c10 ASC, c11 ASC
(11 rows)

--Testcase 164:
SELECT c4/12+c5, c6, c7, c8/(c5-c9), c10, c11 + '3 days'::interval FROM tbl01 GROUP BY c3, c4, c5, c6, c7, c8, c9, c10, c11 HAVING c3 = ANY(array_agg(c3)) OFFSET 3;
      ?column?      | c6 |                  c7                  |        ?column?         | c10 |        ?column?         
--------------------+----+--------------------------------------+-------------------------+-----+-------------------------
 1419.1499996185303 | 12 | 友達と会うので遅刻した 鍋 сковорода  |   8.822473743016761e-97 | 212 | 1970-01-04 00:00:01.97
                  0 |  7 | 4f333df6-90a4-4fda-8dd3-9485d27ceea6 |     -0.6317635335988971 | 786 | 1970-01-04 00:00:02.022
          5450832.5 |  0 | polkiuytxp,^&*()_+=,kwikdikwik       |   6.237907747031926e-06 |  76 | 1970-01-04 00:00:02.023
    351.54541015625 | -2 | ff333df6-90a4-4fda-8dd3-9485d28cee36 | 3.0494167597765365e-102 |   4 | 1970-01-04 00:00:02.019
                829 |  0 | ABCDEFGHIJ                           |     -10223.942769175042 | 454 | 1970-01-04 00:00:02.018
 3999.3543701171875 |  6 | กระทะ Cái chảo                       |        5.4185454214e-98 |  45 | 1970-01-04 00:00:09.999
 2967.1499996185303 | 12 | กขฃคฅฆงจฉชซฌญฎฏฐฑฒณดตถทธนบปผภฮ       |      -5.090950925244233 | 786 | 1970-01-04 00:00:01.97
(7 rows)

--Testcase 165:
EXPLAIN VERBOSE SELECT c1 || c2, c3, abs(c4-c5), abs(c8/23+c9), c11 FROM tbl01 GROUP BY c1, c2, c3, c4, c5, c8, c9, c11 HAVING string_agg(c3, ' ' ORDER BY c3) != 'a3W' OFFSET 1;
                                                                 QUERY PLAN                                                                 
--------------------------------------------------------------------------------------------------------------------------------------------
 Limit  (cost=0.06..0.06 rows=1 width=176)
   Output: ((c1 || c2)), c3, (abs(((c4)::double precision - c5))), (abs((((c8 / 23))::double precision + c9))), c11, c1, c2, c4, c5, c8, c9
   ->  GroupAggregate  (cost=0.00..0.06 rows=1 width=176)
         Output: (c1 || c2), c3, abs(((c4)::double precision - c5)), abs((((c8 / 23))::double precision + c9)), c11, c1, c2, c4, c5, c8, c9
         Group Key: tbl01.c1, tbl01.c2, tbl01.c3, tbl01.c4, tbl01.c5, tbl01.c8, tbl01.c9, tbl01.c11
         Filter: (string_agg(tbl01.c3, ' '::text ORDER BY tbl01.c3) <> 'a3W'::text)
         ->  Foreign Scan on public.tbl01  (cost=0.00..0.00 rows=1 width=128)
               Output: c3, c11, c1, c2, c4, c5, c8, c9
               Node: griddb_svr / Status: Alive
                 Limit push-down: no
                 Remote SQL: SELECT  *  FROM tbl01 ORDER BY c1 ASC, c2 ASC, c3 ASC, c4 ASC, c5 ASC, c8 ASC, c9 ASC, c11 ASC
(11 rows)

--Testcase 166:
SELECT c1 || c2, c3, abs(c4-c5), abs(c8/23+c9), c11 FROM tbl01 GROUP BY c1, c2, c3, c4, c5, c8, c9, c11 HAVING string_agg(c3, ' ' ORDER BY c3) != 'a3W' OFFSET 1;
       ?column?       |                  c3                   |        abs         |    abs     |           c11           
----------------------+---------------------------------------+--------------------+------------+-------------------------
 32精楽красивый       | Ông là nhà văn hiện thực thế kỷ 20    |                  0 |  5615.6526 | 1970-01-01 00:00:02.022
 84udycgsvabrownfo    | 敷ヘカウ告政ヨハツヤ消70者32精楽ざ    |  55090.64562988281 |     1e+108 | 1970-01-01 00:00:09.999
 IJKLMNOPInBulgaria   | живетезелоземляиижеикаколюди          |          5447092.5 |          1 | 1970-01-01 00:00:02.023
 IKLMกขฃคฅ            | And to some extent the rendition      | 35519.455017089844 |    54.6565 | 1970-01-01 00:00:02.02
 IrelandIRN`~!@#$%^   | 豆贝尔维克斯艾勒艾弗诶比迪吉吾艾儿    |  35322.85000038147 |   55757.65 | 1970-01-01 00:00:01.97
 tyuiyytwQyhsgER      | べ員葉コ番告7次ノヌ従援かやじり図安ヨ |               9956 |  24599.215 | 1970-01-01 00:00:02.018
 ăâđêôơưdêđêdờenờíìờẹ | Thequickbrownfoxjumpsoverthelazydog   |  16744.85000038147 |  1.79e+108 | 1970-01-01 00:00:01.97
 บปผภ援かや           | Canada Denmark Turkey Yemen Tokyo     |  167570.7850036621 | 985675.565 | 1970-01-01 00:00:02.021
 友達と会oiuytrewqa   | กขฃคฅฆงจฉชซฌญฎฏฐฑฒณดตถทธนบปผภฮ        |   2878.54541015625 |  1.79e+108 | 1970-01-01 00:00:02.019
(9 rows)

--Testcase 167:
EXPLAIN VERBOSE SELECT c1, c2, c3 || c7, c4/100-c5 FROM tbl01 GROUP BY c1, c2, c3, c4, c5, c7 HAVING string_agg(c3, c7) != '9u3wro' OFFSET 1;
                                                QUERY PLAN                                                 
-----------------------------------------------------------------------------------------------------------
 Limit  (cost=0.04..0.04 rows=1 width=176)
   Output: c1, c2, ((c3 || c7)), ((((c4 / 100))::double precision - c5)), c3, c4, c5, c7
   ->  GroupAggregate  (cost=0.00..0.04 rows=1 width=176)
         Output: c1, c2, (c3 || c7), (((c4 / 100))::double precision - c5), c3, c4, c5, c7
         Group Key: tbl01.c1, tbl01.c2, tbl01.c3, tbl01.c4, tbl01.c5, tbl01.c7
         Filter: (string_agg(tbl01.c3, tbl01.c7) <> '9u3wro'::text)
         ->  Foreign Scan on public.tbl01  (cost=0.00..0.00 rows=1 width=136)
               Output: c1, c2, c3, c4, c5, c7
               Node: griddb_svr / Status: Alive
                 Limit push-down: no
                 Remote SQL: SELECT  *  FROM tbl01 ORDER BY c1 ASC, c2 ASC, c3 ASC, c4 ASC, c5 ASC, c7 ASC
(11 rows)

--Testcase 168:
SELECT c1, c2, c3 || c7, c4/100-c5 FROM tbl01 GROUP BY c1, c2, c3, c4, c5, c7 HAVING string_agg(c3, c7) != '9u3wro' OFFSET 1;
     c1     |     c2     |                                ?column?                                |      ?column?      
------------+------------+------------------------------------------------------------------------+--------------------
 32精楽     | красивый   | Ông là nhà văn hiện thực thế kỷ 204f333df6-90a4-4fda-8dd3-9485d27ceea6 |                  0
 84udycgsva | brownfo    | 敷ヘカウ告政ヨハツヤ消70者32精楽ざกระทะ Cái chảo                       | 1090.6456298828125
 IJKLMNOP   | InBulgaria | живетезелоземляиижеикаколюдиpolkiuytxp,^&*()_+=,kwikdikwik             |         -5450511.5
 IKLM       | กขฃคฅ      | And to some extent the rendition1,1,1,1,1                              | 1330.4550170898438
 IrelandIRN | `~!@#$%^   | 豆贝尔维克斯艾勒艾弗诶比迪吉吾艾儿กขฃคฅฆงจฉชซฌญฎฏฐฑฒณดตถทธนบปผภฮ       |  330.8500003814697
 tyuiyytw   | QyhsgER    | べ員葉コ番告7次ノヌ従援かやじり図安ヨABCDEFGHIJ                        |                 99
 ăâđêôơưdêđ | êdờenờíìờẹ | Thequickbrownfoxjumpsoverthelazydog友達と会うので遅刻した 鍋 сковорода | 144.85000038146973
 บปผภ       | 援かや     | Canada Denmark Turkey Yemen Tokyo7次ノヌ,ノヌ従,援かや                 | 1600.7850036621094
 友達と会   | oiuytrewqa | กขฃคฅฆงจฉชซฌญฎฏฐฑฒณดตถทธนบปผภฮff333df6-90a4-4fda-8dd3-9485d28cee36     |   -568.54541015625
(9 rows)

--LIMIT/OFFSET 23
--Testcase 169:
EXPLAIN VERBOSE SELECT c1, c2, c3 || '123' || c7, c4, c8/1000 FROM tbl01 GROUP BY __spd_url, c1, c2, c3, c4, c7, c8 ORDER BY 1 ASC, 2 DESC LIMIT 1 OFFSET 1;
                                              QUERY PLAN                                              
------------------------------------------------------------------------------------------------------
 Limit  (cost=277.62..277.62 rows=1 width=212)
   Output: c1, c2, (((c3 || '123'::text) || c7)), c4, ((c8 / 1000)), __spd_url, c3, c7, c8
   ->  Sort  (cost=277.62..278.12 rows=200 width=212)
         Output: c1, c2, (((c3 || '123'::text) || c7)), c4, ((c8 / 1000)), __spd_url, c3, c7, c8
         Sort Key: tbl01.c1, tbl01.c2 DESC
         ->  HashAggregate  (cost=272.12..275.62 rows=200 width=212)
               Output: c1, c2, ((c3 || '123'::text) || c7), c4, (c8 / 1000), __spd_url, c3, c7, c8
               Group Key: tbl01.c1, tbl01.c2, tbl01.__spd_url, tbl01.c3, tbl01.c4, tbl01.c7, tbl01.c8
               ->  Foreign Scan on public.tbl01  (cost=100.00..212.39 rows=3413 width=172)
                     Output: c1, c2, c4, __spd_url, c3, c7, c8
                     Node: griddb_svr / Status: Alive
                       Limit push-down: no
                       Sort push-down: no
                       Remote SQL: SELECT  *  FROM tbl01
(14 rows)

--Testcase 170:
SELECT c1, c2, c3 || '123' || c7, c4, c8/1000 FROM tbl01 GROUP BY __spd_url, c1, c2, c3, c4, c7, c8 ORDER BY 1 ASC, 2 DESC LIMIT 1 OFFSET 1;
  c1  |   c2   |                         ?column?                          |   c4   | ?column? 
------+--------+-----------------------------------------------------------+--------+----------
 บปผภ | 援かや | Canada Denmark Turkey Yemen Tokyo1237次ノヌ,ノヌ従,援かや | 167646 |      -51
(1 row)

--Testcase 171:
EXPLAIN VERBOSE SELECT c4-c5, c8/23+c9, c11 || 'time4', c10 FROM tbl01 GROUP BY __spd_url, c4, c5, c8, c9, c10, c11 ORDER BY 1 DESC LIMIT 5 OFFSET 1;
                                                                           QUERY PLAN                                                                           
----------------------------------------------------------------------------------------------------------------------------------------------------------------
 Limit  (cost=281.70..281.72 rows=5 width=114)
   Output: (((c4)::double precision - c5)), ((((c8 / 23))::double precision + c9)), (((c11)::text || 'time4'::text)), c10, __spd_url, c4, c5, c8, c9, c11
   ->  Sort  (cost=281.70..282.20 rows=200 width=114)
         Output: (((c4)::double precision - c5)), ((((c8 / 23))::double precision + c9)), (((c11)::text || 'time4'::text)), c10, __spd_url, c4, c5, c8, c9, c11
         Sort Key: (((tbl01.c4)::double precision - tbl01.c5)) DESC
         ->  HashAggregate  (cost=272.12..278.12 rows=200 width=114)
               Output: ((c4)::double precision - c5), (((c8 / 23))::double precision + c9), ((c11)::text || 'time4'::text), c10, __spd_url, c4, c5, c8, c9, c11
               Group Key: tbl01.__spd_url, tbl01.c4, tbl01.c5, tbl01.c8, tbl01.c9, tbl01.c10, tbl01.c11
               ->  Foreign Scan on public.tbl01  (cost=100.00..212.39 rows=3413 width=66)
                     Output: c10, __spd_url, c4, c5, c8, c9, c11
                     Node: griddb_svr / Status: Alive
                       Limit push-down: no
                       Sort push-down: no
                       Remote SQL: SELECT  *  FROM tbl01
(14 rows)

--Testcase 172:
SELECT c4-c5, c8/23+c9, c11 || 'time4', c10 FROM tbl01 GROUP BY __spd_url, c4, c5, c8, c9, c10, c11 ORDER BY 1 DESC LIMIT 5 OFFSET 1;
      ?column?      |  ?column?  |           ?column?           | c10 
--------------------+------------+------------------------------+-----
  55090.64562988281 |    -1e+108 | 1970-01-01 00:00:09.999time4 |  45
 35519.455017089844 |    54.6565 | 1970-01-01 00:00:02.02time4  |   4
  35322.85000038147 |   55757.65 | 1970-01-01 00:00:01.97time4  | 786
  16744.85000038147 | -1.79e+108 | 1970-01-01 00:00:01.97time4  | 212
               9956 |  24599.215 | 1970-01-01 00:00:02.018time4 | 454
(5 rows)

--Testcase 173:
EXPLAIN VERBOSE SELECT c4/(c5+c6), c7, c8/c5-c9, c10, c11 FROM tbl01 GROUP BY __spd_url, c4, c5, c6, c7, c8, c9, c10, c11 ORDER BY 1 ASC LIMIT 5 OFFSET 2;
                                                                            QUERY PLAN                                                                             
-------------------------------------------------------------------------------------------------------------------------------------------------------------------
 Limit  (cost=298.49..298.51 rows=5 width=116)
   Output: (((c4)::double precision / (c5 + (c6)::double precision))), c7, ((((c8)::double precision / c5) - c9)), c10, c11, __spd_url, c4, c5, c6, c8, c9
   ->  Sort  (cost=298.49..298.99 rows=200 width=116)
         Output: (((c4)::double precision / (c5 + (c6)::double precision))), c7, ((((c8)::double precision / c5) - c9)), c10, c11, __spd_url, c4, c5, c6, c8, c9
         Sort Key: (((tbl01.c4)::double precision / (tbl01.c5 + (tbl01.c6)::double precision)))
         ->  HashAggregate  (cost=289.18..294.68 rows=200 width=116)
               Output: ((c4)::double precision / (c5 + (c6)::double precision)), c7, (((c8)::double precision / c5) - c9), c10, c11, __spd_url, c4, c5, c6, c8, c9
               Group Key: tbl01.__spd_url, tbl01.c4, tbl01.c5, tbl01.c6, tbl01.c7, tbl01.c8, tbl01.c9, tbl01.c10, tbl01.c11
               ->  Foreign Scan on public.tbl01  (cost=100.00..212.39 rows=3413 width=100)
                     Output: c7, c10, c11, __spd_url, c4, c5, c6, c8, c9
                     Node: griddb_svr / Status: Alive
                       Limit push-down: no
                       Sort push-down: no
                       Remote SQL: SELECT  *  FROM tbl01
(14 rows)

--Testcase 174:
SELECT c4/(c5+c6), c7, c8/c5-c9, c10, c11 FROM tbl01 GROUP BY __spd_url, c4, c5, c6, c7, c8, c9, c10, c11 ORDER BY 1 ASC LIMIT 5 OFFSET 2;
psql:sql/limit/limit_orderby.sql:372: ERROR:  division by zero
--Testcase 175:
EXPLAIN VERBOSE SELECT c1, c2, c3, c4, c5, c6, c9, c10 FROM tbl01 GROUP BY c1, c2, c3, c4, c5, c6, __spd_url, c9, c10 ORDER BY 1 LIMIT 5 OFFSET 3;
                                                        QUERY PLAN                                                         
---------------------------------------------------------------------------------------------------------------------------
 Limit  (cost=295.19..295.20 rows=5 width=148)
   Output: c1, c2, c3, c4, c5, c6, c9, c10, __spd_url
   ->  Sort  (cost=295.18..295.68 rows=200 width=148)
         Output: c1, c2, c3, c4, c5, c6, c9, c10, __spd_url
         Sort Key: tbl01.c1
         ->  HashAggregate  (cost=289.18..291.18 rows=200 width=148)
               Output: c1, c2, c3, c4, c5, c6, c9, c10, __spd_url
               Group Key: tbl01.c1, tbl01.c2, tbl01.c3, tbl01.c4, tbl01.c5, tbl01.c6, tbl01.__spd_url, tbl01.c9, tbl01.c10
               ->  Foreign Scan on public.tbl01  (cost=100.00..212.39 rows=3413 width=148)
                     Output: c1, c2, c3, c4, c5, c6, c9, c10, __spd_url
                     Node: griddb_svr / Status: Alive
                       Limit push-down: no
                       Sort push-down: no
                       Remote SQL: SELECT  *  FROM tbl01
(14 rows)

--Testcase 176:
SELECT c1, c2, c3, c4, c5, c6, c9, c10 FROM tbl01 GROUP BY c1, c2, c3, c4, c5, c6, __spd_url, c9, c10 ORDER BY 1 LIMIT 5 OFFSET 3;
     c1     |     c2     |                 c3                  |  c4   |      c5       | c6 |     c9     | c10 
------------+------------+-------------------------------------+-------+---------------+----+------------+-----
 84udycgsva | brownfo    | 敷ヘカウ告政ヨハツヤ消70者32精楽ざ  | 54545 |     -545.6456 |  6 |    -1e+108 |  45
 ăâđêôơưdêđ | êdờenờíìờẹ | Thequickbrownfoxjumpsoverthelazydog | 16767 |         22.15 | 12 | -1.79e+108 | 212
 IJKLMNOP   | InBulgaria | живетезелоземляиижеикаколюди        |  3453 | 5.4505455e+06 |  0 |          0 |  76
 IKLM       | กขฃคฅ      | And to some extent the rendition    | 34534 |      -985.455 | 12 |    54.6565 |   4
 IrelandIRN | `~!@#$%^   | 豆贝尔维克斯艾勒艾弗诶比迪吉吾艾儿  | 35345 |         22.15 | 12 |   45656.65 | 786
(5 rows)

--Testcase 177:
EXPLAIN VERBOSE SELECT c1, c2, c3 || c7, c4-c5, c8/2+c9 FROM tbl01 GROUP BY c1, c2, c3, __spd_url, c4, c5, c7, c8, c9 ORDER BY 1 LIMIT 5 OFFSET 4;
                                                                   QUERY PLAN                                                                    
-------------------------------------------------------------------------------------------------------------------------------------------------
 Limit  (cost=298.36..298.37 rows=5 width=232)
   Output: c1, c2, ((c3 || c7)), (((c4)::double precision - c5)), ((((c8 / 2))::double precision + c9)), c3, __spd_url, c4, c5, c7, c8, c9
   ->  Sort  (cost=298.35..298.85 rows=200 width=232)
         Output: c1, c2, ((c3 || c7)), (((c4)::double precision - c5)), ((((c8 / 2))::double precision + c9)), c3, __spd_url, c4, c5, c7, c8, c9
         Sort Key: tbl01.c1
         ->  HashAggregate  (cost=289.18..294.18 rows=200 width=232)
               Output: c1, c2, (c3 || c7), ((c4)::double precision - c5), (((c8 / 2))::double precision + c9), c3, __spd_url, c4, c5, c7, c8, c9
               Group Key: tbl01.c1, tbl01.c2, tbl01.c3, tbl01.__spd_url, tbl01.c4, tbl01.c5, tbl01.c7, tbl01.c8, tbl01.c9
               ->  Foreign Scan on public.tbl01  (cost=100.00..212.39 rows=3413 width=184)
                     Output: c1, c2, c3, __spd_url, c4, c5, c7, c8, c9
                     Node: griddb_svr / Status: Alive
                       Limit push-down: no
                       Sort push-down: no
                       Remote SQL: SELECT  *  FROM tbl01
(14 rows)

--Testcase 178:
SELECT c1, c2, c3 || c7, c4-c5, c8/2+c9 FROM tbl01 GROUP BY c1, c2, c3, __spd_url, c4, c5, c7, c8, c9 ORDER BY 1 LIMIT 5 OFFSET 4;
     c1     |     c2     |                                ?column?                                |      ?column?      |  ?column?  
------------+------------+------------------------------------------------------------------------+--------------------+------------
 ăâđêôơưdêđ | êdờenờíìờẹ | Thequickbrownfoxjumpsoverthelazydog友達と会うので遅刻した 鍋 сковорода |  16744.85000038147 | -1.79e+108
 IJKLMNOP   | InBulgaria | живетезелоземляиижеикаколюдиpolkiuytxp,^&*()_+=,kwikdikwik             |         -5447092.5 |         17
 IKLM       | กขฃคฅ      | And to some extent the rendition1,1,1,1,1                              | 35519.455017089844 |    54.6565
 IrelandIRN | `~!@#$%^   | 豆贝尔维克斯艾勒艾弗诶比迪吉吾艾儿กขฃคฅฆงจฉชซฌญฎฏฐฑฒณดตถทธนบปผภฮ       |  35322.85000038147 |  161817.65
 tyuiyytw   | QyhsgER    | べ員葉コ番告7次ノヌ従援かやじり図安ヨABCDEFGHIJ                        |               9956 | 282312.215
(5 rows)

--Testcase 179:
EXPLAIN VERBOSE SELECT * FROM tbl01 WHERE c4/2+c5 > c4/2-c8 GROUP BY c1, c2, c3, c4, c5, c6, c7, c8, c9, c10, c11, __spd_url ORDER BY 1 LIMIT 10 OFFSET 5;
                                                                        QUERY PLAN                                                                        
----------------------------------------------------------------------------------------------------------------------------------------------------------
 Limit  (cost=313.18..313.20 rows=10 width=196)
   Output: c1, c2, c3, c4, c5, c6, c7, c8, c9, c10, c11, __spd_url
   ->  Sort  (cost=313.16..313.66 rows=200 width=196)
         Output: c1, c2, c3, c4, c5, c6, c7, c8, c9, c10, c11, __spd_url
         Sort Key: tbl01.c1
         ->  HashAggregate  (cost=306.26..308.26 rows=200 width=196)
               Output: c1, c2, c3, c4, c5, c6, c7, c8, c9, c10, c11, __spd_url
               Group Key: tbl01.c1, tbl01.c2, tbl01.c3, tbl01.c4, tbl01.c5, tbl01.c6, tbl01.c7, tbl01.c8, tbl01.c9, tbl01.c10, tbl01.c11, tbl01.__spd_url
               ->  Foreign Scan on public.tbl01  (cost=100.00..272.12 rows=1138 width=196)
                     Output: c1, c2, c3, c4, c5, c6, c7, c8, c9, c10, c11, __spd_url
                     Filter: ((((tbl01.c4 / 2))::double precision + tbl01.c5) > (((tbl01.c4 / 2) - tbl01.c8))::double precision)
                     Node: griddb_svr / Status: Alive
                       Limit push-down: no
                       Sort push-down: no
                       Remote SQL: SELECT  *  FROM tbl01
(15 rows)

--Testcase 180:
SELECT * FROM tbl01 WHERE c4/2+c5 > c4/2-c8 GROUP BY c1, c2, c3, c4, c5, c6, c7, c8, c9, c10, c11, __spd_url ORDER BY 1 LIMIT 10 OFFSET 5;
     c1     |     c2     |                  c3                   |  c4   |    c5    | c6 |                  c7                  |   c8    |     c9     | c10 |           c11           |  __spd_url   
------------+------------+---------------------------------------+-------+----------+----+--------------------------------------+---------+------------+-----+-------------------------+--------------
 IrelandIRN | `~!@#$%^   | 豆贝尔维克斯艾勒艾弗诶比迪吉吾艾儿    | 35345 |    22.15 | 12 | กขฃคฅฆงจฉชซฌญฎฏฐฑฒณดตถทธนบปผภฮ       |  232323 |   45656.65 | 786 | 1970-01-01 00:00:01.97  | /griddb_svr/
 tyuiyytw   | QyhsgER    | べ員葉コ番告7次ノヌ従援かやじり図安ヨ |  9956 |        0 |  0 | ABCDEFGHIJ                           |  564515 |     55.215 | 454 | 1970-01-01 00:00:02.018 | /griddb_svr/
 友達と会   | oiuytrewqa | กขฃคฅฆงจฉชซฌญฎฏฐฑฒณดตถทธนบปผภฮ        | -2333 | 545.5454 | -2 | ff333df6-90a4-4fda-8dd3-9485d28cee36 | 5458456 | -1.79e+108 |   4 | 1970-01-01 00:00:02.019 | /griddb_svr/
(3 rows)

--LIMIT/OFFSET 24
--Testcase 181:
EXPLAIN VERBOSE SELECT 1,2, 'wefakef', 2332, ')!@*&<>\\//' FROM tbl01 WHERE c3 IS NOT NULL ORDER BY 1, 2, 3 LIMIT 1 OFFSET 5;
                                  QUERY PLAN                                  
------------------------------------------------------------------------------
 Limit  (cost=100.16..100.20 rows=1 width=76)
   Output: 1, 2, 'wefakef'::text, 2332, ')!@*&<>\\//'::text
   ->  Foreign Scan on public.tbl01  (cost=100.00..212.05 rows=3396 width=76)
         Output: 1, 2, 'wefakef'::text, 2332, ')!@*&<>\\//'::text
         Node: griddb_svr / Status: Alive
           Limit push-down: no
           Sort push-down: no
           Remote SQL: SELECT  *  FROM tbl01 WHERE ((c3 IS NOT NULL))
(8 rows)

--Testcase 182:
SELECT 1,2, 'wefakef', 2332, ')!@*&<>\\//' FROM tbl01 WHERE c3 IS NOT NULL ORDER BY 1, 2, 3 LIMIT 1 OFFSET 5;
 ?column? | ?column? | ?column? | ?column? |  ?column?   
----------+----------+----------+----------+-------------
        1 |        2 | wefakef  |     2332 | )!@*&<>\\//
(1 row)

--Testcase 183:
EXPLAIN VERBOSE SELECT c1 || c2, c3, __spd_url FROM tbl01 WHERE c4 != 0 ORDER BY 1, 2 LIMIT 5 OFFSET 3;
                                     QUERY PLAN                                     
------------------------------------------------------------------------------------
 Limit  (cost=297.00..297.01 rows=5 width=96)
   Output: ((c1 || c2)), c3, __spd_url
   ->  Sort  (cost=296.99..305.48 rows=3396 width=96)
         Output: ((c1 || c2)), c3, __spd_url
         Sort Key: ((tbl01.c1 || tbl01.c2)), tbl01.c3
         ->  Foreign Scan on public.tbl01  (cost=100.00..229.07 rows=3396 width=96)
               Output: (c1 || c2), c3, __spd_url
               Node: griddb_svr / Status: Alive
                 Limit push-down: no
                 Sort push-down: no
                 Remote SQL: SELECT  *  FROM tbl01 WHERE ((c4 <> 0))
(11 rows)

--Testcase 184:
SELECT c1 || c2, c3, __spd_url FROM tbl01 WHERE c4 != 0 ORDER BY 1, 2 LIMIT 5 OFFSET 3;
      ?column?      |                  c3                   |  __spd_url   
--------------------+---------------------------------------+--------------
 IJKLMNOPInBulgaria | живетезелоземляиижеикаколюди          | /griddb_svr/
 IKLMกขฃคฅ          | And to some extent the rendition      | /griddb_svr/
 IrelandIRN`~!@#$%^ | 豆贝尔维克斯艾勒艾弗诶比迪吉吾艾儿    | /griddb_svr/
 tyuiyytwQyhsgER    | べ員葉コ番告7次ノヌ従援かやじり図安ヨ | /griddb_svr/
 友達と会oiuytrewqa | กขฃคฅฆงจฉชซฌญฎฏฐฑฒณดตถทธนบปผภฮ        | /griddb_svr/
(5 rows)

--Testcase 185:
EXPLAIN VERBOSE SELECT count(DISTINCT c5) FROM tbl01 WHERE c5 > 0 ORDER BY 1 LIMIT 1 OFFSET 0;
                                       QUERY PLAN                                        
-----------------------------------------------------------------------------------------
 Limit  (cost=178.29..178.29 rows=1 width=8)
   Output: (count(DISTINCT c5))
   ->  Sort  (cost=178.29..178.29 rows=1 width=8)
         Output: (count(DISTINCT c5))
         Sort Key: (count(DISTINCT tbl01.c5))
         ->  Aggregate  (cost=178.27..178.28 rows=1 width=8)
               Output: count(DISTINCT c5)
               ->  Foreign Scan on public.tbl01  (cost=100.00..175.42 rows=1138 width=4)
                     Output: c5
                     Node: griddb_svr / Status: Alive
                       Limit push-down: no
                       Sort push-down: no
                       Remote SQL: SELECT  *  FROM tbl01 WHERE ((c5 > 0))
(13 rows)

--Testcase 186:
SELECT count(DISTINCT c5) FROM tbl01 WHERE c5 > 0 ORDER BY 1 LIMIT 1 OFFSET 0;
 count 
-------
     5
(1 row)

--Testcase 187:
EXPLAIN VERBOSE SELECT array_agg(c3 || ' ' || c7), json_agg(('xx', c4)), jsonb_agg(('yy', c5)), json_object_agg('x', c7), jsonb_object_agg('y', c7) FROM tbl01 WHERE c7 IS NOT NULL ORDER BY 1 LIMIT 5 OFFSET 0;
                                                                               QUERY PLAN                                                                               
------------------------------------------------------------------------------------------------------------------------------------------------------------------------
 Limit  (cost=271.51..271.52 rows=1 width=160)
   Output: (array_agg(((c3 || ' '::text) || c7))), (json_agg(ROW('xx', c4))), (jsonb_agg(ROW('yy', c5))), (json_object_agg('x', c7)), (jsonb_object_agg('y', c7))
   ->  Sort  (cost=271.51..271.52 rows=1 width=160)
         Output: (array_agg(((c3 || ' '::text) || c7))), (json_agg(ROW('xx', c4))), (jsonb_agg(ROW('yy', c5))), (json_object_agg('x', c7)), (jsonb_object_agg('y', c7))
         Sort Key: (array_agg(((tbl01.c3 || ' '::text) || tbl01.c7)))
         ->  Aggregate  (cost=271.49..271.50 rows=1 width=160)
               Output: array_agg(((c3 || ' '::text) || c7)), json_agg(ROW('xx', c4)), jsonb_agg(ROW('yy', c5)), json_object_agg('x', c7), jsonb_object_agg('y', c7)
               ->  Foreign Scan on public.tbl01  (cost=100.00..212.05 rows=3396 width=72)
                     Output: c3, c7, c4, c5
                     Node: griddb_svr / Status: Alive
                       Limit push-down: no
                       Sort push-down: no
                       Remote SQL: SELECT  *  FROM tbl01 WHERE ((c7 IS NOT NULL))
(13 rows)

--Testcase 188:
SELECT array_agg(c3 || ' ' || c7), json_agg(('xx', c4)), jsonb_agg(('yy', c5)), json_object_agg('x', c7), jsonb_object_agg('y', c7) FROM tbl01 WHERE c7 IS NOT NULL ORDER BY 1 LIMIT 5 OFFSET 0;
                                                                                                                                                                                                                                                                                                           array_agg                                                                                                                                                                                                                                                                                                           |          json_agg          |                                                                                                                                        jsonb_agg                                                                                                                                         |                                                                                                                                                                    json_object_agg                                                                                                                                                                    |            jsonb_object_agg             
-------------------------------------------------------------------------------------------------------------------------------------------------------------------------------------------------------------------------------------------------------------------------------------------------------------------------------------------------------------------------------------------------------------------------------------------------------------------------------------------------------------------------------------------------------------------------------------------------------------------------------+----------------------------+------------------------------------------------------------------------------------------------------------------------------------------------------------------------------------------------------------------------------------------------------------------------------------------+-------------------------------------------------------------------------------------------------------------------------------------------------------------------------------------------------------------------------------------------------------------------------------------------------------------------------------------------------------+-----------------------------------------
 {"Thequickbrownfoxjumpsoverthelazydog 友達と会うので遅刻した 鍋 сковорода","敷ヘカウ告政ヨハツヤ消70者32精楽ざ กระทะ Cái chảo","べ員葉コ番告7次ノヌ従援かやじり図安ヨ ABCDEFGHIJ","กขฃคฅฆงจฉชซฌญฎฏฐฑฒณดตถทธนบปผภฮ ff333df6-90a4-4fda-8dd3-9485d28cee36","In Bulgarian it is desirable abcd,EFGH,友達と会","And to some extent the rendition 1,1,1,1,1","Canada Denmark Turkey Yemen Tokyo 7次ノヌ,ノヌ従,援かや","Ông là nhà văn hiện thực thế kỷ 20 4f333df6-90a4-4fda-8dd3-9485d27ceea6","живетезелоземляиижеикаколюди polkiuytxp,^&*()_+=,kwikdikwik","豆贝尔维克斯艾勒艾弗诶比迪吉吾艾儿 กขฃคฅฆงจฉชซฌญฎฏฐฑฒณดตถทธนบปผภฮ"} | [{"f1":"xx","f2":16767},  +| [{"f1": "yy", "f2": 22.15}, {"f1": "yy", "f2": -545.6456}, {"f1": "yy", "f2": 0}, {"f1": "yy", "f2": 545.5454}, {"f1": "yy", "f2": 2362.323}, {"f1": "yy", "f2": -985.455}, {"f1": "yy", "f2": 75.215}, {"f1": "yy", "f2": 0}, {"f1": "yy", "f2": 5450545.5}, {"f1": "yy", "f2": 22.15}] | { "x" : "友達と会うので遅刻した 鍋 сковорода", "x" : "กระทะ Cái chảo", "x" : "ABCDEFGHIJ", "x" : "ff333df6-90a4-4fda-8dd3-9485d28cee36", "x" : "abcd,EFGH,友達と会", "x" : "1,1,1,1,1", "x" : "7次ノヌ,ノヌ従,援かや", "x" : "4f333df6-90a4-4fda-8dd3-9485d27ceea6", "x" : "polkiuytxp,^&*()_+=,kwikdikwik", "x" : "กขฃคฅฆงจฉชซฌญฎฏฐฑฒณดตถทธนบปผภฮ" } | {"y": "กขฃคฅฆงจฉชซฌญฎฏฐฑฒณดตถทธนบปผภฮ"}
                                                                                                                                                                                                                                                                                                                                                                                                                                                                                                                                                                                                                               |  {"f1":"xx","f2":54545},  +|                                                                                                                                                                                                                                                                                          |                                                                                                                                                                                                                                                                                                                                                       | 
                                                                                                                                                                                                                                                                                                                                                                                                                                                                                                                                                                                                                               |  {"f1":"xx","f2":9956},   +|                                                                                                                                                                                                                                                                                          |                                                                                                                                                                                                                                                                                                                                                       | 
                                                                                                                                                                                                                                                                                                                                                                                                                                                                                                                                                                                                                               |  {"f1":"xx","f2":-2333},  +|                                                                                                                                                                                                                                                                                          |                                                                                                                                                                                                                                                                                                                                                       | 
                                                                                                                                                                                                                                                                                                                                                                                                                                                                                                                                                                                                                               |  {"f1":"xx","f2":7563},   +|                                                                                                                                                                                                                                                                                          |                                                                                                                                                                                                                                                                                                                                                       | 
                                                                                                                                                                                                                                                                                                                                                                                                                                                                                                                                                                                                                               |  {"f1":"xx","f2":34534},  +|                                                                                                                                                                                                                                                                                          |                                                                                                                                                                                                                                                                                                                                                       | 
                                                                                                                                                                                                                                                                                                                                                                                                                                                                                                                                                                                                                               |  {"f1":"xx","f2":167646}, +|                                                                                                                                                                                                                                                                                          |                                                                                                                                                                                                                                                                                                                                                       | 
                                                                                                                                                                                                                                                                                                                                                                                                                                                                                                                                                                                                                               |  {"f1":"xx","f2":0},      +|                                                                                                                                                                                                                                                                                          |                                                                                                                                                                                                                                                                                                                                                       | 
                                                                                                                                                                                                                                                                                                                                                                                                                                                                                                                                                                                                                               |  {"f1":"xx","f2":3453},   +|                                                                                                                                                                                                                                                                                          |                                                                                                                                                                                                                                                                                                                                                       | 
                                                                                                                                                                                                                                                                                                                                                                                                                                                                                                                                                                                                                               |  {"f1":"xx","f2":35345}]   |                                                                                                                                                                                                                                                                                          |                                                                                                                                                                                                                                                                                                                                                       | 
(1 row)

--Testcase 189:
EXPLAIN VERBOSE SELECT string_agg(c3, '-' ORDER BY c3), string_agg(c7, '_' ORDER BY c7) FROM tbl01 WHERE c8 != c9 ORDER BY 1, 2 LIMIT 5 OFFSET 0;
                                                         QUERY PLAN                                                         
----------------------------------------------------------------------------------------------------------------------------
 Limit  (cost=246.46..246.46 rows=1 width=64)
   Output: (string_agg(c3, '-'::text ORDER BY c3)), (string_agg(c7, '_'::text ORDER BY c7))
   ->  Sort  (cost=246.46..246.46 rows=1 width=64)
         Output: (string_agg(c3, '-'::text ORDER BY c3)), (string_agg(c7, '_'::text ORDER BY c7))
         Sort Key: (string_agg(tbl01.c3, '-'::text ORDER BY tbl01.c3)), (string_agg(tbl01.c7, '_'::text ORDER BY tbl01.c7))
         ->  Aggregate  (cost=246.44..246.45 rows=1 width=64)
               Output: string_agg(c3, '-'::text ORDER BY c3), string_agg(c7, '_'::text ORDER BY c7)
               ->  Foreign Scan on public.tbl01  (cost=100.00..229.45 rows=3396 width=64)
                     Output: c3, c7
                     Filter: ((tbl01.c8)::double precision <> tbl01.c9)
                     Node: griddb_svr / Status: Alive
                       Limit push-down: no
                       Sort push-down: no
                       Remote SQL: SELECT  *  FROM tbl01
(14 rows)

--Testcase 190:
SELECT string_agg(c3, '-' ORDER BY c3), string_agg(c7, '_' ORDER BY c7) FROM tbl01 WHERE c8 != c9 ORDER BY 1, 2 LIMIT 5 OFFSET 0;
                                                                                                                                                                   string_agg                                                                                                                                                                   |                                                                                                                        string_agg                                                                                                                        
------------------------------------------------------------------------------------------------------------------------------------------------------------------------------------------------------------------------------------------------------------------------------------------------------------------------------------------------+----------------------------------------------------------------------------------------------------------------------------------------------------------------------------------------------------------------------------------------------------------
 กขฃคฅฆงจฉชซฌญฎฏฐฑฒณดตถทธนบปผภฮ-And to some extent the rendition-Canada Denmark Turkey Yemen Tokyo-In Bulgarian it is desirable-Ông là nhà văn hiện thực thế kỷ 20-Thequickbrownfoxjumpsoverthelazydog-живетезелоземляиижеикаколюди-べ員葉コ番告7次ノヌ従援かやじり図安ヨ-敷ヘカウ告政ヨハツヤ消70者32精楽ざ-豆贝尔维克斯艾勒艾弗诶比迪吉吾艾儿 | กขฃคฅฆงจฉชซฌญฎฏฐฑฒณดตถทธนบปผภฮ_1,1,1,1,1_4f333df6-90a4-4fda-8dd3-9485d27ceea6_7次ノヌ,ノヌ従,援かや_ABCDEFGHIJ_abcd,EFGH,友達と会_กระทะ Cái chảo_ff333df6-90a4-4fda-8dd3-9485d28cee36_polkiuytxp,^&*()_+=,kwikdikwik_友達と会うので遅刻した 鍋 сковорода
(1 row)

--Testcase 191:
EXPLAIN VERBOSE SELECT string_agg(c3, c7) FROM tbl01 WHERE c8 < c9 ORDER BY 1 ASC LIMIT 1 OFFSET 0;
                                        QUERY PLAN                                        
------------------------------------------------------------------------------------------
 Limit  (cost=232.32..232.33 rows=1 width=32)
   Output: (string_agg(c3, c7))
   ->  Sort  (cost=232.32..232.33 rows=1 width=32)
         Output: (string_agg(c3, c7))
         Sort Key: (string_agg(tbl01.c3, tbl01.c7))
         ->  Aggregate  (cost=232.30..232.31 rows=1 width=32)
               Output: string_agg(c3, c7)
               ->  Foreign Scan on public.tbl01  (cost=100.00..229.45 rows=1138 width=64)
                     Output: c3, c7
                     Filter: ((tbl01.c8)::double precision < tbl01.c9)
                     Node: griddb_svr / Status: Alive
                       Limit push-down: no
                       Sort push-down: no
                       Remote SQL: SELECT  *  FROM tbl01
(14 rows)

--Testcase 192:
SELECT string_agg(c3, c7) FROM tbl01 WHERE c8 < c9 ORDER BY 1 ASC LIMIT 1 OFFSET 0;
                                                                          string_agg                                                                          
--------------------------------------------------------------------------------------------------------------------------------------------------------------
 And to some extent the rendition7次ノヌ,ノヌ従,援かやCanada Denmark Turkey Yemen Tokyo4f333df6-90a4-4fda-8dd3-9485d27ceea6Ông là nhà văn hiện thực thế kỷ 20
(1 row)

--LIMIT/OFFSET 25
--Testcase 193:
EXPLAIN VERBOSE SELECT c1, c2, c3, c4, c5, c6, c7, c8 FROM tbl01 ORDER BY __spd_url LIMIT 5;
                                     QUERY PLAN                                      
-------------------------------------------------------------------------------------
 Limit  (cost=269.08..269.09 rows=5 width=178)
   Output: c1, c2, c3, c4, c5, c6, c7, c8, __spd_url
   ->  Sort  (cost=269.08..277.61 rows=3413 width=178)
         Output: c1, c2, c3, c4, c5, c6, c7, c8, __spd_url
         Sort Key: tbl01.__spd_url
         ->  Foreign Scan on public.tbl01  (cost=100.00..212.39 rows=3413 width=178)
               Output: c1, c2, c3, c4, c5, c6, c7, c8, __spd_url
               Node: griddb_svr / Status: Alive
                 Limit push-down: no
                 Sort push-down: no
                 Remote SQL: SELECT  *  FROM tbl01
(11 rows)

--Testcase 194:
SELECT c1, c2, c3, c4, c5, c6, c7, c8 FROM tbl01 ORDER BY __spd_url LIMIT 5;
     c1     |     c2     |                  c3                   |  c4   |    c5     | c6 |                  c7                  |      c8       
------------+------------+---------------------------------------+-------+-----------+----+--------------------------------------+---------------
 ăâđêôơưdêđ | êdờenờíìờẹ | Thequickbrownfoxjumpsoverthelazydog   | 16767 |     22.15 | 12 | 友達と会うので遅刻した 鍋 сковорода  | 1579222800000
 84udycgsva | brownfo    | 敷ヘカウ告政ヨハツヤ消70者32精楽ざ    | 54545 | -545.6456 |  6 | กระทะ Cái chảo                       |   54185454214
 tyuiyytw   | QyhsgER    | べ員葉コ番告7次ノヌ従援かやじり図安ヨ |  9956 |         0 |  0 | ABCDEFGHIJ                           |        564515
 友達と会   | oiuytrewqa | กขฃคฅฆงจฉชซฌญฎฏฐฑฒณดตถทธนบปผภฮ        | -2333 |  545.5454 | -2 | ff333df6-90a4-4fda-8dd3-9485d28cee36 |       5458456
 !@#$%      | 7次ノヌ    | In Bulgarian it is desirable          |  7563 |  2362.323 | 54 | abcd,EFGH,友達と会                   |        203164
(5 rows)

--Testcase 195:
EXPLAIN VERBOSE SELECT round(c4-c5), ceil(c8/(c9+33)), c11 || 'time5', c10 FROM tbl01 ORDER BY __spd_url LIMIT 1;
                                                                                 QUERY PLAN                                                                                 
----------------------------------------------------------------------------------------------------------------------------------------------------------------------------
 Limit  (cost=314.78..314.78 rows=1 width=82)
   Output: (round(((c4)::double precision - c5))), (ceil(((c8)::double precision / (c9 + '33'::double precision)))), (((c11)::text || 'time5'::text)), c10, __spd_url
   ->  Sort  (cost=314.78..323.31 rows=3413 width=82)
         Output: (round(((c4)::double precision - c5))), (ceil(((c8)::double precision / (c9 + '33'::double precision)))), (((c11)::text || 'time5'::text)), c10, __spd_url
         Sort Key: tbl01.__spd_url
         ->  Foreign Scan on public.tbl01  (cost=100.00..297.71 rows=3413 width=82)
               Output: round(((c4)::double precision - c5)), ceil(((c8)::double precision / (c9 + '33'::double precision))), ((c11)::text || 'time5'::text), c10, __spd_url
               Node: griddb_svr / Status: Alive
                 Limit push-down: no
                 Sort push-down: no
                 Remote SQL: SELECT  *  FROM tbl01
(11 rows)

--Testcase 196:
SELECT round(c4-c5), ceil(c8/(c9+33)), c11 || 'time5', c10 FROM tbl01 ORDER BY __spd_url LIMIT 1;
 round | ceil |          ?column?           | c10 
-------+------+-----------------------------+-----
 16745 |   -0 | 1970-01-01 00:00:01.97time5 | 212
(1 row)

--Testcase 197:
EXPLAIN VERBOSE SELECT c1, c2 || c3, c4-c5, c8/23+c9, c11 FROM tbl01 ORDER BY __spd_url LIMIT 2;
                                                        QUERY PLAN                                                         
---------------------------------------------------------------------------------------------------------------------------
 Limit  (cost=297.71..297.72 rows=2 width=120)
   Output: c1, ((c2 || c3)), (((c4)::double precision - c5)), ((((c8 / 23))::double precision + c9)), c11, __spd_url
   ->  Sort  (cost=297.71..306.25 rows=3413 width=120)
         Output: c1, ((c2 || c3)), (((c4)::double precision - c5)), ((((c8 / 23))::double precision + c9)), c11, __spd_url
         Sort Key: tbl01.__spd_url
         ->  Foreign Scan on public.tbl01  (cost=100.00..263.58 rows=3413 width=120)
               Output: c1, (c2 || c3), ((c4)::double precision - c5), (((c8 / 23))::double precision + c9), c11, __spd_url
               Node: griddb_svr / Status: Alive
                 Limit push-down: no
                 Sort push-down: no
                 Remote SQL: SELECT  *  FROM tbl01
(11 rows)

--Testcase 198:
SELECT c1, c2 || c3, c4-c5, c8/23+c9, c11 FROM tbl01 ORDER BY __spd_url LIMIT 2;
     c1     |                   ?column?                    |     ?column?      |  ?column?  |           c11           
------------+-----------------------------------------------+-------------------+------------+-------------------------
 84udycgsva | brownfo敷ヘカウ告政ヨハツヤ消70者32精楽ざ     | 55090.64562988281 |    -1e+108 | 1970-01-01 00:00:09.999
 ăâđêôơưdêđ | êdờenờíìờẹThequickbrownfoxjumpsoverthelazydog | 16744.85000038147 | -1.79e+108 | 1970-01-01 00:00:01.97
(2 rows)

--LIMIT/OFFSET 26
--Testcase 199:
EXPLAIN VERBOSE SELECT c1 || c2, c3, c4/21212+c5/221*c6-c9, c10 FROM tbl01 ORDER BY __spd_url OFFSET 5;
                                                                         QUERY PLAN                                                                          
-------------------------------------------------------------------------------------------------------------------------------------------------------------
 Limit  (cost=480.95..489.47 rows=3408 width=106)
   Output: ((c1 || c2)), c3, (((((c4 / 21212))::double precision + ((c5 / '221'::double precision) * (c6)::double precision)) - c9)), c10, __spd_url
   ->  Sort  (cost=480.94..489.47 rows=3413 width=106)
         Output: ((c1 || c2)), c3, (((((c4 / 21212))::double precision + ((c5 / '221'::double precision) * (c6)::double precision)) - c9)), c10, __spd_url
         Sort Key: tbl01.__spd_url
         ->  Foreign Scan on public.tbl01  (cost=100.00..280.65 rows=3413 width=106)
               Output: (c1 || c2), c3, ((((c4 / 21212))::double precision + ((c5 / '221'::double precision) * (c6)::double precision)) - c9), c10, __spd_url
               Node: griddb_svr / Status: Alive
                 Limit push-down: no
                 Sort push-down: no
                 Remote SQL: SELECT  *  FROM tbl01
(11 rows)

--Testcase 200:
SELECT c1 || c2, c3, c4/21212+c5/221*c6-c9, c10 FROM tbl01 ORDER BY __spd_url OFFSET 5;
      ?column?      |                 c3                 |      ?column?       | c10 
--------------------+------------------------------------+---------------------+-----
 IKLMกขฃคฅ          | And to some extent the rendition   | -107.16536970623585 |   4
 บปผภ援かや         | Canada Denmark Turkey Yemen Tokyo  |  -987913.2497292524 |  45
 32精楽красивый     | Ông là nhà văn hiện thực thế kỷ 20 |          -5465.6526 | 786
 IJKLMNOPInBulgaria | живетезелоземляиижеикаколюди       |                   0 |  76
 IrelandIRN`~!@#$%^ | 豆贝尔维克斯艾勒艾弗诶比迪吉吾艾儿 |  -45654.44728508859 | 786
(5 rows)

--Testcase 201:
EXPLAIN VERBOSE SELECT lower(c1 || c2 || c3), round(c4-c5), round(c8/2-c9) FROM tbl01 ORDER BY __spd_url OFFSET 1;
                                                                  QUERY PLAN                                                                  
----------------------------------------------------------------------------------------------------------------------------------------------
 Limit  (cost=498.01..506.54 rows=3412 width=80)
   Output: (lower(((c1 || c2) || c3))), (round(((c4)::double precision - c5))), (round((((c8 / 2))::double precision - c9))), __spd_url
   ->  Sort  (cost=498.00..506.54 rows=3413 width=80)
         Output: (lower(((c1 || c2) || c3))), (round(((c4)::double precision - c5))), (round((((c8 / 2))::double precision - c9))), __spd_url
         Sort Key: tbl01.__spd_url
         ->  Foreign Scan on public.tbl01  (cost=100.00..297.71 rows=3413 width=80)
               Output: lower(((c1 || c2) || c3)), round(((c4)::double precision - c5)), round((((c8 / 2))::double precision - c9)), __spd_url
               Node: griddb_svr / Status: Alive
                 Limit push-down: no
                 Sort push-down: no
                 Remote SQL: SELECT  *  FROM tbl01
(11 rows)

--Testcase 202:
SELECT lower(c1 || c2 || c3), round(c4-c5), round(c8/2-c9) FROM tbl01 ORDER BY __spd_url OFFSET 1;
                        lower                         |  round   |   round   
------------------------------------------------------+----------+-----------
 84udycgsvabrownfo敷ヘカウ告政ヨハツヤ消70者32精楽ざ  |    55091 |    1e+108
 tyuiyytwqyhsgerべ員葉コ番告7次ノヌ従援かやじり図安ヨ |     9956 |    282202
 友達と会oiuytrewqaกขฃคฅฆงจฉชซฌญฎฏฐฑฒณดตถทธนบปผภฮ     |    -2879 | 1.79e+108
 !@#$%7次ノヌin bulgarian it is desirable             |     5201 | 1.79e+108
 iklmกขฃคฅand to some extent the rendition            |    35519 |       -55
 บปผภ援かやcanada denmark turkey yemen tokyo          |   167571 |  -1013930
 32精楽красивыйông là nhà văn hiện thực thế kỷ 20     |        0 |     -3740
 ijklmnopinbulgariaживетезелоземляиижеикаколюди       | -5447092 |        17
 irelandirn`~!@#$%^豆贝尔维克斯艾勒艾弗诶比迪吉吾艾儿 |    35323 |     70504
(9 rows)

--Testcase 203:
EXPLAIN VERBOSE SELECT c4/c5, c6, c7, c8/(c5-c9), c10, c11 FROM tbl01 ORDER BY __spd_url OFFSET 5;
                                                       QUERY PLAN                                                       
------------------------------------------------------------------------------------------------------------------------
 Limit  (cost=455.35..463.87 rows=3408 width=92)
   Output: (((c4)::double precision / c5)), c6, c7, (((c8)::double precision / (c5 - c9))), c10, c11, __spd_url
   ->  Sort  (cost=455.34..463.87 rows=3413 width=92)
         Output: (((c4)::double precision / c5)), c6, c7, (((c8)::double precision / (c5 - c9))), c10, c11, __spd_url
         Sort Key: tbl01.__spd_url
         ->  Foreign Scan on public.tbl01  (cost=100.00..255.05 rows=3413 width=92)
               Output: ((c4)::double precision / c5), c6, c7, ((c8)::double precision / (c5 - c9)), c10, c11, __spd_url
               Node: griddb_svr / Status: Alive
                 Limit push-down: no
                 Sort push-down: no
                 Remote SQL: SELECT  *  FROM tbl01
(11 rows)

--Testcase 204:
SELECT c4/c5, c6, c7, c8/(c5-c9), c10, c11 FROM tbl01 ORDER BY __spd_url OFFSET 5;
psql:sql/limit/limit_orderby.sql:435: ERROR:  division by zero
--LIMIT/OFFSET 27
--Testcase 205:
EXPLAIN VERBOSE SELECT * FROM tbl01 ORDER BY __spd_url LIMIT 5 OFFSET 3;
                                     QUERY PLAN                                      
-------------------------------------------------------------------------------------
 Limit  (cost=280.66..280.67 rows=5 width=196)
   Output: c1, c2, c3, c4, c5, c6, c7, c8, c9, c10, c11, __spd_url
   ->  Sort  (cost=280.65..289.18 rows=3413 width=196)
         Output: c1, c2, c3, c4, c5, c6, c7, c8, c9, c10, c11, __spd_url
         Sort Key: tbl01.__spd_url
         ->  Foreign Scan on public.tbl01  (cost=100.00..212.39 rows=3413 width=196)
               Output: c1, c2, c3, c4, c5, c6, c7, c8, c9, c10, c11, __spd_url
               Node: griddb_svr / Status: Alive
                 Limit push-down: no
                 Sort push-down: no
                 Remote SQL: SELECT  *  FROM tbl01
(11 rows)

--Testcase 206:
SELECT * FROM tbl01 ORDER BY __spd_url LIMIT 5 OFFSET 3;
    c1    |     c2     |                 c3                 |   c4   |    c5    | c6 |                  c7                  |   c8    |     c9     | c10 |           c11           |  __spd_url   
----------+------------+------------------------------------+--------+----------+----+--------------------------------------+---------+------------+-----+-------------------------+--------------
 友達と会 | oiuytrewqa | กขฃคฅฆงจฉชซฌญฎฏฐฑฒณดตถทธนบปผภฮ     |  -2333 | 545.5454 | -2 | ff333df6-90a4-4fda-8dd3-9485d28cee36 | 5458456 | -1.79e+108 |   4 | 1970-01-01 00:00:02.019 | /griddb_svr/
 !@#$%    | 7次ノヌ    | In Bulgarian it is desirable       |   7563 | 2362.323 | 54 | abcd,EFGH,友達と会                   |  203164 | -1.79e+108 |   6 | 1970-01-01 00:00:02.018 | /griddb_svr/
 IKLM     | กขฃคฅ      | And to some extent the rendition   |  34534 | -985.455 | 12 | 1,1,1,1,1                            |       0 |    54.6565 |   4 | 1970-01-01 00:00:02.02  | /griddb_svr/
 บปผภ     | 援かや     | Canada Denmark Turkey Yemen Tokyo  | 167646 |   75.215 | 45 | 7次ノヌ,ノヌ従,援かや                |  -51989 | 987935.565 |  45 | 1970-01-01 00:00:02.021 | /griddb_svr/
 32精楽   | красивый   | Ông là nhà văn hiện thực thế kỷ 20 |      0 |        0 |  7 | 4f333df6-90a4-4fda-8dd3-9485d27ceea6 |    3453 |  5465.6526 | 786 | 1970-01-01 00:00:02.022 | /griddb_svr/
(5 rows)

--Testcase 207:
EXPLAIN VERBOSE SELECT c7, c8, c6, c4, c5, c3, c2, c1 FROM tbl01 ORDER BY __spd_url LIMIT 1 OFFSET 1;
                                     QUERY PLAN                                      
-------------------------------------------------------------------------------------
 Limit  (cost=246.52..246.53 rows=1 width=178)
   Output: c7, c8, c6, c4, c5, c3, c2, c1, __spd_url
   ->  Sort  (cost=246.52..255.05 rows=3413 width=178)
         Output: c7, c8, c6, c4, c5, c3, c2, c1, __spd_url
         Sort Key: tbl01.__spd_url
         ->  Foreign Scan on public.tbl01  (cost=100.00..212.39 rows=3413 width=178)
               Output: c7, c8, c6, c4, c5, c3, c2, c1, __spd_url
               Node: griddb_svr / Status: Alive
                 Limit push-down: no
                 Sort push-down: no
                 Remote SQL: SELECT  *  FROM tbl01
(11 rows)

--Testcase 208:
SELECT c7, c8, c6, c4, c5, c3, c2, c1 FROM tbl01 ORDER BY __spd_url LIMIT 1 OFFSET 1;
                 c7                  |      c8       | c6 |  c4   |  c5   |                 c3                  |     c2     |     c1     
-------------------------------------+---------------+----+-------+-------+-------------------------------------+------------+------------
 友達と会うので遅刻した 鍋 сковорода | 1579222800000 | 12 | 16767 | 22.15 | Thequickbrownfoxjumpsoverthelazydog | êdờenờíìờẹ | ăâđêôơưdêđ
(1 row)

--Testcase 209:
EXPLAIN VERBOSE SELECT lower(c1 || c2 || c3), 1, 2, 'abc' FROM tbl01 ORDER BY __spd_url LIMIT 5 OFFSET 1;
                                     QUERY PLAN                                      
-------------------------------------------------------------------------------------
 Limit  (cost=299.17..299.18 rows=5 width=104)
   Output: (lower(((c1 || c2) || c3))), 1, 2, 'abc'::text, __spd_url
   ->  Sort  (cost=299.16..307.70 rows=3413 width=104)
         Output: (lower(((c1 || c2) || c3))), 1, 2, 'abc'::text, __spd_url
         Sort Key: tbl01.__spd_url
         ->  Foreign Scan on public.tbl01  (cost=100.00..237.99 rows=3413 width=104)
               Output: lower(((c1 || c2) || c3)), 1, 2, 'abc'::text, __spd_url
               Node: griddb_svr / Status: Alive
                 Limit push-down: no
                 Sort push-down: no
                 Remote SQL: SELECT  *  FROM tbl01
(11 rows)

--Testcase 210:
SELECT lower(c1 || c2 || c3), 1, 2, 'abc' FROM tbl01 ORDER BY __spd_url LIMIT 5 OFFSET 1;
                        lower                         | ?column? | ?column? | ?column? 
------------------------------------------------------+----------+----------+----------
 84udycgsvabrownfo敷ヘカウ告政ヨハツヤ消70者32精楽ざ  |        1 |        2 | abc
 tyuiyytwqyhsgerべ員葉コ番告7次ノヌ従援かやじり図安ヨ |        1 |        2 | abc
 友達と会oiuytrewqaกขฃคฅฆงจฉชซฌญฎฏฐฑฒณดตถทธนบปผภฮ     |        1 |        2 | abc
 !@#$%7次ノヌin bulgarian it is desirable             |        1 |        2 | abc
 iklmกขฃคฅand to some extent the rendition            |        1 |        2 | abc
(5 rows)

--ORDER BY
--ORDER BY 1
--Testcase 211:
EXPLAIN VERBOSE SELECT * FROM tbl01 ORDER BY c1 ASC, c2 DESC, c3;
                               QUERY PLAN                               
------------------------------------------------------------------------
 Foreign Scan on public.tbl01  (cost=0.00..0.00 rows=1 width=196)
   Output: c1, c2, c3, c4, c5, c6, c7, c8, c9, c10, c11, __spd_url
   Node: griddb_svr / Status: Alive
     Sort push-down: yes
     Remote SQL: SELECT  *  FROM tbl01 ORDER BY c1 ASC, c2 DESC, c3 ASC
(5 rows)

--Testcase 212:
SELECT * FROM tbl01 ORDER BY c1 ASC, c2 DESC, c3;
     c1     |     c2     |                  c3                   |   c4   |      c5       | c6 |                  c7                  |      c8       |     c9     | c10 |           c11           |  __spd_url   
------------+------------+---------------------------------------+--------+---------------+----+--------------------------------------+---------------+------------+-----+-------------------------+--------------
 !@#$%      | 7次ノヌ    | In Bulgarian it is desirable          |   7563 |      2362.323 | 54 | abcd,EFGH,友達と会                   |        203164 | -1.79e+108 |   6 | 1970-01-01 00:00:02.018 | /griddb_svr/
 32精楽     | красивый   | Ông là nhà văn hiện thực thế kỷ 20    |      0 |             0 |  7 | 4f333df6-90a4-4fda-8dd3-9485d27ceea6 |          3453 |  5465.6526 | 786 | 1970-01-01 00:00:02.022 | /griddb_svr/
 84udycgsva | brownfo    | 敷ヘカウ告政ヨハツヤ消70者32精楽ざ    |  54545 |     -545.6456 |  6 | กระทะ Cái chảo                       |   54185454214 |    -1e+108 |  45 | 1970-01-01 00:00:09.999 | /griddb_svr/
 IJKLMNOP   | InBulgaria | живетезелоземляиижеикаколюди          |   3453 | 5.4505455e+06 |  0 | polkiuytxp,^&*()_+=,kwikdikwik       |            34 |          0 |  76 | 1970-01-01 00:00:02.023 | /griddb_svr/
 IKLM       | กขฃคฅ      | And to some extent the rendition      |  34534 |      -985.455 | 12 | 1,1,1,1,1                            |             0 |    54.6565 |   4 | 1970-01-01 00:00:02.02  | /griddb_svr/
 IrelandIRN | `~!@#$%^   | 豆贝尔维克斯艾勒艾弗诶比迪吉吾艾儿    |  35345 |         22.15 | 12 | กขฃคฅฆงจฉชซฌญฎฏฐฑฒณดตถทธนบปผภฮ       |        232323 |   45656.65 | 786 | 1970-01-01 00:00:01.97  | /griddb_svr/
 tyuiyytw   | QyhsgER    | べ員葉コ番告7次ノヌ従援かやじり図安ヨ |   9956 |             0 |  0 | ABCDEFGHIJ                           |        564515 |     55.215 | 454 | 1970-01-01 00:00:02.018 | /griddb_svr/
 ăâđêôơưdêđ | êdờenờíìờẹ | Thequickbrownfoxjumpsoverthelazydog   |  16767 |         22.15 | 12 | 友達と会うので遅刻した 鍋 сковорода  | 1579222800000 | -1.79e+108 | 212 | 1970-01-01 00:00:01.97  | /griddb_svr/
 บปผภ       | 援かや     | Canada Denmark Turkey Yemen Tokyo     | 167646 |        75.215 | 45 | 7次ノヌ,ノヌ従,援かや                |        -51989 | 987935.565 |  45 | 1970-01-01 00:00:02.021 | /griddb_svr/
 友達と会   | oiuytrewqa | กขฃคฅฆงจฉชซฌญฎฏฐฑฒณดตถทธนบปผภฮ        |  -2333 |      545.5454 | -2 | ff333df6-90a4-4fda-8dd3-9485d28cee36 |       5458456 | -1.79e+108 |   4 | 1970-01-01 00:00:02.019 | /griddb_svr/
(10 rows)

--Testcase 213:
EXPLAIN VERBOSE SELECT c1, c2, c3, c4 /2, c5 + 23.12, c6 * 23, c9 - 23, c10 + 231 FROM tbl01 ORDER BY 1 ASC,2 DESC, 3 ASC;
                                                       QUERY PLAN                                                        
-------------------------------------------------------------------------------------------------------------------------
 Foreign Scan on public.tbl01  (cost=0.00..0.01 rows=1 width=124)
   Output: c1, c2, c3, (c4 / 2), (c5 + '23.12'::double precision), (c6 * 23), (c9 - '23'::double precision), (c10 + 231)
   Node: griddb_svr / Status: Alive
     Sort push-down: yes
     Remote SQL: SELECT  *  FROM tbl01 ORDER BY c1 ASC, c2 DESC, c3 ASC
(5 rows)

--Testcase 214:
SELECT c1, c2, c3, c4 /2, c5 + 23.12, c6 * 23, c9 - 23, c10 + 231 FROM tbl01 ORDER BY 1 ASC,2 DESC, 3 ASC;
     c1     |     c2     |                  c3                   | ?column? |      ?column?      | ?column? |  ?column?  | ?column? 
------------+------------+---------------------------------------+----------+--------------------+----------+------------+----------
 !@#$%      | 7次ノヌ    | In Bulgarian it is desirable          |     3781 |  2385.442998046875 |     1242 | -1.79e+108 |      237
 32精楽     | красивый   | Ông là nhà văn hiện thực thế kỷ 20    |        0 |              23.12 |      161 |  5442.6526 |     1017
 84udycgsva | brownfo    | 敷ヘカウ告政ヨハツヤ消70者32精楽ざ    |    27272 | -522.5256298828125 |      138 |    -1e+108 |      276
 IJKLMNOP   | InBulgaria | живетезелоземляиижеикаколюди          |     1726 |         5450568.62 |        0 |        -23 |      307
 IKLM       | กขฃคฅ      | And to some extent the rendition      |    17267 | -962.3350170898437 |      276 |    31.6565 |      235
 IrelandIRN | `~!@#$%^   | 豆贝尔维克斯艾勒艾弗诶比迪吉吾艾儿    |    17672 |  45.26999961853028 |      276 |   45633.65 |     1017
 tyuiyytw   | QyhsgER    | べ員葉コ番告7次ノヌ従援かやじり図安ヨ |     4978 |              23.12 |        0 |     32.215 |      685
 ăâđêôơưdêđ | êdờenờíìờẹ | Thequickbrownfoxjumpsoverthelazydog   |     8383 |  45.26999961853028 |      276 | -1.79e+108 |      443
 บปผภ       | 援かや     | Canada Denmark Turkey Yemen Tokyo     |    83823 |  98.33499633789063 |     1035 | 987912.565 |      276
 友達と会   | oiuytrewqa | กขฃคฅฆงจฉชซฌญฎฏฐฑฒณดตถทธนบปผภฮ        |    -1166 |    568.66541015625 |      -46 | -1.79e+108 |      235
(10 rows)

--Testcase 215:
EXPLAIN VERBOSE SELECT c1, c2, c3 || c7, c4-c5, c8/(c9+c6) FROM tbl01 ORDER BY c4-c5 DESC, c8/2 ASC;
                                                               QUERY PLAN                                                                
-----------------------------------------------------------------------------------------------------------------------------------------
 Sort  (cost=480.94..489.47 rows=3413 width=120)
   Output: c1, c2, ((c3 || c7)), (((c4)::double precision - c5)), (((c8)::double precision / (c9 + (c6)::double precision))), ((c8 / 2))
   Sort Key: (((tbl01.c4)::double precision - tbl01.c5)) DESC, ((tbl01.c8 / 2))
   ->  Foreign Scan on public.tbl01  (cost=100.00..280.65 rows=3413 width=120)
         Output: c1, c2, (c3 || c7), ((c4)::double precision - c5), ((c8)::double precision / (c9 + (c6)::double precision)), (c8 / 2)
         Node: griddb_svr / Status: Alive
           Sort push-down: no
           Remote SQL: SELECT  *  FROM tbl01
(8 rows)

--Testcase 216:
SELECT c1, c2, c3 || c7, c4-c5, c8/(c9+c6) FROM tbl01 ORDER BY c4-c5 DESC, c8/2 ASC;
psql:sql/limit/limit_orderby.sql:462: ERROR:  division by zero
--ORDER BY 2
--Testcase 217:
EXPLAIN VERBOSE SELECT * FROM tbl01 ORDER BY __spd_url;
                                  QUERY PLAN                                   
-------------------------------------------------------------------------------
 Sort  (cost=412.68..421.21 rows=3413 width=196)
   Output: c1, c2, c3, c4, c5, c6, c7, c8, c9, c10, c11, __spd_url
   Sort Key: tbl01.__spd_url
   ->  Foreign Scan on public.tbl01  (cost=100.00..212.39 rows=3413 width=196)
         Output: c1, c2, c3, c4, c5, c6, c7, c8, c9, c10, c11, __spd_url
         Node: griddb_svr / Status: Alive
           Sort push-down: no
           Remote SQL: SELECT  *  FROM tbl01
(8 rows)

--Testcase 218:
SELECT * FROM tbl01 ORDER BY __spd_url;
     c1     |     c2     |                  c3                   |   c4   |      c5       | c6 |                  c7                  |      c8       |     c9     | c10 |           c11           |  __spd_url   
------------+------------+---------------------------------------+--------+---------------+----+--------------------------------------+---------------+------------+-----+-------------------------+--------------
 ăâđêôơưdêđ | êdờenờíìờẹ | Thequickbrownfoxjumpsoverthelazydog   |  16767 |         22.15 | 12 | 友達と会うので遅刻した 鍋 сковорода  | 1579222800000 | -1.79e+108 | 212 | 1970-01-01 00:00:01.97  | /griddb_svr/
 84udycgsva | brownfo    | 敷ヘカウ告政ヨハツヤ消70者32精楽ざ    |  54545 |     -545.6456 |  6 | กระทะ Cái chảo                       |   54185454214 |    -1e+108 |  45 | 1970-01-01 00:00:09.999 | /griddb_svr/
 tyuiyytw   | QyhsgER    | べ員葉コ番告7次ノヌ従援かやじり図安ヨ |   9956 |             0 |  0 | ABCDEFGHIJ                           |        564515 |     55.215 | 454 | 1970-01-01 00:00:02.018 | /griddb_svr/
 友達と会   | oiuytrewqa | กขฃคฅฆงจฉชซฌญฎฏฐฑฒณดตถทธนบปผภฮ        |  -2333 |      545.5454 | -2 | ff333df6-90a4-4fda-8dd3-9485d28cee36 |       5458456 | -1.79e+108 |   4 | 1970-01-01 00:00:02.019 | /griddb_svr/
 !@#$%      | 7次ノヌ    | In Bulgarian it is desirable          |   7563 |      2362.323 | 54 | abcd,EFGH,友達と会                   |        203164 | -1.79e+108 |   6 | 1970-01-01 00:00:02.018 | /griddb_svr/
 IKLM       | กขฃคฅ      | And to some extent the rendition      |  34534 |      -985.455 | 12 | 1,1,1,1,1                            |             0 |    54.6565 |   4 | 1970-01-01 00:00:02.02  | /griddb_svr/
 บปผภ       | 援かや     | Canada Denmark Turkey Yemen Tokyo     | 167646 |        75.215 | 45 | 7次ノヌ,ノヌ従,援かや                |        -51989 | 987935.565 |  45 | 1970-01-01 00:00:02.021 | /griddb_svr/
 32精楽     | красивый   | Ông là nhà văn hiện thực thế kỷ 20    |      0 |             0 |  7 | 4f333df6-90a4-4fda-8dd3-9485d27ceea6 |          3453 |  5465.6526 | 786 | 1970-01-01 00:00:02.022 | /griddb_svr/
 IJKLMNOP   | InBulgaria | живетезелоземляиижеикаколюди          |   3453 | 5.4505455e+06 |  0 | polkiuytxp,^&*()_+=,kwikdikwik       |            34 |          0 |  76 | 1970-01-01 00:00:02.023 | /griddb_svr/
 IrelandIRN | `~!@#$%^   | 豆贝尔维克斯艾勒艾弗诶比迪吉吾艾儿    |  35345 |         22.15 | 12 | กขฃคฅฆงจฉชซฌญฎฏฐฑฒณดตถทธนบปผภฮ       |        232323 |   45656.65 | 786 | 1970-01-01 00:00:01.97  | /griddb_svr/
(10 rows)

--Testcase 219:
EXPLAIN VERBOSE SELECT lower(c1 || c2), c3 || c7, c4/(c5+c6)-c8 FROM tbl01 ORDER BY __spd_url;
                                                                  QUERY PLAN                                                                   
-----------------------------------------------------------------------------------------------------------------------------------------------
 Sort  (cost=489.47..498.00 rows=3413 width=104)
   Output: (lower((c1 || c2))), ((c3 || c7)), ((((c4)::double precision / (c5 + (c6)::double precision)) - (c8)::double precision)), __spd_url
   Sort Key: tbl01.__spd_url
   ->  Foreign Scan on public.tbl01  (cost=100.00..289.18 rows=3413 width=104)
         Output: lower((c1 || c2)), (c3 || c7), (((c4)::double precision / (c5 + (c6)::double precision)) - (c8)::double precision), __spd_url
         Node: griddb_svr / Status: Alive
           Sort push-down: no
           Remote SQL: SELECT  *  FROM tbl01
(8 rows)

--Testcase 220:
SELECT lower(c1 || c2), c3 || c7, c4/(c5+c6)-c8 FROM tbl01 ORDER BY __spd_url;
psql:sql/limit/limit_orderby.sql:471: ERROR:  division by zero
--Testcase 221:
EXPLAIN VERBOSE SELECT c1, c2, c3, 1, 2, 'abc' FROM tbl01 ORDER BY __spd_url;
                                  QUERY PLAN                                   
-------------------------------------------------------------------------------
 Sort  (cost=412.68..421.21 rows=3413 width=168)
   Output: c1, c2, c3, 1, 2, 'abc'::text, __spd_url
   Sort Key: tbl01.__spd_url
   ->  Foreign Scan on public.tbl01  (cost=100.00..212.39 rows=3413 width=168)
         Output: c1, c2, c3, 1, 2, 'abc'::text, __spd_url
         Node: griddb_svr / Status: Alive
           Sort push-down: no
           Remote SQL: SELECT  *  FROM tbl01
(8 rows)

--Testcase 222:
SELECT c1, c2, c3, 1, 2, 'abc' FROM tbl01 ORDER BY __spd_url;
     c1     |     c2     |                  c3                   | ?column? | ?column? | ?column? 
------------+------------+---------------------------------------+----------+----------+----------
 ăâđêôơưdêđ | êdờenờíìờẹ | Thequickbrownfoxjumpsoverthelazydog   |        1 |        2 | abc
 84udycgsva | brownfo    | 敷ヘカウ告政ヨハツヤ消70者32精楽ざ    |        1 |        2 | abc
 tyuiyytw   | QyhsgER    | べ員葉コ番告7次ノヌ従援かやじり図安ヨ |        1 |        2 | abc
 友達と会   | oiuytrewqa | กขฃคฅฆงจฉชซฌญฎฏฐฑฒณดตถทธนบปผภฮ        |        1 |        2 | abc
 !@#$%      | 7次ノヌ    | In Bulgarian it is desirable          |        1 |        2 | abc
 IKLM       | กขฃคฅ      | And to some extent the rendition      |        1 |        2 | abc
 บปผภ       | 援かや     | Canada Denmark Turkey Yemen Tokyo     |        1 |        2 | abc
 32精楽     | красивый   | Ông là nhà văn hiện thực thế kỷ 20    |        1 |        2 | abc
 IJKLMNOP   | InBulgaria | живетезелоземляиижеикаколюди          |        1 |        2 | abc
 IrelandIRN | `~!@#$%^   | 豆贝尔维克斯艾勒艾弗诶比迪吉吾艾儿    |        1 |        2 | abc
(10 rows)

--ORDER BY 3
--Testcase 223:
EXPLAIN VERBOSE SELECT count(*) FROM tbl01 ORDER BY 1;
                      QUERY PLAN                      
------------------------------------------------------
 Sort  (cost=1.01..1.01 rows=1 width=8)
   Output: (count(*))
   Sort Key: (count(*))
   ->  Foreign Scan  (cost=1.00..1.00 rows=1 width=8)
         Output: (count(*))
         Node: griddb_svr / Status: Alive
           Sort push-down: no
           Agg push-down: yes
           Remote SQL: SELECT count(*) FROM tbl01
(9 rows)

--Testcase 224:
SELECT count(*) FROM tbl01 ORDER BY 1;
 count 
-------
    10
(1 row)

--Testcase 225:
EXPLAIN VERBOSE SELECT count(c1 || c2), max(c3), min(c4), sum(c5) FROM tbl01 ORDER BY 1, 2 DESC;
                                     QUERY PLAN                                      
-------------------------------------------------------------------------------------
 Sort  (cost=255.07..255.08 rows=1 width=48)
   Output: (count((c1 || c2))), (max(c3)), (min(c4)), (sum(c5))
   Sort Key: (count((tbl01.c1 || tbl01.c2))), (max(tbl01.c3)) DESC
   ->  Aggregate  (cost=255.05..255.06 rows=1 width=48)
         Output: count((c1 || c2)), max(c3), min(c4), sum(c5)
         ->  Foreign Scan on public.tbl01  (cost=100.00..212.39 rows=3413 width=104)
               Output: c1, c2, c3, c4, c5
               Node: griddb_svr / Status: Alive
                 Sort push-down: no
                 Remote SQL: SELECT  *  FROM tbl01
(10 rows)

--Testcase 226:
SELECT count(c1 || c2), max(c3), min(c4), sum(c5) FROM tbl01 ORDER BY 1, 2 DESC;
 count |                max                 |  min  |      sum      
-------+------------------------------------+-------+---------------
    10 | 豆贝尔维克斯艾勒艾弗诶比迪吉吾艾儿 | -2333 | 5.4520415e+06
(1 row)

--Testcase 227:
EXPLAIN VERBOSE SELECT count(c5/2+c6), max(c7), min(c8), sum(c9/2+c10) FROM tbl01 ORDER BY 1 ASC, 2 DESC, 3;
                                                                            QUERY PLAN                                                                             
-------------------------------------------------------------------------------------------------------------------------------------------------------------------
 Sort  (cost=297.73..297.74 rows=1 width=56)
   Output: (count(((c5 / '2'::double precision) + (c6)::double precision))), (max(c7)), (min(c8)), (sum(((c9 / '2'::double precision) + (c10)::double precision)))
   Sort Key: (count(((tbl01.c5 / '2'::double precision) + (tbl01.c6)::double precision))), (max(tbl01.c7)) DESC, (min(tbl01.c8))
   ->  Aggregate  (cost=297.71..297.72 rows=1 width=56)
         Output: count(((c5 / '2'::double precision) + (c6)::double precision)), max(c7), min(c8), sum(((c9 / '2'::double precision) + (c10)::double precision))
         ->  Foreign Scan on public.tbl01  (cost=100.00..212.39 rows=3413 width=56)
               Output: c5, c6, c7, c8, c9, c10
               Node: griddb_svr / Status: Alive
                 Sort push-down: no
                 Remote SQL: SELECT  *  FROM tbl01
(10 rows)

--Testcase 228:
SELECT count(c5/2+c6), max(c7), min(c8), sum(c9/2+c10) FROM tbl01 ORDER BY 1 ASC, 2 DESC, 3;
 count |                 max                 |  min   |     sum     
-------+-------------------------------------+--------+-------------
    10 | 友達と会うので遅刻した 鍋 сковорода | -51989 | -3.185e+108
(1 row)

--Testcase 229:
EXPLAIN VERBOSE SELECT min(c7), max(c8), sum(c8-c9), count(c10) FROM tbl01 ORDER BY 1 DESC, 2 ASC, 3;
                                             QUERY PLAN                                              
-----------------------------------------------------------------------------------------------------
 Sort  (cost=263.60..263.61 rows=1 width=56)
   Output: (min(c7)), (max(c8)), (sum(((c8)::double precision - c9))), (count(c10))
   Sort Key: (min(tbl01.c7)) DESC, (max(tbl01.c8)), (sum(((tbl01.c8)::double precision - tbl01.c9)))
   ->  Aggregate  (cost=263.58..263.59 rows=1 width=56)
         Output: min(c7), max(c8), sum(((c8)::double precision - c9)), count(c10)
         ->  Foreign Scan on public.tbl01  (cost=100.00..212.39 rows=3413 width=50)
               Output: c7, c8, c9, c10
               Node: griddb_svr / Status: Alive
                 Sort push-down: no
                 Remote SQL: SELECT  *  FROM tbl01
(10 rows)

--Testcase 230:
SELECT min(c7), max(c8), sum(c8-c9), count(c10) FROM tbl01 ORDER BY 1 DESC, 2 ASC, 3;
              min               |      max      |    sum    | count 
--------------------------------+---------------+-----------+-------
 กขฃคฅฆงจฉชซฌญฎฏฐฑฒณดตถทธนบปผภฮ | 1579222800000 | 6.37e+108 |    10
(1 row)

--Testcase 231:
EXPLAIN VERBOSE SELECT sum(c5), max(c7), min(c8), count(c9/2+c5) FROM tbl01 ORDER BY 1 ASC, 2, 3;
                                       QUERY PLAN                                        
-----------------------------------------------------------------------------------------
 Sort  (cost=263.60..263.61 rows=1 width=52)
   Output: (sum(c5)), (max(c7)), (min(c8)), (count(((c9 / '2'::double precision) + c5)))
   Sort Key: (sum(tbl01.c5)), (max(tbl01.c7)), (min(tbl01.c8))
   ->  Aggregate  (cost=263.58..263.59 rows=1 width=52)
         Output: sum(c5), max(c7), min(c8), count(((c9 / '2'::double precision) + c5))
         ->  Foreign Scan on public.tbl01  (cost=100.00..212.39 rows=3413 width=52)
               Output: c5, c7, c8, c9
               Node: griddb_svr / Status: Alive
                 Sort push-down: no
                 Remote SQL: SELECT  *  FROM tbl01
(10 rows)

--Testcase 232:
SELECT sum(c5), max(c7), min(c8), count(c9/2+c5) FROM tbl01 ORDER BY 1 ASC, 2, 3;
      sum      |                 max                 |  min   | count 
---------------+-------------------------------------+--------+-------
 5.4520415e+06 | 友達と会うので遅刻した 鍋 сковорода | -51989 |    10
(1 row)

--ORDER BY 4
--Testcase 233:
EXPLAIN VERBOSE SELECT 122, 332, 'wefakef', 2332, '?.,>>><[]\\+_!~@#' FROM tbl01 ORDER BY 1;
                               QUERY PLAN                               
------------------------------------------------------------------------
 Foreign Scan on public.tbl01  (cost=100.00..212.39 rows=3413 width=76)
   Output: 122, 332, 'wefakef'::text, 2332, '?.,>>><[]\\+_!~@#'::text
   Node: griddb_svr / Status: Alive
     Sort push-down: no
     Remote SQL: SELECT  *  FROM tbl01
(5 rows)

--Testcase 234:
SELECT 122, 332, 'wefakef', 2332, '?.,>>><[]\\+_!~@#' FROM tbl01 ORDER BY 1;
 ?column? | ?column? | ?column? | ?column? |     ?column?      
----------+----------+----------+----------+-------------------
      122 |      332 | wefakef  |     2332 | ?.,>>><[]\\+_!~@#
      122 |      332 | wefakef  |     2332 | ?.,>>><[]\\+_!~@#
      122 |      332 | wefakef  |     2332 | ?.,>>><[]\\+_!~@#
      122 |      332 | wefakef  |     2332 | ?.,>>><[]\\+_!~@#
      122 |      332 | wefakef  |     2332 | ?.,>>><[]\\+_!~@#
      122 |      332 | wefakef  |     2332 | ?.,>>><[]\\+_!~@#
      122 |      332 | wefakef  |     2332 | ?.,>>><[]\\+_!~@#
      122 |      332 | wefakef  |     2332 | ?.,>>><[]\\+_!~@#
      122 |      332 | wefakef  |     2332 | ?.,>>><[]\\+_!~@#
      122 |      332 | wefakef  |     2332 | ?.,>>><[]\\+_!~@#
(10 rows)

--Testcase 235:
EXPLAIN VERBOSE SELECT c1, c2, c3, __spd_url FROM tbl01 ORDER BY 1, 2, 3 ;
                              QUERY PLAN                               
-----------------------------------------------------------------------
 Foreign Scan on public.tbl01  (cost=0.00..0.00 rows=1 width=128)
   Output: c1, c2, c3, __spd_url
   Node: griddb_svr / Status: Alive
     Sort push-down: yes
     Remote SQL: SELECT  *  FROM tbl01 ORDER BY c1 ASC, c2 ASC, c3 ASC
(5 rows)

--Testcase 236:
SELECT c1, c2, c3, __spd_url FROM tbl01 ORDER BY 1, 2, 3 ;
     c1     |     c2     |                  c3                   |  __spd_url   
------------+------------+---------------------------------------+--------------
 !@#$%      | 7次ノヌ    | In Bulgarian it is desirable          | /griddb_svr/
 32精楽     | красивый   | Ông là nhà văn hiện thực thế kỷ 20    | /griddb_svr/
 84udycgsva | brownfo    | 敷ヘカウ告政ヨハツヤ消70者32精楽ざ    | /griddb_svr/
 IJKLMNOP   | InBulgaria | живетезелоземляиижеикаколюди          | /griddb_svr/
 IKLM       | กขฃคฅ      | And to some extent the rendition      | /griddb_svr/
 IrelandIRN | `~!@#$%^   | 豆贝尔维克斯艾勒艾弗诶比迪吉吾艾儿    | /griddb_svr/
 tyuiyytw   | QyhsgER    | べ員葉コ番告7次ノヌ従援かやじり図安ヨ | /griddb_svr/
 ăâđêôơưdêđ | êdờenờíìờẹ | Thequickbrownfoxjumpsoverthelazydog   | /griddb_svr/
 บปผภ       | 援かや     | Canada Denmark Turkey Yemen Tokyo     | /griddb_svr/
 友達と会   | oiuytrewqa | กขฃคฅฆงจฉชซฌญฎฏฐฑฒณดตถทธนบปผภฮ        | /griddb_svr/
(10 rows)

--Testcase 237:
EXPLAIN VERBOSE SELECT count(DISTINCT c5) FROM tbl01 ORDER BY 1;
                                    QUERY PLAN                                     
-----------------------------------------------------------------------------------
 Sort  (cost=220.94..220.95 rows=1 width=8)
   Output: (count(DISTINCT c5))
   Sort Key: (count(DISTINCT tbl01.c5))
   ->  Aggregate  (cost=220.92..220.93 rows=1 width=8)
         Output: count(DISTINCT c5)
         ->  Foreign Scan on public.tbl01  (cost=100.00..212.39 rows=3413 width=4)
               Output: c5
               Node: griddb_svr / Status: Alive
                 Sort push-down: no
                 Remote SQL: SELECT  *  FROM tbl01
(10 rows)

--Testcase 238:
SELECT count(DISTINCT c5) FROM tbl01 ORDER BY 1;
 count 
-------
     8
(1 row)

--Testcase 239:
EXPLAIN VERBOSE SELECT array_agg(c3 || ' ' || c7), json_agg(('json_x', c3)), jsonb_agg(('json_y', c3)), json_object_agg('x', c7), jsonb_object_agg('y', c7) FROM tbl01 ORDER BY 1 DESC;
                                                                                QUERY PLAN                                                                                
--------------------------------------------------------------------------------------------------------------------------------------------------------------------------
 Sort  (cost=272.15..272.15 rows=1 width=160)
   Output: (array_agg(((c3 || ' '::text) || c7))), (json_agg(ROW('json_x', c3))), (jsonb_agg(ROW('json_y', c3))), (json_object_agg('x', c7)), (jsonb_object_agg('y', c7))
   Sort Key: (array_agg(((tbl01.c3 || ' '::text) || tbl01.c7))) DESC
   ->  Aggregate  (cost=272.13..272.14 rows=1 width=160)
         Output: array_agg(((c3 || ' '::text) || c7)), json_agg(ROW('json_x', c3)), jsonb_agg(ROW('json_y', c3)), json_object_agg('x', c7), jsonb_object_agg('y', c7)
         ->  Foreign Scan on public.tbl01  (cost=100.00..212.39 rows=3413 width=64)
               Output: c3, c7
               Node: griddb_svr / Status: Alive
                 Sort push-down: no
                 Remote SQL: SELECT  *  FROM tbl01
(10 rows)

--Testcase 240:
SELECT array_agg(c3 || ' ' || c7), json_agg(('json_x', c3)), jsonb_agg(('json_y', c3)), json_object_agg('x', c7), jsonb_object_agg('y', c7) FROM tbl01 ORDER BY 1 DESC;
                                                                                                                                                                                                                                                                                                           array_agg                                                                                                                                                                                                                                                                                                           |                            json_agg                             |                                                                                                                                                                                                                                                                                                           jsonb_agg                                                                                                                                                                                                                                                                                                           |                                                                                                                                                                    json_object_agg                                                                                                                                                                    |            jsonb_object_agg             
-------------------------------------------------------------------------------------------------------------------------------------------------------------------------------------------------------------------------------------------------------------------------------------------------------------------------------------------------------------------------------------------------------------------------------------------------------------------------------------------------------------------------------------------------------------------------------------------------------------------------------+-----------------------------------------------------------------+-------------------------------------------------------------------------------------------------------------------------------------------------------------------------------------------------------------------------------------------------------------------------------------------------------------------------------------------------------------------------------------------------------------------------------------------------------------------------------------------------------------------------------------------------------------------------------------------------------------------------------+-------------------------------------------------------------------------------------------------------------------------------------------------------------------------------------------------------------------------------------------------------------------------------------------------------------------------------------------------------+-----------------------------------------
 {"Thequickbrownfoxjumpsoverthelazydog 友達と会うので遅刻した 鍋 сковорода","敷ヘカウ告政ヨハツヤ消70者32精楽ざ กระทะ Cái chảo","べ員葉コ番告7次ノヌ従援かやじり図安ヨ ABCDEFGHIJ","กขฃคฅฆงจฉชซฌญฎฏฐฑฒณดตถทธนบปผภฮ ff333df6-90a4-4fda-8dd3-9485d28cee36","In Bulgarian it is desirable abcd,EFGH,友達と会","And to some extent the rendition 1,1,1,1,1","Canada Denmark Turkey Yemen Tokyo 7次ノヌ,ノヌ従,援かや","Ông là nhà văn hiện thực thế kỷ 20 4f333df6-90a4-4fda-8dd3-9485d27ceea6","живетезелоземляиижеикаколюди polkiuytxp,^&*()_+=,kwikdikwik","豆贝尔维克斯艾勒艾弗诶比迪吉吾艾儿 กขฃคฅฆงจฉชซฌญฎฏฐฑฒณดตถทธนบปผภฮ"} | [{"f1":"json_x","f2":"Thequickbrownfoxjumpsoverthelazydog"},   +| [{"f1": "json_y", "f2": "Thequickbrownfoxjumpsoverthelazydog"}, {"f1": "json_y", "f2": "敷ヘカウ告政ヨハツヤ消70者32精楽ざ"}, {"f1": "json_y", "f2": "べ員葉コ番告7次ノヌ従援かやじり図安ヨ"}, {"f1": "json_y", "f2": "กขฃคฅฆงจฉชซฌญฎฏฐฑฒณดตถทธนบปผภฮ"}, {"f1": "json_y", "f2": "In Bulgarian it is desirable"}, {"f1": "json_y", "f2": "And to some extent the rendition"}, {"f1": "json_y", "f2": "Canada Denmark Turkey Yemen Tokyo"}, {"f1": "json_y", "f2": "Ông là nhà văn hiện thực thế kỷ 20"}, {"f1": "json_y", "f2": "живетезелоземляиижеикаколюди"}, {"f1": "json_y", "f2": "豆贝尔维克斯艾勒艾弗诶比迪吉吾艾儿"}] | { "x" : "友達と会うので遅刻した 鍋 сковорода", "x" : "กระทะ Cái chảo", "x" : "ABCDEFGHIJ", "x" : "ff333df6-90a4-4fda-8dd3-9485d28cee36", "x" : "abcd,EFGH,友達と会", "x" : "1,1,1,1,1", "x" : "7次ノヌ,ノヌ従,援かや", "x" : "4f333df6-90a4-4fda-8dd3-9485d27ceea6", "x" : "polkiuytxp,^&*()_+=,kwikdikwik", "x" : "กขฃคฅฆงจฉชซฌญฎฏฐฑฒณดตถทธนบปผภฮ" } | {"y": "กขฃคฅฆงจฉชซฌญฎฏฐฑฒณดตถทธนบปผภฮ"}
                                                                                                                                                                                                                                                                                                                                                                                                                                                                                                                                                                                                                               |  {"f1":"json_x","f2":"敷ヘカウ告政ヨハツヤ消70者32精楽ざ"},    +|                                                                                                                                                                                                                                                                                                                                                                                                                                                                                                                                                                                                                               |                                                                                                                                                                                                                                                                                                                                                       | 
                                                                                                                                                                                                                                                                                                                                                                                                                                                                                                                                                                                                                               |  {"f1":"json_x","f2":"べ員葉コ番告7次ノヌ従援かやじり図安ヨ"}, +|                                                                                                                                                                                                                                                                                                                                                                                                                                                                                                                                                                                                                               |                                                                                                                                                                                                                                                                                                                                                       | 
                                                                                                                                                                                                                                                                                                                                                                                                                                                                                                                                                                                                                               |  {"f1":"json_x","f2":"กขฃคฅฆงจฉชซฌญฎฏฐฑฒณดตถทธนบปผภฮ"},        +|                                                                                                                                                                                                                                                                                                                                                                                                                                                                                                                                                                                                                               |                                                                                                                                                                                                                                                                                                                                                       | 
                                                                                                                                                                                                                                                                                                                                                                                                                                                                                                                                                                                                                               |  {"f1":"json_x","f2":"In Bulgarian it is desirable"},          +|                                                                                                                                                                                                                                                                                                                                                                                                                                                                                                                                                                                                                               |                                                                                                                                                                                                                                                                                                                                                       | 
                                                                                                                                                                                                                                                                                                                                                                                                                                                                                                                                                                                                                               |  {"f1":"json_x","f2":"And to some extent the rendition"},      +|                                                                                                                                                                                                                                                                                                                                                                                                                                                                                                                                                                                                                               |                                                                                                                                                                                                                                                                                                                                                       | 
                                                                                                                                                                                                                                                                                                                                                                                                                                                                                                                                                                                                                               |  {"f1":"json_x","f2":"Canada Denmark Turkey Yemen Tokyo"},     +|                                                                                                                                                                                                                                                                                                                                                                                                                                                                                                                                                                                                                               |                                                                                                                                                                                                                                                                                                                                                       | 
                                                                                                                                                                                                                                                                                                                                                                                                                                                                                                                                                                                                                               |  {"f1":"json_x","f2":"Ông là nhà văn hiện thực thế kỷ 20"},    +|                                                                                                                                                                                                                                                                                                                                                                                                                                                                                                                                                                                                                               |                                                                                                                                                                                                                                                                                                                                                       | 
                                                                                                                                                                                                                                                                                                                                                                                                                                                                                                                                                                                                                               |  {"f1":"json_x","f2":"живетезелоземляиижеикаколюди"},          +|                                                                                                                                                                                                                                                                                                                                                                                                                                                                                                                                                                                                                               |                                                                                                                                                                                                                                                                                                                                                       | 
                                                                                                                                                                                                                                                                                                                                                                                                                                                                                                                                                                                                                               |  {"f1":"json_x","f2":"豆贝尔维克斯艾勒艾弗诶比迪吉吾艾儿"}]     |                                                                                                                                                                                                                                                                                                                                                                                                                                                                                                                                                                                                                               |                                                                                                                                                                                                                                                                                                                                                       | 
(1 row)

--Testcase 241:
EXPLAIN VERBOSE SELECT string_agg(c3, ':' ORDER BY c3), string_agg(c7, '>>' ORDER BY c7) FROM tbl01 ORDER BY 1, 2;
                                                      QUERY PLAN                                                       
-----------------------------------------------------------------------------------------------------------------------
 Sort  (cost=229.48..229.48 rows=1 width=64)
   Output: (string_agg(c3, ':'::text ORDER BY c3)), (string_agg(c7, '>>'::text ORDER BY c7))
   Sort Key: (string_agg(tbl01.c3, ':'::text ORDER BY tbl01.c3)), (string_agg(tbl01.c7, '>>'::text ORDER BY tbl01.c7))
   ->  Aggregate  (cost=229.46..229.47 rows=1 width=64)
         Output: string_agg(c3, ':'::text ORDER BY c3), string_agg(c7, '>>'::text ORDER BY c7)
         ->  Foreign Scan on public.tbl01  (cost=100.00..212.39 rows=3413 width=64)
               Output: c3, c7
               Node: griddb_svr / Status: Alive
                 Sort push-down: no
                 Remote SQL: SELECT  *  FROM tbl01
(10 rows)

--Testcase 242:
SELECT string_agg(c3, ':' ORDER BY c3), string_agg(c7, '>>' ORDER BY c7) FROM tbl01 ORDER BY 1, 2;
                                                                                                                                                                   string_agg                                                                                                                                                                   |                                                                                                                            string_agg                                                                                                                             
------------------------------------------------------------------------------------------------------------------------------------------------------------------------------------------------------------------------------------------------------------------------------------------------------------------------------------------------+-------------------------------------------------------------------------------------------------------------------------------------------------------------------------------------------------------------------------------------------------------------------
 กขฃคฅฆงจฉชซฌญฎฏฐฑฒณดตถทธนบปผภฮ:And to some extent the rendition:Canada Denmark Turkey Yemen Tokyo:In Bulgarian it is desirable:Ông là nhà văn hiện thực thế kỷ 20:Thequickbrownfoxjumpsoverthelazydog:живетезелоземляиижеикаколюди:べ員葉コ番告7次ノヌ従援かやじり図安ヨ:敷ヘカウ告政ヨハツヤ消70者32精楽ざ:豆贝尔维克斯艾勒艾弗诶比迪吉吾艾儿 | กขฃคฅฆงจฉชซฌญฎฏฐฑฒณดตถทธนบปผภฮ>>1,1,1,1,1>>4f333df6-90a4-4fda-8dd3-9485d27ceea6>>7次ノヌ,ノヌ従,援かや>>ABCDEFGHIJ>>abcd,EFGH,友達と会>>กระทะ Cái chảo>>ff333df6-90a4-4fda-8dd3-9485d28cee36>>polkiuytxp,^&*()_+=,kwikdikwik>>友達と会うので遅刻した 鍋 сковорода
(1 row)

--Testcase 243:
EXPLAIN VERBOSE SELECT string_agg(c3, c7) FROM tbl01 ORDER BY 1 DESC;
                                     QUERY PLAN                                     
------------------------------------------------------------------------------------
 Sort  (cost=220.94..220.95 rows=1 width=32)
   Output: (string_agg(c3, c7))
   Sort Key: (string_agg(tbl01.c3, tbl01.c7)) DESC
   ->  Aggregate  (cost=220.92..220.93 rows=1 width=32)
         Output: string_agg(c3, c7)
         ->  Foreign Scan on public.tbl01  (cost=100.00..212.39 rows=3413 width=64)
               Output: c3, c7
               Node: griddb_svr / Status: Alive
                 Sort push-down: no
                 Remote SQL: SELECT  *  FROM tbl01
(10 rows)

--Testcase 244:
SELECT string_agg(c3, c7) FROM tbl01 ORDER BY 1 DESC;
                                                                                                                                                                                                                                                                    string_agg                                                                                                                                                                                                                                                                     
---------------------------------------------------------------------------------------------------------------------------------------------------------------------------------------------------------------------------------------------------------------------------------------------------------------------------------------------------------------------------------------------------------------------------------------------------------------------------------------------------------------------------------------------------
 Thequickbrownfoxjumpsoverthelazydogกระทะ Cái chảo敷ヘカウ告政ヨハツヤ消70者32精楽ざABCDEFGHIJべ員葉コ番告7次ノヌ従援かやじり図安ヨff333df6-90a4-4fda-8dd3-9485d28cee36กขฃคฅฆงจฉชซฌญฎฏฐฑฒณดตถทธนบปผภฮabcd,EFGH,友達と会In Bulgarian it is desirable1,1,1,1,1And to some extent the rendition7次ノヌ,ノヌ従,援かやCanada Denmark Turkey Yemen Tokyo4f333df6-90a4-4fda-8dd3-9485d27ceea6Ông là nhà văn hiện thực thế kỷ 20polkiuytxp,^&*()_+=,kwikdikwikживетезелоземляиижеикаколюдиกขฃคฅฆงจฉชซฌญฎฏฐฑฒณดตถทธนบปผภฮ豆贝尔维克斯艾勒艾弗诶比迪吉吾艾儿
(1 row)

--ORDER BY 5
--Testcase 245:
EXPLAIN VERBOSE SELECT c1, c2, c3 || '123' || c7, c4, c8/1000 FROM tbl01 GROUP BY c1, c2, c3, c4, c7, c8 HAVING count(c3) > 0 ORDER BY c1, c2, c3, c4, c7, c8;
                                             QUERY PLAN                                              
-----------------------------------------------------------------------------------------------------
 GroupAggregate  (cost=0.00..0.04 rows=1 width=180)
   Output: c1, c2, ((c3 || '123'::text) || c7), c4, (c8 / 1000), c3, c7, c8
   Group Key: tbl01.c1, tbl01.c2, tbl01.c3, tbl01.c4, tbl01.c7, tbl01.c8
   Filter: (count(tbl01.c3) > 0)
   ->  Foreign Scan on public.tbl01  (cost=0.00..0.00 rows=1 width=140)
         Output: c1, c2, c4, c3, c7, c8
         Node: griddb_svr / Status: Alive
           Sort push-down: yes
           Remote SQL: SELECT  *  FROM tbl01 ORDER BY c1 ASC, c2 ASC, c3 ASC, c4 ASC, c7 ASC, c8 ASC
(9 rows)

--Testcase 246:
SELECT c1, c2, c3 || '123' || c7, c4, c8/1000 FROM tbl01 GROUP BY c1, c2, c3, c4, c7, c8 HAVING count(c3) > 0 ORDER BY c1, c2, c3, c4, c7, c8;
     c1     |     c2     |                                 ?column?                                  |   c4   |  ?column?  
------------+------------+---------------------------------------------------------------------------+--------+------------
 !@#$%      | 7次ノヌ    | In Bulgarian it is desirable123abcd,EFGH,友達と会                         |   7563 |        203
 32精楽     | красивый   | Ông là nhà văn hiện thực thế kỷ 201234f333df6-90a4-4fda-8dd3-9485d27ceea6 |      0 |          3
 84udycgsva | brownfo    | 敷ヘカウ告政ヨハツヤ消70者32精楽ざ123กระทะ Cái chảo                       |  54545 |   54185454
 IJKLMNOP   | InBulgaria | живетезелоземляиижеикаколюди123polkiuytxp,^&*()_+=,kwikdikwik             |   3453 |          0
 IKLM       | กขฃคฅ      | And to some extent the rendition1231,1,1,1,1                              |  34534 |          0
 IrelandIRN | `~!@#$%^   | 豆贝尔维克斯艾勒艾弗诶比迪吉吾艾儿123กขฃคฅฆงจฉชซฌญฎฏฐฑฒณดตถทธนบปผภฮ       |  35345 |        232
 tyuiyytw   | QyhsgER    | べ員葉コ番告7次ノヌ従援かやじり図安ヨ123ABCDEFGHIJ                        |   9956 |        564
 ăâđêôơưdêđ | êdờenờíìờẹ | Thequickbrownfoxjumpsoverthelazydog123友達と会うので遅刻した 鍋 сковорода |  16767 | 1579222800
 บปผภ       | 援かや     | Canada Denmark Turkey Yemen Tokyo1237次ノヌ,ノヌ従,援かや                 | 167646 |        -51
 友達と会   | oiuytrewqa | กขฃคฅฆงจฉชซฌญฎฏฐฑฒณดตถทธนบปผภฮ123ff333df6-90a4-4fda-8dd3-9485d28cee36     |  -2333 |       5458
(10 rows)

--Testcase 247:
EXPLAIN VERBOSE SELECT c4-c5, c8/(c9-23), c11 || 'time3', c10 FROM tbl01 GROUP BY c4, c5, c8, c9, c10, c11 HAVING sum(c5/c4) != 0 ORDER BY c4, c5, c8, c9, c10, c11;
                                                                         QUERY PLAN                                                                          
-------------------------------------------------------------------------------------------------------------------------------------------------------------
 GroupAggregate  (cost=0.00..0.06 rows=1 width=82)
   Output: ((c4)::double precision - c5), ((c8)::double precision / (c9 - '23'::double precision)), ((c11)::text || 'time3'::text), c10, c4, c5, c8, c9, c11
   Group Key: tbl01.c4, tbl01.c5, tbl01.c8, tbl01.c9, tbl01.c10, tbl01.c11
   Filter: (sum((tbl01.c5 / (tbl01.c4)::double precision)) <> '0'::double precision)
   ->  Foreign Scan on public.tbl01  (cost=0.00..0.00 rows=1 width=34)
         Output: c10, c4, c5, c8, c9, c11
         Node: griddb_svr / Status: Alive
           Sort push-down: yes
           Remote SQL: SELECT  *  FROM tbl01 ORDER BY c4 ASC, c5 ASC, c8 ASC, c9 ASC, c10 ASC, c11 ASC
(9 rows)

--Testcase 248:
SELECT c4-c5, c8/(c9-23), c11 || 'time3', c10 FROM tbl01 GROUP BY c4, c5, c8, c9, c10, c11 HAVING sum(c5/c4) != 0 ORDER BY c4, c5, c8, c9, c10, c11;
psql:sql/limit/limit_orderby.sql:530: ERROR:  division by zero
--Testcase 249:
EXPLAIN VERBOSE SELECT c1, lower(c2 || c3), c4-c5, round(c8/c9) FROM tbl01 GROUP BY c1, c2, c3, c4, c5, c8, c9 HAVING max(c4/c5) > 10 ORDER BY c1, c2, c3, c4, c5, c8, c9;
                                                          QUERY PLAN                                                          
------------------------------------------------------------------------------------------------------------------------------
 GroupAggregate  (cost=0.00..0.06 rows=1 width=168)
   Output: c1, lower((c2 || c3)), ((c4)::double precision - c5), round(((c8)::double precision / c9)), c2, c3, c4, c5, c8, c9
   Group Key: tbl01.c1, tbl01.c2, tbl01.c3, tbl01.c4, tbl01.c5, tbl01.c8, tbl01.c9
   Filter: (max(((tbl01.c4)::double precision / tbl01.c5)) > '10'::double precision)
   ->  Foreign Scan on public.tbl01  (cost=0.00..0.00 rows=1 width=120)
         Output: c1, c2, c3, c4, c5, c8, c9
         Node: griddb_svr / Status: Alive
           Sort push-down: yes
           Remote SQL: SELECT  *  FROM tbl01 ORDER BY c1 ASC, c2 ASC, c3 ASC, c4 ASC, c5 ASC, c8 ASC, c9 ASC
(9 rows)

--Testcase 250:
SELECT c1, lower(c2 || c3), c4-c5, round(c8/c9) FROM tbl01 GROUP BY c1, c2, c3, c4, c5, c8, c9 HAVING max(c4/c5) > 10 ORDER BY c1, c2, c3, c4, c5, c8, c9;
psql:sql/limit/limit_orderby.sql:534: ERROR:  division by zero
--Testcase 251:
EXPLAIN VERBOSE SELECT abs(c4/c5+c6), upper(c7), c8/23+c5-c9/3+c10, c11 FROM tbl01 GROUP BY c4, c5, c6, c7, c8, c9, c10, c11 HAVING min(c4) < 0 ORDER BY c4, c5, c6, c7, c8, c9, c10, c11;
                                                                                                       QUERY PLAN                                                                                                        
-------------------------------------------------------------------------------------------------------------------------------------------------------------------------------------------------------------------------
 GroupAggregate  (cost=0.00..0.07 rows=1 width=116)
   Output: abs((((c4)::double precision / c5) + (c6)::double precision)), upper(c7), (((((c8 / 23))::double precision + c5) - (c9 / '3'::double precision)) + (c10)::double precision), c11, c4, c5, c6, c7, c8, c9, c10
   Group Key: tbl01.c4, tbl01.c5, tbl01.c6, tbl01.c7, tbl01.c8, tbl01.c9, tbl01.c10, tbl01.c11
   Filter: (min(tbl01.c4) < 0)
   ->  Foreign Scan on public.tbl01  (cost=0.00..0.00 rows=1 width=68)
         Output: c11, c4, c5, c6, c7, c8, c9, c10
         Node: griddb_svr / Status: Alive
           Sort push-down: yes
           Remote SQL: SELECT  *  FROM tbl01 ORDER BY c4 ASC, c5 ASC, c6 ASC, c7 ASC, c8 ASC, c9 ASC, c10 ASC, c11 ASC
(9 rows)

--Testcase 252:
SELECT abs(c4/c5+c6), upper(c7), c8/23+c5-c9/3+c10, c11 FROM tbl01 GROUP BY c4, c5, c6, c7, c8, c9, c10, c11 HAVING min(c4) < 0 ORDER BY c4, c5, c6, c7, c8, c9, c10, c11;
        abs         |                upper                 |        ?column?        |           c11           
--------------------+--------------------------------------+------------------------+-------------------------
 6.2764542723066885 | FF333DF6-90A4-4FDA-8DD3-9485D28CEE36 | 5.966666666666666e+107 | 1970-01-01 00:00:02.019
(1 row)

--Testcase 253:
EXPLAIN VERBOSE SELECT c1 || c2, c3 || c7, c4/2+c8-c5/32+c9, c11 FROM tbl01 GROUP BY c1, c2, c3, c4, c5, c7, c8, c9, c11 HAVING min(c4) < min (c8) ORDER BY c1, c2, c3, c4, c5, c7, c8, c9, c11;
                                                                     QUERY PLAN                                                                      
-----------------------------------------------------------------------------------------------------------------------------------------------------
 GroupAggregate  (cost=0.00..0.06 rows=1 width=232)
   Output: (c1 || c2), (c3 || c7), (((((c4 / 2) + c8))::double precision - (c5 / '32'::double precision)) + c9), c11, c1, c2, c3, c4, c5, c7, c8, c9
   Group Key: tbl01.c1, tbl01.c2, tbl01.c3, tbl01.c4, tbl01.c5, tbl01.c7, tbl01.c8, tbl01.c9, tbl01.c11
   Filter: (min(tbl01.c4) < min(tbl01.c8))
   ->  Foreign Scan on public.tbl01  (cost=0.00..0.00 rows=1 width=160)
         Output: c11, c1, c2, c3, c4, c5, c7, c8, c9
         Node: griddb_svr / Status: Alive
           Sort push-down: yes
           Remote SQL: SELECT  *  FROM tbl01 ORDER BY c1 ASC, c2 ASC, c3 ASC, c4 ASC, c5 ASC, c7 ASC, c8 ASC, c9 ASC, c11 ASC
(9 rows)

--Testcase 254:
SELECT c1 || c2, c3 || c7, c4/2+c8-c5/32+c9, c11 FROM tbl01 GROUP BY c1, c2, c3, c4, c5, c7, c8, c9, c11 HAVING min(c4) < min (c8) ORDER BY c1, c2, c3, c4, c5, c7, c8, c9, c11;
       ?column?       |                                ?column?                                |      ?column?      |           c11           
----------------------+------------------------------------------------------------------------+--------------------+-------------------------
 !@#$%7次ノヌ         | In Bulgarian it is desirableabcd,EFGH,友達と会                         |         -1.79e+108 | 1970-01-01 00:00:02.018
 32精楽красивый       | Ông là nhà văn hiện thực thế kỷ 204f333df6-90a4-4fda-8dd3-9485d27ceea6 |  8918.652600000001 | 1970-01-01 00:00:02.022
 84udycgsvabrownfo    | 敷ヘカウ告政ヨハツヤ消70者32精楽ざกระทะ Cái chảo                       |            -1e+108 | 1970-01-01 00:00:09.999
 IrelandIRN`~!@#$%^   | 豆贝尔维克斯艾勒艾弗诶比迪吉吾艾儿กขฃคฅฆงจฉชซฌญฎฏฐฑฒณดตถทธนบปผภฮ       | 295650.95781251194 | 1970-01-01 00:00:01.97
 tyuiyytwQyhsgER      | べ員葉コ番告7次ノヌ従援かやじり図安ヨABCDEFGHIJ                        |         569548.215 | 1970-01-01 00:00:02.018
 ăâđêôơưdêđêdờenờíìờẹ | Thequickbrownfoxjumpsoverthelazydog友達と会うので遅刻した 鍋 сковорода |         -1.79e+108 | 1970-01-01 00:00:01.97
 友達と会oiuytrewqa   | กขฃคฅฆงจฉชซฌญฎฏฐฑฒณดตถทธนบปผภฮff333df6-90a4-4fda-8dd3-9485d28cee36     |         -1.79e+108 | 1970-01-01 00:00:02.019
(7 rows)

--Testcase 255:
EXPLAIN VERBOSE SELECT c1, c2, c3, 1, 2, 'abc' FROM tbl01 GROUP BY c1, c2, c3 HAVING max(c4) - max(c5) > 0 ORDER BY c1, c2, c3;
                                       QUERY PLAN                                        
-----------------------------------------------------------------------------------------
 GroupAggregate  (cost=0.00..0.03 rows=1 width=136)
   Output: c1, c2, c3, 1, 2, 'abc'::text
   Group Key: tbl01.c1, tbl01.c2, tbl01.c3
   Filter: (((max(tbl01.c4))::double precision - max(tbl01.c5)) > '0'::double precision)
   ->  Foreign Scan on public.tbl01  (cost=0.00..0.00 rows=1 width=104)
         Output: c1, c2, c3, c4, c5
         Node: griddb_svr / Status: Alive
           Sort push-down: yes
           Remote SQL: SELECT  *  FROM tbl01 ORDER BY c1 ASC, c2 ASC, c3 ASC
(9 rows)

--Testcase 256:
SELECT c1, c2, c3, 1, 2, 'abc' FROM tbl01 GROUP BY c1, c2, c3 HAVING max(c4) - max(c5) > 0 ORDER BY c1, c2, c3;
     c1     |     c2     |                  c3                   | ?column? | ?column? | ?column? 
------------+------------+---------------------------------------+----------+----------+----------
 !@#$%      | 7次ノヌ    | In Bulgarian it is desirable          |        1 |        2 | abc
 84udycgsva | brownfo    | 敷ヘカウ告政ヨハツヤ消70者32精楽ざ    |        1 |        2 | abc
 IKLM       | กขฃคฅ      | And to some extent the rendition      |        1 |        2 | abc
 IrelandIRN | `~!@#$%^   | 豆贝尔维克斯艾勒艾弗诶比迪吉吾艾儿    |        1 |        2 | abc
 tyuiyytw   | QyhsgER    | べ員葉コ番告7次ノヌ従援かやじり図安ヨ |        1 |        2 | abc
 ăâđêôơưdêđ | êdờenờíìờẹ | Thequickbrownfoxjumpsoverthelazydog   |        1 |        2 | abc
 บปผภ       | 援かや     | Canada Denmark Turkey Yemen Tokyo     |        1 |        2 | abc
(7 rows)

--ORDER BY 6
--Testcase 257:
EXPLAIN VERBOSE SELECT c4-c5, c8/c9, c11 || 'timex', c10 FROM tbl01 GROUP BY c4, c5, c8, c9, c10, c11 ORDER BY c4, c5, c8, c9, c10, c11;
                                                            QUERY PLAN                                                            
----------------------------------------------------------------------------------------------------------------------------------
 Group  (cost=0.00..0.03 rows=1 width=82)
   Output: ((c4)::double precision - c5), ((c8)::double precision / c9), ((c11)::text || 'timex'::text), c10, c4, c5, c8, c9, c11
   Group Key: tbl01.c4, tbl01.c5, tbl01.c8, tbl01.c9, tbl01.c10, tbl01.c11
   ->  Foreign Scan on public.tbl01  (cost=0.00..0.00 rows=1 width=34)
         Output: c10, c4, c5, c8, c9, c11
         Node: griddb_svr / Status: Alive
           Sort push-down: yes
           Remote SQL: SELECT  *  FROM tbl01 ORDER BY c4 ASC, c5 ASC, c8 ASC, c9 ASC, c10 ASC, c11 ASC
(8 rows)

--Testcase 258:
SELECT c4-c5, c8/c9, c11 || 'timex', c10 FROM tbl01 GROUP BY c4, c5, c8, c9, c10, c11 ORDER BY c4, c5, c8, c9, c10, c11;
psql:sql/limit/limit_orderby.sql:551: ERROR:  division by zero
--Testcase 259:
EXPLAIN VERBOSE SELECT c1 || c2 || c3, c4 - 100, c5/112*c6-c9/c10 FROM tbl01 GROUP BY c1, c2, c3, c4, c5, c6, c9, c10 ORDER BY c1, c2, c3, c4, c5, c6, c9, c10;
                                                                               QUERY PLAN                                                                                
-------------------------------------------------------------------------------------------------------------------------------------------------------------------------
 Group  (cost=0.00..0.04 rows=1 width=160)
   Output: ((c1 || c2) || c3), (c4 - 100), (((c5 / '112'::double precision) * (c6)::double precision) - (c9 / (c10)::double precision)), c1, c2, c3, c4, c5, c6, c9, c10
   Group Key: tbl01.c1, tbl01.c2, tbl01.c3, tbl01.c4, tbl01.c5, tbl01.c6, tbl01.c9, tbl01.c10
   ->  Foreign Scan on public.tbl01  (cost=0.00..0.00 rows=1 width=116)
         Output: c1, c2, c3, c4, c5, c6, c9, c10
         Node: griddb_svr / Status: Alive
           Sort push-down: yes
           Remote SQL: SELECT  *  FROM tbl01 ORDER BY c1 ASC, c2 ASC, c3 ASC, c4 ASC, c5 ASC, c6 ASC, c9 ASC, c10 ASC
(8 rows)

--Testcase 260:
SELECT c1 || c2 || c3, c4 - 100, c5/112*c6-c9/c10 FROM tbl01 GROUP BY c1, c2, c3, c4, c5, c6, c9, c10 ORDER BY c1, c2, c3, c4, c5, c6, c9, c10;
                        ?column?                         | ?column? |        ?column?         
---------------------------------------------------------+----------+-------------------------
 !@#$%7次ノヌIn Bulgarian it is desirable                |     7463 |  2.983333333333333e+107
 32精楽красивыйÔng là nhà văn hiện thực thế kỷ 20        |     -100 |      -6.953756488549619
 84udycgsvabrownfo敷ヘカウ告政ヨハツヤ消70者32精楽ざ     |    54445 | 2.2222222222222223e+106
 IJKLMNOPInBulgariaживетезелоземляиижеикаколюди          |     3353 |                       0
 IKLMกขฃคฅAnd to some extent the rendition               |    34434 |     -119.24859111676898
 IrelandIRN`~!@#$%^豆贝尔维克斯艾勒艾弗诶比迪吉吾艾儿    |    35245 |      -55.71412672207859
 tyuiyytwQyhsgERべ員葉コ番告7次ノヌ従援かやじり図安ヨ    |     9856 |    -0.12161894273127755
 ăâđêôơưdêđêdờenờíìờẹThequickbrownfoxjumpsoverthelazydog |    16667 |  8.443396226415094e+105
 บปผภ援かやCanada Denmark Turkey Yemen Tokyo             |   167546 |      -21923.90335563805
 友達と会oiuytrewqaกขฃคฅฆงจฉชซฌญฎฏฐฑฒณดตถทธนบปผภฮ        |    -2433 |              4.475e+107
(10 rows)

--Testcase 261:
EXPLAIN VERBOSE SELECT upper(c1 || c2), lower(c3 || c7), abs(c4/2+c5 + c8/(c9-23)) FROM tbl01 GROUP BY c1, c2, c3, c4, c5, c7, c8, c9, c11 ORDER BY c1, c2, c3, c4, c5, c7, c8, c9, c11;
                                                                                         QUERY PLAN                                                                                         
--------------------------------------------------------------------------------------------------------------------------------------------------------------------------------------------
 Group  (cost=0.00..0.05 rows=1 width=232)
   Output: upper((c1 || c2)), lower((c3 || c7)), abs(((((c4 / 2))::double precision + c5) + ((c8)::double precision / (c9 - '23'::double precision)))), c1, c2, c3, c4, c5, c7, c8, c9, c11
   Group Key: tbl01.c1, tbl01.c2, tbl01.c3, tbl01.c4, tbl01.c5, tbl01.c7, tbl01.c8, tbl01.c9, tbl01.c11
   ->  Foreign Scan on public.tbl01  (cost=0.00..0.00 rows=1 width=160)
         Output: c1, c2, c3, c4, c5, c7, c8, c9, c11
         Node: griddb_svr / Status: Alive
           Sort push-down: yes
           Remote SQL: SELECT  *  FROM tbl01 ORDER BY c1 ASC, c2 ASC, c3 ASC, c4 ASC, c5 ASC, c7 ASC, c8 ASC, c9 ASC, c11 ASC
(8 rows)

--Testcase 262:
SELECT upper(c1 || c2), lower(c3 || c7), abs(c4/2+c5 + c8/(c9-23)) FROM tbl01 GROUP BY c1, c2, c3, c4, c5, c7, c8, c9, c11 ORDER BY c1, c2, c3, c4, c5, c7, c8, c9, c11;
        upper         |                                 lower                                  |        abs         
----------------------+------------------------------------------------------------------------+--------------------
 !@#$%7次ノヌ         | in bulgarian it is desirableabcd,efgh,友達と会                         |  6143.322998046875
 32精楽КРАСИВЫЙ       | ông là nhà văn hiện thực thế kỷ 204f333df6-90a4-4fda-8dd3-9485d27ceea6 | 0.6344332908552716
 84UDYCGSVABROWNFO    | 敷ヘカウ告政ヨハツヤ消70者32精楽ざกระทะ cái chảo                       | 26726.354370117188
 IJKLMNOPINBULGARIA   | живетезелоземляиижеикаколюдиpolkiuytxp,^&*()_+=,kwikdikwik             |  5452270.021739131
 IKLMกขฃคฅ            | and to some extent the rendition1,1,1,1,1                              | 16281.544982910156
 IRELANDIRN`~!@#$%^   | 豆贝尔维克斯艾勒艾弗诶比迪吉吾艾儿กขฃคฅฆงจฉชซฌญฎฏฐฑฒณดตถทธนบปผภฮ       | 17699.241045370953
 TYUIYYTWQYHSGER      | べ員葉コ番告7次ノヌ従援かやじり図安ヨabcdefghij                        |  22501.35868384293
 ĂÂĐÊÔƠƯDÊĐÊDỜENỜÍÌỜẸ | thequickbrownfoxjumpsoverthelazydog友達と会うので遅刻した 鍋 сковорода |   8405.14999961853
 บปผภ援かや           | canada denmark turkey yemen tokyo7次ノヌ,ノヌ従,援かや                 |  83898.16237123539
 友達と会OIUYTREWQA   | กขฃคฅฆงจฉชซฌญฎฏฐฑฒณดตถทธนบปผภฮff333df6-90a4-4fda-8dd3-9485d28cee36     |    620.45458984375
(10 rows)

--Testcase 263:
EXPLAIN VERBOSE SELECT length(c1 || c2 || c3), floor(c4-c5), c8/3+c9, c11 + '23 hours'::interval FROM tbl01 GROUP BY c1, c2, c3, c4, c5, c8, c9, c11 ORDER BY c1, c2, c3, c4, c5, c8, c9, c11;
                                                                                    QUERY PLAN                                                                                    
----------------------------------------------------------------------------------------------------------------------------------------------------------------------------------
 Group  (cost=0.00..0.04 rows=1 width=156)
   Output: length(((c1 || c2) || c3)), floor(((c4)::double precision - c5)), (((c8 / 3))::double precision + c9), (c11 + '@ 23 hours'::interval), c1, c2, c3, c4, c5, c8, c9, c11
   Group Key: tbl01.c1, tbl01.c2, tbl01.c3, tbl01.c4, tbl01.c5, tbl01.c8, tbl01.c9, tbl01.c11
   ->  Foreign Scan on public.tbl01  (cost=0.00..0.00 rows=1 width=128)
         Output: c1, c2, c3, c4, c5, c8, c9, c11
         Node: griddb_svr / Status: Alive
           Sort push-down: yes
           Remote SQL: SELECT  *  FROM tbl01 ORDER BY c1 ASC, c2 ASC, c3 ASC, c4 ASC, c5 ASC, c8 ASC, c9 ASC, c11 ASC
(8 rows)

--Testcase 264:
SELECT length(c1 || c2 || c3), floor(c4-c5), c8/3+c9, c11 + '23 hours'::interval FROM tbl01 GROUP BY c1, c2, c3, c4, c5, c8, c9, c11 ORDER BY c1, c2, c3, c4, c5, c8, c9, c11;
 length |  floor   |  ?column?  |        ?column?         
--------+----------+------------+-------------------------
     37 |     5200 | -1.79e+108 | 1970-01-01 23:00:02.018
     46 |        0 |  6616.6526 | 1970-01-01 23:00:02.022
     36 |    55090 |    -1e+108 | 1970-01-01 23:00:09.999
     46 | -5447093 |         11 | 1970-01-01 23:00:02.023
     41 |    35519 |    54.6565 | 1970-01-01 23:00:02.02
     35 |    35322 |  123097.65 | 1970-01-01 23:00:01.97
     34 |     9956 | 188226.215 | 1970-01-01 23:00:02.018
     55 |    16744 | -1.79e+108 | 1970-01-01 23:00:01.97
     40 |   167570 | 970606.565 | 1970-01-01 23:00:02.021
     44 |    -2879 | -1.79e+108 | 1970-01-01 23:00:02.019
(10 rows)

--Testcase 265:
EXPLAIN VERBOSE SELECT c1, c3, c5, c7, c9, c11 FROM tbl01 GROUP BY c1, c3, c5, c7, c9, c11 ORDER BY c1, c3, c5, c7, c9, c11;
                                              QUERY PLAN                                              
------------------------------------------------------------------------------------------------------
 Group  (cost=0.00..0.01 rows=1 width=116)
   Output: c1, c3, c5, c7, c9, c11
   Group Key: tbl01.c1, tbl01.c3, tbl01.c5, tbl01.c7, tbl01.c9, tbl01.c11
   ->  Foreign Scan on public.tbl01  (cost=0.00..0.00 rows=1 width=116)
         Output: c1, c3, c5, c7, c9, c11
         Node: griddb_svr / Status: Alive
           Sort push-down: yes
           Remote SQL: SELECT  *  FROM tbl01 ORDER BY c1 ASC, c3 ASC, c5 ASC, c7 ASC, c9 ASC, c11 ASC
(8 rows)

--Testcase 266:
SELECT c1, c3, c5, c7, c9, c11 FROM tbl01 GROUP BY c1, c3, c5, c7, c9, c11 ORDER BY c1, c3, c5, c7, c9, c11;
     c1     |                  c3                   |      c5       |                  c7                  |     c9     |           c11           
------------+---------------------------------------+---------------+--------------------------------------+------------+-------------------------
 !@#$%      | In Bulgarian it is desirable          |      2362.323 | abcd,EFGH,友達と会                   | -1.79e+108 | 1970-01-01 00:00:02.018
 32精楽     | Ông là nhà văn hiện thực thế kỷ 20    |             0 | 4f333df6-90a4-4fda-8dd3-9485d27ceea6 |  5465.6526 | 1970-01-01 00:00:02.022
 84udycgsva | 敷ヘカウ告政ヨハツヤ消70者32精楽ざ    |     -545.6456 | กระทะ Cái chảo                       |    -1e+108 | 1970-01-01 00:00:09.999
 IJKLMNOP   | живетезелоземляиижеикаколюди          | 5.4505455e+06 | polkiuytxp,^&*()_+=,kwikdikwik       |          0 | 1970-01-01 00:00:02.023
 IKLM       | And to some extent the rendition      |      -985.455 | 1,1,1,1,1                            |    54.6565 | 1970-01-01 00:00:02.02
 IrelandIRN | 豆贝尔维克斯艾勒艾弗诶比迪吉吾艾儿    |         22.15 | กขฃคฅฆงจฉชซฌญฎฏฐฑฒณดตถทธนบปผภฮ       |   45656.65 | 1970-01-01 00:00:01.97
 tyuiyytw   | べ員葉コ番告7次ノヌ従援かやじり図安ヨ |             0 | ABCDEFGHIJ                           |     55.215 | 1970-01-01 00:00:02.018
 ăâđêôơưdêđ | Thequickbrownfoxjumpsoverthelazydog   |         22.15 | 友達と会うので遅刻した 鍋 сковорода  | -1.79e+108 | 1970-01-01 00:00:01.97
 บปผภ       | Canada Denmark Turkey Yemen Tokyo     |        75.215 | 7次ノヌ,ノヌ従,援かや                | 987935.565 | 1970-01-01 00:00:02.021
 友達と会   | กขฃคฅฆงจฉชซฌญฎฏฐฑฒณดตถทธนบปผภฮ        |      545.5454 | ff333df6-90a4-4fda-8dd3-9485d28cee36 | -1.79e+108 | 1970-01-01 00:00:02.019
(10 rows)

--ORDER BY 7
--Testcase 267:
EXPLAIN VERBOSE SELECT c3, c5, c1, c8, c7, c2, c4, c6 FROM tbl01 GROUP BY c1, c2, c3, c4, c5, c6, c7, c8 HAVING min(c3) != 'wef' ORDER BY c1, c2, c3, c4, c5, c6, c7, c8;
                                                     QUERY PLAN                                                      
---------------------------------------------------------------------------------------------------------------------
 GroupAggregate  (cost=0.00..0.04 rows=1 width=146)
   Output: c3, c5, c1, c8, c7, c2, c4, c6
   Group Key: tbl01.c1, tbl01.c2, tbl01.c3, tbl01.c4, tbl01.c5, tbl01.c6, tbl01.c7, tbl01.c8
   Filter: (min(tbl01.c3) <> 'wef'::text)
   ->  Foreign Scan on public.tbl01  (cost=0.00..0.00 rows=1 width=146)
         Output: c3, c5, c1, c8, c7, c2, c4, c6
         Node: griddb_svr / Status: Alive
           Sort push-down: yes
           Remote SQL: SELECT  *  FROM tbl01 ORDER BY c1 ASC, c2 ASC, c3 ASC, c4 ASC, c5 ASC, c6 ASC, c7 ASC, c8 ASC
(9 rows)

--Testcase 268:
SELECT c3, c5, c1, c8, c7, c2, c4, c6 FROM tbl01 GROUP BY c1, c2, c3, c4, c5, c6, c7, c8 HAVING min(c3) != 'wef' ORDER BY c1, c2, c3, c4, c5, c6, c7, c8;
                  c3                   |      c5       |     c1     |      c8       |                  c7                  |     c2     |   c4   | c6 
---------------------------------------+---------------+------------+---------------+--------------------------------------+------------+--------+----
 In Bulgarian it is desirable          |      2362.323 | !@#$%      |        203164 | abcd,EFGH,友達と会                   | 7次ノヌ    |   7563 | 54
 Ông là nhà văn hiện thực thế kỷ 20    |             0 | 32精楽     |          3453 | 4f333df6-90a4-4fda-8dd3-9485d27ceea6 | красивый   |      0 |  7
 敷ヘカウ告政ヨハツヤ消70者32精楽ざ    |     -545.6456 | 84udycgsva |   54185454214 | กระทะ Cái chảo                       | brownfo    |  54545 |  6
 живетезелоземляиижеикаколюди          | 5.4505455e+06 | IJKLMNOP   |            34 | polkiuytxp,^&*()_+=,kwikdikwik       | InBulgaria |   3453 |  0
 And to some extent the rendition      |      -985.455 | IKLM       |             0 | 1,1,1,1,1                            | กขฃคฅ      |  34534 | 12
 豆贝尔维克斯艾勒艾弗诶比迪吉吾艾儿    |         22.15 | IrelandIRN |        232323 | กขฃคฅฆงจฉชซฌญฎฏฐฑฒณดตถทธนบปผภฮ       | `~!@#$%^   |  35345 | 12
 べ員葉コ番告7次ノヌ従援かやじり図安ヨ |             0 | tyuiyytw   |        564515 | ABCDEFGHIJ                           | QyhsgER    |   9956 |  0
 Thequickbrownfoxjumpsoverthelazydog   |         22.15 | ăâđêôơưdêđ | 1579222800000 | 友達と会うので遅刻した 鍋 сковорода  | êdờenờíìờẹ |  16767 | 12
 Canada Denmark Turkey Yemen Tokyo     |        75.215 | บปผภ       |        -51989 | 7次ノヌ,ノヌ従,援かや                | 援かや     | 167646 | 45
 กขฃคฅฆงจฉชซฌญฎฏฐฑฒณดตถทธนบปผภฮ        |      545.5454 | 友達と会   |       5458456 | ff333df6-90a4-4fda-8dd3-9485d28cee36 | oiuytrewqa |  -2333 | -2
(10 rows)

--Testcase 269:
EXPLAIN VERBOSE SELECT c4-c5, c8/c9, c11 || 'timez', c10 FROM tbl01 GROUP BY c4, c5, c8, c9, c10, c11 HAVING max(c4) > 0 ORDER BY c4, c5, c8, c9, c11;
                                                            QUERY PLAN                                                            
----------------------------------------------------------------------------------------------------------------------------------
 GroupAggregate  (cost=0.00..0.05 rows=1 width=82)
   Output: ((c4)::double precision - c5), ((c8)::double precision / c9), ((c11)::text || 'timez'::text), c10, c4, c5, c8, c9, c11
   Group Key: tbl01.c4, tbl01.c5, tbl01.c8, tbl01.c9, tbl01.c11, tbl01.c10
   Filter: (max(tbl01.c4) > 0)
   ->  Foreign Scan on public.tbl01  (cost=0.00..0.00 rows=1 width=34)
         Output: c10, c4, c5, c8, c9, c11
         Node: griddb_svr / Status: Alive
           Sort push-down: yes
           Remote SQL: SELECT  *  FROM tbl01 ORDER BY c4 ASC, c5 ASC, c8 ASC, c9 ASC, c11 ASC, c10 ASC
(9 rows)

--Testcase 270:
SELECT c4-c5, c8/c9, c11 || 'timez', c10 FROM tbl01 GROUP BY c4, c5, c8, c9, c10, c11 HAVING max(c4) > 0 ORDER BY c4, c5, c8, c9, c11;
psql:sql/limit/limit_orderby.sql:576: ERROR:  division by zero
--Testcase 271:
EXPLAIN VERBOSE SELECT c1, lower(c2 || c3), abs(c4-c5), abs(c8/3+c9), c11 + '23 hours'::interval FROM tbl01 GROUP BY c1, c2, c3, c4, c5, c8, c9, c11 HAVING sum(c5) != min(c4) ORDER BY c1, c2, c3, c4, c5, c8, c9, c11;
                                                                                 QUERY PLAN                                                                                 
----------------------------------------------------------------------------------------------------------------------------------------------------------------------------
 GroupAggregate  (cost=0.00..0.07 rows=1 width=184)
   Output: c1, lower((c2 || c3)), abs(((c4)::double precision - c5)), abs((((c8 / 3))::double precision + c9)), (c11 + '@ 23 hours'::interval), c2, c3, c4, c5, c8, c9, c11
   Group Key: tbl01.c1, tbl01.c2, tbl01.c3, tbl01.c4, tbl01.c5, tbl01.c8, tbl01.c9, tbl01.c11
   Filter: (sum(tbl01.c5) <> (min(tbl01.c4))::double precision)
   ->  Foreign Scan on public.tbl01  (cost=0.00..0.00 rows=1 width=128)
         Output: c1, c2, c3, c4, c5, c8, c9, c11
         Node: griddb_svr / Status: Alive
           Sort push-down: yes
           Remote SQL: SELECT  *  FROM tbl01 ORDER BY c1 ASC, c2 ASC, c3 ASC, c4 ASC, c5 ASC, c8 ASC, c9 ASC, c11 ASC
(9 rows)

--Testcase 272:
SELECT c1, lower(c2 || c3), abs(c4-c5), abs(c8/3+c9), c11 + '23 hours'::interval FROM tbl01 GROUP BY c1, c2, c3, c4, c5, c8, c9, c11 HAVING sum(c5) != min(c4) ORDER BY c1, c2, c3, c4, c5, c8, c9, c11;
     c1     |                     lower                     |        abs         |    abs     |        ?column?         
------------+-----------------------------------------------+--------------------+------------+-------------------------
 !@#$%      | 7次ノヌin bulgarian it is desirable           |  5200.677001953125 |  1.79e+108 | 1970-01-01 23:00:02.018
 84udycgsva | brownfo敷ヘカウ告政ヨハツヤ消70者32精楽ざ     |  55090.64562988281 |     1e+108 | 1970-01-01 23:00:09.999
 IJKLMNOP   | inbulgariaживетезелоземляиижеикаколюди        |          5447092.5 |         11 | 1970-01-01 23:00:02.023
 IKLM       | กขฃคฅand to some extent the rendition         | 35519.455017089844 |    54.6565 | 1970-01-01 23:00:02.02
 IrelandIRN | `~!@#$%^豆贝尔维克斯艾勒艾弗诶比迪吉吾艾儿    |  35322.85000038147 |  123097.65 | 1970-01-01 23:00:01.97
 tyuiyytw   | qyhsgerべ員葉コ番告7次ノヌ従援かやじり図安ヨ  |               9956 | 188226.215 | 1970-01-01 23:00:02.018
 ăâđêôơưdêđ | êdờenờíìờẹthequickbrownfoxjumpsoverthelazydog |  16744.85000038147 |  1.79e+108 | 1970-01-01 23:00:01.97
 บปผภ       | 援かやcanada denmark turkey yemen tokyo       |  167570.7850036621 | 970606.565 | 1970-01-01 23:00:02.021
 友達と会   | oiuytrewqaกขฃคฅฆงจฉชซฌญฎฏฐฑฒณดตถทธนบปผภฮ      |   2878.54541015625 |  1.79e+108 | 1970-01-01 23:00:02.019
(9 rows)

--ORDER BY 8
--Testcase 273:
EXPLAIN VERBOSE SELECT c1, c2, c3, c4, c5, c6, c7, c8 FROM tbl01 WHERE __spd_url != '%svr_' GROUP BY c1, c2, c3, c4, c5, c6, c7, c8 ORDER BY 1, 2, 3;
                                                     QUERY PLAN                                                      
---------------------------------------------------------------------------------------------------------------------
 Group  (cost=0.00..0.02 rows=1 width=146)
   Output: c1, c2, c3, c4, c5, c6, c7, c8
   Group Key: tbl01.c1, tbl01.c2, tbl01.c3, tbl01.c4, tbl01.c5, tbl01.c6, tbl01.c7, tbl01.c8
   ->  Foreign Scan on public.tbl01  (cost=0.00..0.00 rows=1 width=146)
         Output: c1, c2, c3, c4, c5, c6, c7, c8
         Filter: (tbl01.__spd_url <> '%svr_'::text)
         Node: griddb_svr / Status: Alive
           Sort push-down: yes
           Remote SQL: SELECT  *  FROM tbl01 ORDER BY c1 ASC, c2 ASC, c3 ASC, c4 ASC, c5 ASC, c6 ASC, c7 ASC, c8 ASC
(9 rows)

--Testcase 274:
SELECT c1, c2, c3, c4, c5, c6, c7, c8 FROM tbl01 WHERE __spd_url != '%svr_' GROUP BY c1, c2, c3, c4, c5, c6, c7, c8 ORDER BY 1, 2, 3;
     c1     |     c2     |                  c3                   |   c4   |      c5       | c6 |                  c7                  |      c8       
------------+------------+---------------------------------------+--------+---------------+----+--------------------------------------+---------------
 !@#$%      | 7次ノヌ    | In Bulgarian it is desirable          |   7563 |      2362.323 | 54 | abcd,EFGH,友達と会                   |        203164
 32精楽     | красивый   | Ông là nhà văn hiện thực thế kỷ 20    |      0 |             0 |  7 | 4f333df6-90a4-4fda-8dd3-9485d27ceea6 |          3453
 84udycgsva | brownfo    | 敷ヘカウ告政ヨハツヤ消70者32精楽ざ    |  54545 |     -545.6456 |  6 | กระทะ Cái chảo                       |   54185454214
 IJKLMNOP   | InBulgaria | живетезелоземляиижеикаколюди          |   3453 | 5.4505455e+06 |  0 | polkiuytxp,^&*()_+=,kwikdikwik       |            34
 IKLM       | กขฃคฅ      | And to some extent the rendition      |  34534 |      -985.455 | 12 | 1,1,1,1,1                            |             0
 IrelandIRN | `~!@#$%^   | 豆贝尔维克斯艾勒艾弗诶比迪吉吾艾儿    |  35345 |         22.15 | 12 | กขฃคฅฆงจฉชซฌญฎฏฐฑฒณดตถทธนบปผภฮ       |        232323
 tyuiyytw   | QyhsgER    | べ員葉コ番告7次ノヌ従援かやじり図安ヨ |   9956 |             0 |  0 | ABCDEFGHIJ                           |        564515
 ăâđêôơưdêđ | êdờenờíìờẹ | Thequickbrownfoxjumpsoverthelazydog   |  16767 |         22.15 | 12 | 友達と会うので遅刻した 鍋 сковорода  | 1579222800000
 บปผภ       | 援かや     | Canada Denmark Turkey Yemen Tokyo     | 167646 |        75.215 | 45 | 7次ノヌ,ノヌ従,援かや                |        -51989
 友達と会   | oiuytrewqa | กขฃคฅฆงจฉชซฌญฎฏฐฑฒณดตถทธนบปผภฮ        |  -2333 |      545.5454 | -2 | ff333df6-90a4-4fda-8dd3-9485d28cee36 |       5458456
(10 rows)

--Testcase 275:
EXPLAIN VERBOSE SELECT * FROM tbl01 WHERE __spd_url != 'ae' ORDER BY c1, c2;
                            QUERY PLAN                             
-------------------------------------------------------------------
 Foreign Scan on public.tbl01  (cost=0.00..0.00 rows=1 width=196)
   Output: c1, c2, c3, c4, c5, c6, c7, c8, c9, c10, c11, __spd_url
   Filter: (tbl01.__spd_url <> 'ae'::text)
   Node: griddb_svr / Status: Alive
     Sort push-down: yes
     Remote SQL: SELECT  *  FROM tbl01 ORDER BY c1 ASC, c2 ASC
(6 rows)

--Testcase 276:
SELECT * FROM tbl01 WHERE __spd_url != 'ae' ORDER BY c1, c2;
     c1     |     c2     |                  c3                   |   c4   |      c5       | c6 |                  c7                  |      c8       |     c9     | c10 |           c11           |  __spd_url   
------------+------------+---------------------------------------+--------+---------------+----+--------------------------------------+---------------+------------+-----+-------------------------+--------------
 !@#$%      | 7次ノヌ    | In Bulgarian it is desirable          |   7563 |      2362.323 | 54 | abcd,EFGH,友達と会                   |        203164 | -1.79e+108 |   6 | 1970-01-01 00:00:02.018 | /griddb_svr/
 32精楽     | красивый   | Ông là nhà văn hiện thực thế kỷ 20    |      0 |             0 |  7 | 4f333df6-90a4-4fda-8dd3-9485d27ceea6 |          3453 |  5465.6526 | 786 | 1970-01-01 00:00:02.022 | /griddb_svr/
 84udycgsva | brownfo    | 敷ヘカウ告政ヨハツヤ消70者32精楽ざ    |  54545 |     -545.6456 |  6 | กระทะ Cái chảo                       |   54185454214 |    -1e+108 |  45 | 1970-01-01 00:00:09.999 | /griddb_svr/
 IJKLMNOP   | InBulgaria | живетезелоземляиижеикаколюди          |   3453 | 5.4505455e+06 |  0 | polkiuytxp,^&*()_+=,kwikdikwik       |            34 |          0 |  76 | 1970-01-01 00:00:02.023 | /griddb_svr/
 IKLM       | กขฃคฅ      | And to some extent the rendition      |  34534 |      -985.455 | 12 | 1,1,1,1,1                            |             0 |    54.6565 |   4 | 1970-01-01 00:00:02.02  | /griddb_svr/
 IrelandIRN | `~!@#$%^   | 豆贝尔维克斯艾勒艾弗诶比迪吉吾艾儿    |  35345 |         22.15 | 12 | กขฃคฅฆงจฉชซฌญฎฏฐฑฒณดตถทธนบปผภฮ       |        232323 |   45656.65 | 786 | 1970-01-01 00:00:01.97  | /griddb_svr/
 tyuiyytw   | QyhsgER    | べ員葉コ番告7次ノヌ従援かやじり図安ヨ |   9956 |             0 |  0 | ABCDEFGHIJ                           |        564515 |     55.215 | 454 | 1970-01-01 00:00:02.018 | /griddb_svr/
 ăâđêôơưdêđ | êdờenờíìờẹ | Thequickbrownfoxjumpsoverthelazydog   |  16767 |         22.15 | 12 | 友達と会うので遅刻した 鍋 сковорода  | 1579222800000 | -1.79e+108 | 212 | 1970-01-01 00:00:01.97  | /griddb_svr/
 บปผภ       | 援かや     | Canada Denmark Turkey Yemen Tokyo     | 167646 |        75.215 | 45 | 7次ノヌ,ノヌ従,援かや                |        -51989 | 987935.565 |  45 | 1970-01-01 00:00:02.021 | /griddb_svr/
 友達と会   | oiuytrewqa | กขฃคฅฆงจฉชซฌญฎฏฐฑฒณดตถทธนบปผภฮ        |  -2333 |      545.5454 | -2 | ff333df6-90a4-4fda-8dd3-9485d28cee36 |       5458456 | -1.79e+108 |   4 | 1970-01-01 00:00:02.019 | /griddb_svr/
(10 rows)

--Testcase 277:
EXPLAIN VERBOSE SELECT c1 || c2, c3 || c7, c4-c5, c8/(c9+c6), c11 + '23 hours'::interval FROM tbl01 WHERE c5 >= 0 AND __spd_url != '$' ORDER BY 1,2;
                                                                             QUERY PLAN                                                                              
---------------------------------------------------------------------------------------------------------------------------------------------------------------------
 Sort  (cost=258.79..261.64 rows=1138 width=88)
   Output: ((c1 || c2)), ((c3 || c7)), (((c4)::double precision - c5)), (((c8)::double precision / (c9 + (c6)::double precision))), ((c11 + '@ 23 hours'::interval))
   Sort Key: ((tbl01.c1 || tbl01.c2)), ((tbl01.c3 || tbl01.c7))
   ->  Foreign Scan on public.tbl01  (cost=100.00..201.03 rows=1138 width=88)
         Output: (c1 || c2), (c3 || c7), ((c4)::double precision - c5), ((c8)::double precision / (c9 + (c6)::double precision)), (c11 + '@ 23 hours'::interval)
         Filter: (tbl01.__spd_url <> '$'::text)
         Node: griddb_svr / Status: Alive
           Sort push-down: no
           Remote SQL: SELECT  *  FROM tbl01 WHERE ((c5 >= 0))
(9 rows)

--Testcase 278:
SELECT c1 || c2, c3 || c7, c4-c5, c8/(c9+c6), c11 + '23 hours'::interval FROM tbl01 WHERE c5 >= 0 AND __spd_url != '$' ORDER BY 1,2;
psql:sql/limit/limit_orderby.sql:593: ERROR:  division by zero
--Testcase 279:
EXPLAIN VERBOSE SELECT lower(c1), upper(c2 || c3), c4/(c5+3)*c6-c8/122 FROM tbl01 WHERE __spd_url ilike '%svr_' ORDER BY 1,2,3,4,5;
psql:sql/limit/limit_orderby.sql:595: ERROR:  ORDER BY position 4 is not in select list
LINE 1: ...FROM tbl01 WHERE __spd_url ilike '%svr_' ORDER BY 1,2,3,4,5;
                                                                   ^
--Testcase 280:
SELECT lower(c1), upper(c2 || c3), c4/(c5+3)*c6-c8/122 FROM tbl01 WHERE __spd_url ilike '%svr_' ORDER BY 1,2,3,4,5;
psql:sql/limit/limit_orderby.sql:597: ERROR:  ORDER BY position 4 is not in select list
LINE 1: ...FROM tbl01 WHERE __spd_url ilike '%svr_' ORDER BY 1,2,3,4,5;
                                                                   ^
--ORDER BY 9
--Testcase 281:
EXPLAIN VERBOSE SELECT c1, c2, c3, c4, c5, c6, c7, c8 FROM tbl01 WHERE c3 != 'wef' ORDER BY c1;
                                 QUERY PLAN                                  
-----------------------------------------------------------------------------
 Foreign Scan on public.tbl01  (cost=0.00..0.00 rows=1 width=146)
   Output: c1, c2, c3, c4, c5, c6, c7, c8
   Node: griddb_svr / Status: Alive
     Sort push-down: yes
     Remote SQL: SELECT  *  FROM tbl01 WHERE ((c3 <> 'wef')) ORDER BY c1 ASC
(5 rows)

--Testcase 282:
SELECT c1, c2, c3, c4, c5, c6, c7, c8 FROM tbl01 WHERE c3 != 'wef' ORDER BY c1;
     c1     |     c2     |                  c3                   |   c4   |      c5       | c6 |                  c7                  |      c8       
------------+------------+---------------------------------------+--------+---------------+----+--------------------------------------+---------------
 !@#$%      | 7次ノヌ    | In Bulgarian it is desirable          |   7563 |      2362.323 | 54 | abcd,EFGH,友達と会                   |        203164
 32精楽     | красивый   | Ông là nhà văn hiện thực thế kỷ 20    |      0 |             0 |  7 | 4f333df6-90a4-4fda-8dd3-9485d27ceea6 |          3453
 84udycgsva | brownfo    | 敷ヘカウ告政ヨハツヤ消70者32精楽ざ    |  54545 |     -545.6456 |  6 | กระทะ Cái chảo                       |   54185454214
 IJKLMNOP   | InBulgaria | живетезелоземляиижеикаколюди          |   3453 | 5.4505455e+06 |  0 | polkiuytxp,^&*()_+=,kwikdikwik       |            34
 IKLM       | กขฃคฅ      | And to some extent the rendition      |  34534 |      -985.455 | 12 | 1,1,1,1,1                            |             0
 IrelandIRN | `~!@#$%^   | 豆贝尔维克斯艾勒艾弗诶比迪吉吾艾儿    |  35345 |         22.15 | 12 | กขฃคฅฆงจฉชซฌญฎฏฐฑฒณดตถทธนบปผภฮ       |        232323
 tyuiyytw   | QyhsgER    | べ員葉コ番告7次ノヌ従援かやじり図安ヨ |   9956 |             0 |  0 | ABCDEFGHIJ                           |        564515
 ăâđêôơưdêđ | êdờenờíìờẹ | Thequickbrownfoxjumpsoverthelazydog   |  16767 |         22.15 | 12 | 友達と会うので遅刻した 鍋 сковорода  | 1579222800000
 บปผภ       | 援かや     | Canada Denmark Turkey Yemen Tokyo     | 167646 |        75.215 | 45 | 7次ノヌ,ノヌ従,援かや                |        -51989
 友達と会   | oiuytrewqa | กขฃคฅฆงจฉชซฌญฎฏฐฑฒณดตถทธนบปผภฮ        |  -2333 |      545.5454 | -2 | ff333df6-90a4-4fda-8dd3-9485d28cee36 |       5458456
(10 rows)

--Testcase 283:
EXPLAIN VERBOSE SELECT round(c4-c5), floor(c8/3+c9), c11 || 'timey', c10 FROM tbl01 WHERE c4 > 0 ORDER BY c1, c2;
                                                               QUERY PLAN                                                                
-----------------------------------------------------------------------------------------------------------------------------------------
 Foreign Scan on public.tbl01  (cost=0.00..0.03 rows=1 width=114)
   Output: round(((c4)::double precision - c5)), floor((((c8 / 3))::double precision + c9)), ((c11)::text || 'timey'::text), c10, c1, c2
   Node: griddb_svr / Status: Alive
     Sort push-down: yes
     Remote SQL: SELECT  *  FROM tbl01 WHERE ((c4 > 0)) ORDER BY c1 ASC, c2 ASC
(5 rows)

--Testcase 284:
SELECT round(c4-c5), floor(c8/3+c9), c11 || 'timey', c10 FROM tbl01 WHERE c4 > 0 ORDER BY c1, c2;
  round   |   floor    |           ?column?           | c10 
----------+------------+------------------------------+-----
     5201 | -1.79e+108 | 1970-01-01 00:00:02.018timey |   6
    55091 |    -1e+108 | 1970-01-01 00:00:09.999timey |  45
 -5447092 |         11 | 1970-01-01 00:00:02.023timey |  76
    35519 |         54 | 1970-01-01 00:00:02.02timey  |   4
    35323 |     123097 | 1970-01-01 00:00:01.97timey  | 786
     9956 |     188226 | 1970-01-01 00:00:02.018timey | 454
    16745 | -1.79e+108 | 1970-01-01 00:00:01.97timey  | 212
   167571 |     970606 | 1970-01-01 00:00:02.021timey |  45
(8 rows)

--Testcase 285:
EXPLAIN VERBOSE SELECT c1 || c2, upper(c3), floor(c4/112-c5+ c8/3+c9), c11 + '1 hour'::interval FROM tbl01 WHERE c5 > c4 ORDER BY 1,2;
                                                                         QUERY PLAN                                                                          
-------------------------------------------------------------------------------------------------------------------------------------------------------------
 Sort  (cost=318.52..321.36 rows=1138 width=80)
   Output: ((c1 || c2)), (upper(c3)), (floor((((((c4 / 112))::double precision - c5) + ((c8 / 3))::double precision) + c9))), ((c11 + '@ 1 hour'::interval))
   Sort Key: ((tbl01.c1 || tbl01.c2)), (upper(tbl01.c3))
   ->  Foreign Scan on public.tbl01  (cost=100.00..260.75 rows=1138 width=80)
         Output: (c1 || c2), upper(c3), floor((((((c4 / 112))::double precision - c5) + ((c8 / 3))::double precision) + c9)), (c11 + '@ 1 hour'::interval)
         Filter: (tbl01.c5 > (tbl01.c4)::double precision)
         Node: griddb_svr / Status: Alive
           Sort push-down: no
           Remote SQL: SELECT  *  FROM tbl01
(9 rows)

--Testcase 286:
SELECT c1 || c2, upper(c3), floor(c4/112-c5+ c8/3+c9), c11 + '1 hour'::interval FROM tbl01 WHERE c5 > c4 ORDER BY 1,2;
      ?column?      |             upper              |   floor    |        ?column?         
--------------------+--------------------------------+------------+-------------------------
 IJKLMNOPInBulgaria | ЖИВЕТЕЗЕЛОЗЕМЛЯИИЖЕИКАКОЛЮДИ   |   -5450505 | 1970-01-01 01:00:02.023
 友達と会oiuytrewqa | กขฃคฅฆงจฉชซฌญฎฏฐฑฒณดตถทธนบปผภฮ | -1.79e+108 | 1970-01-01 01:00:02.019
(2 rows)

--Testcase 287:
EXPLAIN VERBOSE SELECT length(c1 || c2), lower(c3), abs(c5/12+c8/3-c9+c10) FROM tbl01 WHERE NOT c4 < 0 ORDER BY 1,2;
                                                                      QUERY PLAN                                                                       
-------------------------------------------------------------------------------------------------------------------------------------------------------
 Sort  (cost=264.48..267.33 rows=1138 width=44)
   Output: (length((c1 || c2))), (lower(c3)), (abs(((((c5 / '12'::double precision) + ((c8 / 3))::double precision) - c9) + (c10)::double precision)))
   Sort Key: (length((tbl01.c1 || tbl01.c2))), (lower(tbl01.c3))
   ->  Foreign Scan on public.tbl01  (cost=100.00..206.72 rows=1138 width=44)
         Output: length((c1 || c2)), lower(c3), abs(((((c5 / '12'::double precision) + ((c8 / 3))::double precision) - c9) + (c10)::double precision))
         Node: griddb_svr / Status: Alive
           Sort push-down: no
           Remote SQL: SELECT  *  FROM tbl01 WHERE ((c4 >= 0))
(8 rows)

--Testcase 288:
SELECT length(c1 || c2), lower(c3), abs(c5/12+c8/3-c9+c10) FROM tbl01 WHERE NOT c4 < 0 ORDER BY 1,2;
 length |                 lower                 |        abs         
--------+---------------------------------------+--------------------
      7 | canada denmark turkey yemen tokyo     | 1005213.2970836385
      9 | and to some extent the rendition      | 132.77775142415365
      9 | in bulgarian it is desirable          |          1.79e+108
     12 | ông là nhà văn hiện thực thế kỷ 20    | 3528.6526000000003
     15 | べ員葉コ番告7次ノヌ従援かやじり図安ヨ |         188569.785
     17 | 敷ヘカウ告政ヨハツヤ消70者32精楽ざ    |             1e+108
     18 | живетезелоземляиижеикаколюди          |         454299.125
     18 | 豆贝尔维克斯艾勒艾弗诶比迪吉吾艾儿    | 32572.195833301543
     20 | thequickbrownfoxjumpsoverthelazydog   |          1.79e+108
(9 rows)

--ORDER BY 10
--Testcase 289:
EXPLAIN VERBOSE SELECT count(*), count(c1), count(c3) FROM tbl01 GROUP BY c4 HAVING min(c4) != 0 ORDER BY 1;
                                 QUERY PLAN                                  
-----------------------------------------------------------------------------
 Sort  (cost=0.04..0.04 rows=1 width=28)
   Output: (count(*)), (count(c1)), (count(c3)), c4
   Sort Key: (count(*))
   ->  GroupAggregate  (cost=0.00..0.02 rows=1 width=28)
         Output: count(*), count(c1), count(c3), c4
         Group Key: tbl01.c4
         Filter: (min(tbl01.c4) <> 0)
         ->  Foreign Scan on public.tbl01  (cost=0.00..0.00 rows=1 width=68)
               Output: c4, c1, c3
               Node: griddb_svr / Status: Alive
                 Sort push-down: yes
                 Remote SQL: SELECT  *  FROM tbl01 ORDER BY c4 ASC
(12 rows)

--Testcase 290:
SELECT count(*), count(c1), count(c3) FROM tbl01 GROUP BY c4 HAVING min(c4) != 0 ORDER BY 1;
 count | count | count 
-------+-------+-------
     1 |     1 |     1
     1 |     1 |     1
     1 |     1 |     1
     1 |     1 |     1
     1 |     1 |     1
     1 |     1 |     1
     1 |     1 |     1
     1 |     1 |     1
     1 |     1 |     1
(9 rows)

--Testcase 291:
EXPLAIN VERBOSE SELECT min(c1 || c2), max(c3), min(c4), sum(c5) FROM tbl01 GROUP BY c3 HAVING max(c3) IS NOT NULL ORDER BY c3;
                               QUERY PLAN                               
------------------------------------------------------------------------
 GroupAggregate  (cost=0.00..0.03 rows=1 width=104)
   Output: min((c1 || c2)), max(c3), min(c4), sum(c5), c3
   Group Key: tbl01.c3
   Filter: (max(tbl01.c3) IS NOT NULL)
   ->  Foreign Scan on public.tbl01  (cost=0.00..0.00 rows=1 width=104)
         Output: c3, c1, c2, c4, c5
         Node: griddb_svr / Status: Alive
           Sort push-down: yes
           Remote SQL: SELECT  *  FROM tbl01 ORDER BY c3 ASC
(9 rows)

--Testcase 292:
SELECT min(c1 || c2), max(c3), min(c4), sum(c5) FROM tbl01 GROUP BY c3 HAVING max(c3) IS NOT NULL ORDER BY c3;
         min          |                  max                  |  min   |      sum      
----------------------+---------------------------------------+--------+---------------
 IKLMกขฃคฅ            | And to some extent the rendition      |  34534 |      -985.455
 บปผภ援かや           | Canada Denmark Turkey Yemen Tokyo     | 167646 |        75.215
 !@#$%7次ノヌ         | In Bulgarian it is desirable          |   7563 |      2362.323
 ăâđêôơưdêđêdờenờíìờẹ | Thequickbrownfoxjumpsoverthelazydog   |  16767 |         22.15
 32精楽красивый       | Ông là nhà văn hiện thực thế kỷ 20    |      0 |             0
 IJKLMNOPInBulgaria   | живетезелоземляиижеикаколюди          |   3453 | 5.4505455e+06
 友達と会oiuytrewqa   | กขฃคฅฆงจฉชซฌญฎฏฐฑฒณดตถทธนบปผภฮ        |  -2333 |      545.5454
 tyuiyytwQyhsgER      | べ員葉コ番告7次ノヌ従援かやじり図安ヨ |   9956 |             0
 84udycgsvabrownfo    | 敷ヘカウ告政ヨハツヤ消70者32精楽ざ    |  54545 |     -545.6456
 IrelandIRN`~!@#$%^   | 豆贝尔维克斯艾勒艾弗诶比迪吉吾艾儿    |  35345 |         22.15
(10 rows)

--Testcase 293:
EXPLAIN VERBOSE SELECT max(c5+c6), max(c7), min(c8), min(c9 - c10), max(c11) FROM tbl01 GROUP BY c3, c7 HAVING max(c7) != max(c3) ORDER BY c3, c7;
                                                      QUERY PLAN                                                       
-----------------------------------------------------------------------------------------------------------------------
 GroupAggregate  (cost=0.00..0.04 rows=1 width=128)
   Output: max((c5 + (c6)::double precision)), max(c7), min(c8), min((c9 - (c10)::double precision)), max(c11), c3, c7
   Group Key: tbl01.c3, tbl01.c7
   Filter: (max(tbl01.c7) <> max(tbl01.c3))
   ->  Foreign Scan on public.tbl01  (cost=0.00..0.00 rows=1 width=96)
         Output: c3, c7, c5, c6, c8, c9, c10, c11
         Node: griddb_svr / Status: Alive
           Sort push-down: yes
           Remote SQL: SELECT  *  FROM tbl01 ORDER BY c3 ASC, c7 ASC
(9 rows)

--Testcase 294:
SELECT max(c5+c6), max(c7), min(c8), min(c9 - c10), max(c11) FROM tbl01 GROUP BY c3, c7 HAVING max(c7) != max(c3) ORDER BY c3, c7;
        max         |                 max                  |      min      |         min         |           max           
--------------------+--------------------------------------+---------------+---------------------+-------------------------
 -973.4550170898438 | 1,1,1,1,1                            |             0 |             50.6565 | 1970-01-01 00:00:02.02
 120.21499633789062 | 7次ノヌ,ノヌ従,援かや                |        -51989 |          987890.565 | 1970-01-01 00:00:02.021
  2416.322998046875 | abcd,EFGH,友達と会                   |        203164 |          -1.79e+108 | 1970-01-01 00:00:02.018
  34.14999961853027 | 友達と会うので遅刻した 鍋 сковорода  | 1579222800000 |          -1.79e+108 | 1970-01-01 00:00:01.97
                  7 | 4f333df6-90a4-4fda-8dd3-9485d27ceea6 |          3453 |           4679.6526 | 1970-01-01 00:00:02.022
          5450545.5 | polkiuytxp,^&*()_+=,kwikdikwik       |            34 |                 -76 | 1970-01-01 00:00:02.023
    543.54541015625 | ff333df6-90a4-4fda-8dd3-9485d28cee36 |       5458456 |          -1.79e+108 | 1970-01-01 00:00:02.019
                  0 | ABCDEFGHIJ                           |        564515 | -398.78499999999997 | 1970-01-01 00:00:02.018
 -539.6456298828125 | กระทะ Cái chảo                       |   54185454214 |             -1e+108 | 1970-01-01 00:00:09.999
  34.14999961853027 | กขฃคฅฆงจฉชซฌญฎฏฐฑฒณดตถทธนบปผภฮ       |        232323 |            44870.65 | 1970-01-01 00:00:01.97
(10 rows)

--Testcase 295:
EXPLAIN VERBOSE SELECT min(c7), max(c8), sum(c8-c9), count(c10) FROM tbl01 GROUP BY c4, c8 HAVING min(c4) < min(c8) ORDER BY c4, c8;
                                     QUERY PLAN                                     
------------------------------------------------------------------------------------
 GroupAggregate  (cost=0.00..0.04 rows=1 width=68)
   Output: min(c7), max(c8), sum(((c8)::double precision - c9)), count(c10), c4, c8
   Group Key: tbl01.c4, tbl01.c8
   Filter: (min(tbl01.c4) < min(tbl01.c8))
   ->  Foreign Scan on public.tbl01  (cost=0.00..0.00 rows=1 width=54)
         Output: c4, c8, c7, c9, c10
         Node: griddb_svr / Status: Alive
           Sort push-down: yes
           Remote SQL: SELECT  *  FROM tbl01 ORDER BY c4 ASC, c8 ASC
(9 rows)

--Testcase 296:
SELECT min(c7), max(c8), sum(c8-c9), count(c10) FROM tbl01 GROUP BY c4, c8 HAVING min(c4) < min(c8) ORDER BY c4, c8;
                 min                  |      max      |         sum         | count 
--------------------------------------+---------------+---------------------+-------
 ff333df6-90a4-4fda-8dd3-9485d28cee36 |       5458456 |           1.79e+108 |     1
 4f333df6-90a4-4fda-8dd3-9485d27ceea6 |          3453 | -2012.6526000000003 |     1
 abcd,EFGH,友達と会                   |        203164 |           1.79e+108 |     1
 ABCDEFGHIJ                           |        564515 |          564459.785 |     1
 友達と会うので遅刻した 鍋 сковорода  | 1579222800000 |           1.79e+108 |     1
 กขฃคฅฆงจฉชซฌญฎฏฐฑฒณดตถทธนบปผภฮ       |        232323 |           186666.35 |     1
 กระทะ Cái chảo                       |   54185454214 |              1e+108 |     1
(7 rows)

--Testcase 297:
EXPLAIN VERBOSE SELECT sum(c5), max(c7), min(c8), count(c9/2-c5) FROM tbl01 GROUP BY c3 HAVING count(c3) > 0 ORDER BY c3;
                                     QUERY PLAN                                      
-------------------------------------------------------------------------------------
 GroupAggregate  (cost=0.00..0.03 rows=1 width=84)
   Output: sum(c5), max(c7), min(c8), count(((c9 / '2'::double precision) - c5)), c3
   Group Key: tbl01.c3
   Filter: (count(tbl01.c3) > 0)
   ->  Foreign Scan on public.tbl01  (cost=0.00..0.00 rows=1 width=84)
         Output: c3, c5, c7, c8, c9
         Node: griddb_svr / Status: Alive
           Sort push-down: yes
           Remote SQL: SELECT  *  FROM tbl01 ORDER BY c3 ASC
(9 rows)

--Testcase 298:
SELECT sum(c5), max(c7), min(c8), count(c9/2-c5) FROM tbl01 GROUP BY c3 HAVING count(c3) > 0 ORDER BY c3;
      sum      |                 max                  |      min      | count 
---------------+--------------------------------------+---------------+-------
      -985.455 | 1,1,1,1,1                            |             0 |     1
        75.215 | 7次ノヌ,ノヌ従,援かや                |        -51989 |     1
      2362.323 | abcd,EFGH,友達と会                   |        203164 |     1
         22.15 | 友達と会うので遅刻した 鍋 сковорода  | 1579222800000 |     1
             0 | 4f333df6-90a4-4fda-8dd3-9485d27ceea6 |          3453 |     1
 5.4505455e+06 | polkiuytxp,^&*()_+=,kwikdikwik       |            34 |     1
      545.5454 | ff333df6-90a4-4fda-8dd3-9485d28cee36 |       5458456 |     1
             0 | ABCDEFGHIJ                           |        564515 |     1
     -545.6456 | กระทะ Cái chảo                       |   54185454214 |     1
         22.15 | กขฃคฅฆงจฉชซฌญฎฏฐฑฒณดตถทธนบปผภฮ       |        232323 |     1
(10 rows)

--ORDER BY 11
--Testcase 299:
EXPLAIN VERBOSE SELECT '~!@#$%^&*()_+=-,./[]\\',332, 'wefakef', 21332 FROM tbl01 WHERE c3 IS NOT NULL GROUP BY c7 HAVING c7 != '' ORDER BY c7;
                                              QUERY PLAN                                               
-------------------------------------------------------------------------------------------------------
 Group  (cost=0.00..0.00 rows=1 width=104)
   Output: '~!@#$%^&*()_+=-,./[]\\'::text, 332, 'wefakef'::text, 21332, c7
   Group Key: tbl01.c7
   ->  Foreign Scan on public.tbl01  (cost=0.00..0.00 rows=1 width=32)
         Output: c7
         Node: griddb_svr / Status: Alive
           Sort push-down: yes
           Remote SQL: SELECT  *  FROM tbl01 WHERE ((c3 IS NOT NULL)) AND ((c7 <> '')) ORDER BY c7 ASC
(8 rows)

--Testcase 300:
SELECT '~!@#$%^&*()_+=-,./[]\\',332, 'wefakef', 21332 FROM tbl01 WHERE c3 IS NOT NULL GROUP BY c7 HAVING c7 != '' ORDER BY c7;
        ?column?        | ?column? | ?column? | ?column? 
------------------------+----------+----------+----------
 ~!@#$%^&*()_+=-,./[]\\ |      332 | wefakef  |    21332
 ~!@#$%^&*()_+=-,./[]\\ |      332 | wefakef  |    21332
 ~!@#$%^&*()_+=-,./[]\\ |      332 | wefakef  |    21332
 ~!@#$%^&*()_+=-,./[]\\ |      332 | wefakef  |    21332
 ~!@#$%^&*()_+=-,./[]\\ |      332 | wefakef  |    21332
 ~!@#$%^&*()_+=-,./[]\\ |      332 | wefakef  |    21332
 ~!@#$%^&*()_+=-,./[]\\ |      332 | wefakef  |    21332
 ~!@#$%^&*()_+=-,./[]\\ |      332 | wefakef  |    21332
 ~!@#$%^&*()_+=-,./[]\\ |      332 | wefakef  |    21332
 ~!@#$%^&*()_+=-,./[]\\ |      332 | wefakef  |    21332
(10 rows)

--Testcase 301:
EXPLAIN VERBOSE SELECT c1, c2, c3, __spd_url FROM tbl01 WHERE c3 > c7 GROUP BY c1, c2, c3, c4, __spd_url HAVING c4 BETWEEN -11000 AND 10000 ORDER BY c1, c2, c3, c4, __spd_url;
                                           QUERY PLAN                                           
------------------------------------------------------------------------------------------------
 Group  (cost=170.17..170.26 rows=6 width=132)
   Output: c1, c2, c3, __spd_url, c4
   Group Key: tbl01.c1, tbl01.c2, tbl01.c3, tbl01.c4, tbl01.__spd_url
   ->  Sort  (cost=170.17..170.18 rows=6 width=132)
         Output: c1, c2, c3, __spd_url, c4
         Sort Key: tbl01.c1, tbl01.c2, tbl01.c3, tbl01.c4, tbl01.__spd_url
         ->  Foreign Scan on public.tbl01  (cost=100.00..170.09 rows=6 width=132)
               Output: c1, c2, c3, __spd_url, c4
               Filter: (tbl01.c3 > tbl01.c7)
               Node: griddb_svr / Status: Alive
                 Sort push-down: no
                 Remote SQL: SELECT  *  FROM tbl01 WHERE ((c4 >= (-11000))) AND ((c4 <= 10000))
(12 rows)

--Testcase 302:
SELECT c1, c2, c3, __spd_url FROM tbl01 WHERE c3 > c7 GROUP BY c1, c2, c3, c4, __spd_url HAVING c4 BETWEEN -11000 AND 10000 ORDER BY c1, c2, c3, c4, __spd_url;
    c1    |     c2     |                  c3                   |  __spd_url   
----------+------------+---------------------------------------+--------------
 !@#$%    | 7次ノヌ    | In Bulgarian it is desirable          | /griddb_svr/
 32精楽   | красивый   | Ông là nhà văn hiện thực thế kỷ 20    | /griddb_svr/
 IJKLMNOP | InBulgaria | живетезелоземляиижеикаколюди          | /griddb_svr/
 tyuiyytw | QyhsgER    | べ員葉コ番告7次ノヌ従援かやじり図安ヨ | /griddb_svr/
(4 rows)

--Testcase 303:
EXPLAIN VERBOSE SELECT count(DISTINCT c8), c1, c2, c3 FROM tbl01 WHERE c5 NOT IN (-122.2,233.12,232.2) GROUP BY c1, c2, c3, c8, c9 HAVING c8 > c9 ORDER BY c1, c2, c3, c8, c9;
                                                                     QUERY PLAN                                                                      
-----------------------------------------------------------------------------------------------------------------------------------------------------
 GroupAggregate  (cost=0.00..0.03 rows=1 width=120)
   Output: count(DISTINCT c8), c1, c2, c3, c8, c9
   Group Key: tbl01.c1, tbl01.c2, tbl01.c3, tbl01.c8, tbl01.c9
   ->  Foreign Scan on public.tbl01  (cost=0.00..0.00 rows=1 width=112)
         Output: c1, c2, c3, c8, c9
         Filter: ((tbl01.c8)::double precision > tbl01.c9)
         Node: griddb_svr / Status: Alive
           Sort push-down: yes
           Remote SQL: SELECT  *  FROM tbl01 WHERE (c5 <> -122.2  AND c5 <> 233.12  AND c5 <> 232.2) ORDER BY c1 ASC, c2 ASC, c3 ASC, c8 ASC, c9 ASC
(9 rows)

--Testcase 304:
SELECT count(DISTINCT c8), c1, c2, c3 FROM tbl01 WHERE c5 NOT IN (-122.2,233.12,232.2) GROUP BY c1, c2, c3, c8, c9 HAVING c8 > c9 ORDER BY c1, c2, c3, c8, c9;
 count |     c1     |     c2     |                  c3                   
-------+------------+------------+---------------------------------------
     1 | !@#$%      | 7次ノヌ    | In Bulgarian it is desirable
     1 | 84udycgsva | brownfo    | 敷ヘカウ告政ヨハツヤ消70者32精楽ざ
     1 | IJKLMNOP   | InBulgaria | живетезелоземляиижеикаколюди
     1 | IrelandIRN | `~!@#$%^   | 豆贝尔维克斯艾勒艾弗诶比迪吉吾艾儿
     1 | tyuiyytw   | QyhsgER    | べ員葉コ番告7次ノヌ従援かやじり図安ヨ
     1 | ăâđêôơưdêđ | êdờenờíìờẹ | Thequickbrownfoxjumpsoverthelazydog
     1 | 友達と会   | oiuytrewqa | กขฃคฅฆงจฉชซฌญฎฏฐฑฒณดตถทธนบปผภฮ
(7 rows)

--Testcase 305:
EXPLAIN VERBOSE SELECT array_agg(c3 || ' ' || c7), json_agg(('c3_x',c3)), jsonb_agg(('c3_y',c3)), json_object_agg('c7_x', c7), jsonb_object_agg('c7_y', c7) FROM tbl01 WHERE c4 > c5 GROUP BY c8 HAVING c8 != 0 ORDER BY c8;
                                                                              QUERY PLAN                                                                              
----------------------------------------------------------------------------------------------------------------------------------------------------------------------
 GroupAggregate  (cost=0.00..0.04 rows=1 width=168)
   Output: array_agg(((c3 || ' '::text) || c7)), json_agg(ROW('c3_x', c3)), jsonb_agg(ROW('c3_y', c3)), json_object_agg('c7_x', c7), jsonb_object_agg('c7_y', c7), c8
   Group Key: tbl01.c8
   ->  Foreign Scan on public.tbl01  (cost=0.00..0.00 rows=1 width=72)
         Output: c8, c3, c7
         Filter: ((tbl01.c4)::double precision > tbl01.c5)
         Node: griddb_svr / Status: Alive
           Sort push-down: yes
           Remote SQL: SELECT  *  FROM tbl01 WHERE ((c8 <> 0)) ORDER BY c8 ASC
(9 rows)

--Testcase 306:
SELECT array_agg(c3 || ' ' || c7), json_agg(('c3_x',c3)), jsonb_agg(('c3_y',c3)), json_object_agg('c7_x', c7), jsonb_object_agg('c7_y', c7) FROM tbl01 WHERE c4 > c5 GROUP BY c8 HAVING c8 != 0 ORDER BY c8;
                                  array_agg                                  |                           json_agg                           |                            jsonb_agg                            |                  json_object_agg                   |                jsonb_object_agg                 
-----------------------------------------------------------------------------+--------------------------------------------------------------+-----------------------------------------------------------------+----------------------------------------------------+-------------------------------------------------
 {"Canada Denmark Turkey Yemen Tokyo 7次ノヌ,ノヌ従,援かや"}                 | [{"f1":"c3_x","f2":"Canada Denmark Turkey Yemen Tokyo"}]     | [{"f1": "c3_y", "f2": "Canada Denmark Turkey Yemen Tokyo"}]     | { "c7_x" : "7次ノヌ,ノヌ従,援かや" }               | {"c7_y": "7次ノヌ,ノヌ従,援かや"}
 {"In Bulgarian it is desirable abcd,EFGH,友達と会"}                         | [{"f1":"c3_x","f2":"In Bulgarian it is desirable"}]          | [{"f1": "c3_y", "f2": "In Bulgarian it is desirable"}]          | { "c7_x" : "abcd,EFGH,友達と会" }                  | {"c7_y": "abcd,EFGH,友達と会"}
 {"豆贝尔维克斯艾勒艾弗诶比迪吉吾艾儿 กขฃคฅฆงจฉชซฌญฎฏฐฑฒณดตถทธนบปผภฮ"}       | [{"f1":"c3_x","f2":"豆贝尔维克斯艾勒艾弗诶比迪吉吾艾儿"}]    | [{"f1": "c3_y", "f2": "豆贝尔维克斯艾勒艾弗诶比迪吉吾艾儿"}]    | { "c7_x" : "กขฃคฅฆงจฉชซฌญฎฏฐฑฒณดตถทธนบปผภฮ" }      | {"c7_y": "กขฃคฅฆงจฉชซฌญฎฏฐฑฒณดตถทธนบปผภฮ"}
 {"べ員葉コ番告7次ノヌ従援かやじり図安ヨ ABCDEFGHIJ"}                        | [{"f1":"c3_x","f2":"べ員葉コ番告7次ノヌ従援かやじり図安ヨ"}] | [{"f1": "c3_y", "f2": "べ員葉コ番告7次ノヌ従援かやじり図安ヨ"}] | { "c7_x" : "ABCDEFGHIJ" }                          | {"c7_y": "ABCDEFGHIJ"}
 {"敷ヘカウ告政ヨハツヤ消70者32精楽ざ กระทะ Cái chảo"}                       | [{"f1":"c3_x","f2":"敷ヘカウ告政ヨハツヤ消70者32精楽ざ"}]    | [{"f1": "c3_y", "f2": "敷ヘカウ告政ヨハツヤ消70者32精楽ざ"}]    | { "c7_x" : "กระทะ Cái chảo" }                      | {"c7_y": "กระทะ Cái chảo"}
 {"Thequickbrownfoxjumpsoverthelazydog 友達と会うので遅刻した 鍋 сковорода"} | [{"f1":"c3_x","f2":"Thequickbrownfoxjumpsoverthelazydog"}]   | [{"f1": "c3_y", "f2": "Thequickbrownfoxjumpsoverthelazydog"}]   | { "c7_x" : "友達と会うので遅刻した 鍋 сковорода" } | {"c7_y": "友達と会うので遅刻した 鍋 сковорода"}
(6 rows)

--Testcase 307:
EXPLAIN VERBOSE SELECT string_agg(c3, ' ' ORDER BY c3), string_agg(c7, ' ' ORDER BY c7), c1, c2 FROM tbl01 WHERE c9 >= c8 GROUP BY c1, c2, c8, c9 HAVING c9 >= 0 ORDER BY c1,c2;
                                               QUERY PLAN                                               
--------------------------------------------------------------------------------------------------------
 GroupAggregate  (cost=0.00..0.03 rows=1 width=144)
   Output: string_agg(c3, ' '::text ORDER BY c3), string_agg(c7, ' '::text ORDER BY c7), c1, c2, c8, c9
   Group Key: tbl01.c1, tbl01.c2, tbl01.c8, tbl01.c9
   ->  Foreign Scan on public.tbl01  (cost=0.00..0.00 rows=1 width=144)
         Output: c1, c2, c8, c9, c3, c7
         Filter: (tbl01.c9 >= (tbl01.c8)::double precision)
         Node: griddb_svr / Status: Alive
           Sort push-down: yes
           Remote SQL: SELECT  *  FROM tbl01 WHERE ((c9 >= 0)) ORDER BY c1 ASC, c2 ASC, c8 ASC, c9 ASC
(9 rows)

--Testcase 308:
SELECT string_agg(c3, ' ' ORDER BY c3), string_agg(c7, ' ' ORDER BY c7), c1, c2 FROM tbl01 WHERE c9 >= c8 GROUP BY c1, c2, c8, c9 HAVING c9 >= 0 ORDER BY c1,c2;
             string_agg             |              string_agg              |   c1   |    c2    
------------------------------------+--------------------------------------+--------+----------
 Ông là nhà văn hiện thực thế kỷ 20 | 4f333df6-90a4-4fda-8dd3-9485d27ceea6 | 32精楽 | красивый
 And to some extent the rendition   | 1,1,1,1,1                            | IKLM   | กขฃคฅ
 Canada Denmark Turkey Yemen Tokyo  | 7次ノヌ,ノヌ従,援かや                | บปผภ   | 援かや
(3 rows)

--Testcase 309:
EXPLAIN VERBOSE SELECT lower(c1), c2 || c3, string_agg(c3, c7) FROM tbl01 WHERE c8-c9 != 0 GROUP BY c1, c2, c3, c4, c5 HAVING c4 - c5 > 0 ORDER BY c1, c2, c3;
                                                                           QUERY PLAN                                                                           
----------------------------------------------------------------------------------------------------------------------------------------------------------------
 GroupAggregate  (cost=0.00..0.03 rows=1 width=200)
   Output: lower(c1), (c2 || c3), string_agg(c3, c7), c1, c2, c3, c4, c5
   Group Key: tbl01.c1, tbl01.c2, tbl01.c3, tbl01.c4, tbl01.c5
   ->  Foreign Scan on public.tbl01  (cost=0.00..0.00 rows=1 width=136)
         Output: c1, c2, c3, c4, c5, c7
         Filter: ((((tbl01.c8)::double precision - tbl01.c9) <> '0'::double precision) AND (((tbl01.c4)::double precision - tbl01.c5) > '0'::double precision))
         Node: griddb_svr / Status: Alive
           Sort push-down: yes
           Remote SQL: SELECT  *  FROM tbl01 ORDER BY c1 ASC, c2 ASC, c3 ASC, c4 ASC, c5 ASC
(9 rows)

--Testcase 310:
SELECT lower(c1), c2 || c3, string_agg(c3, c7) FROM tbl01 WHERE c8-c9 != 0 GROUP BY c1, c2, c3, c4, c5 HAVING c4 - c5 > 0 ORDER BY c1, c2, c3;
   lower    |                   ?column?                    |              string_agg               
------------+-----------------------------------------------+---------------------------------------
 !@#$%      | 7次ノヌIn Bulgarian it is desirable           | In Bulgarian it is desirable
 84udycgsva | brownfo敷ヘカウ告政ヨハツヤ消70者32精楽ざ     | 敷ヘカウ告政ヨハツヤ消70者32精楽ざ
 iklm       | กขฃคฅAnd to some extent the rendition         | And to some extent the rendition
 irelandirn | `~!@#$%^豆贝尔维克斯艾勒艾弗诶比迪吉吾艾儿    | 豆贝尔维克斯艾勒艾弗诶比迪吉吾艾儿
 tyuiyytw   | QyhsgERべ員葉コ番告7次ノヌ従援かやじり図安ヨ  | べ員葉コ番告7次ノヌ従援かやじり図安ヨ
 ăâđêôơưdêđ | êdờenờíìờẹThequickbrownfoxjumpsoverthelazydog | Thequickbrownfoxjumpsoverthelazydog
 บปผภ       | 援かやCanada Denmark Turkey Yemen Tokyo       | Canada Denmark Turkey Yemen Tokyo
(7 rows)


DROP FOREIGN TABLE tbl01__griddb_svr__0;
DROP FOREIGN TABLE tbl01;
DROP USER MAPPING FOR CURRENT_USER SERVER griddb_svr;
DROP USER MAPPING FOR CURRENT_USER SERVER pgspider_core_svr;
DROP SERVER griddb_svr;
DROP SERVER pgspider_core_svr;
DROP EXTENSION griddb_fdw;
DROP EXTENSION pgspider_core_fdw;
